Calling target program-options parser
[14:52:53.492] [bmv2] [D] [thread 23606] Set default default entry for table 'MyIngress.ipv4_lpm': MyIngress.drop - 
[14:52:53.498] [bmv2] [D] [thread 23606] Set default default entry for table 'tbl_act': act - 
[14:52:53.498] [bmv2] [D] [thread 23606] Set default default entry for table 'tbl_basic199': basic199 - 
[14:52:53.498] [bmv2] [D] [thread 23606] Set default default entry for table 'tbl_basic242': basic242 - 
[14:52:53.498] [bmv2] [D] [thread 23606] Set default default entry for table 'tbl_basic247': basic247 - 
[14:52:53.498] [bmv2] [D] [thread 23606] Set default default entry for table 'tbl_basic251': basic251 - 
[14:52:53.498] [bmv2] [D] [thread 23606] Set default default entry for table 'tbl_basic255': basic255 - 
[14:52:53.498] [bmv2] [D] [thread 23606] Set default default entry for table 'tbl_basic259': basic259 - 
[14:52:53.498] [bmv2] [D] [thread 23606] Set default default entry for table 'tbl_basic263': basic263 - 
[14:52:53.498] [bmv2] [D] [thread 23606] Set default default entry for table 'tbl_basic267': basic267 - 
[14:52:53.498] [bmv2] [D] [thread 23606] Set default default entry for table 'tbl_basic271': basic271 - 
[14:52:53.498] [bmv2] [D] [thread 23606] Set default default entry for table 'tbl_basic275': basic275 - 
[14:52:53.498] [bmv2] [D] [thread 23606] Set default default entry for table 'tbl_basic279': basic279 - 
[14:52:53.498] [bmv2] [D] [thread 23606] Set default default entry for table 'tbl_basic283': basic283 - 
[14:52:53.498] [bmv2] [D] [thread 23606] Set default default entry for table 'tbl_basic287': basic287 - 
[14:52:53.498] [bmv2] [D] [thread 23606] Set default default entry for table 'tbl_basic291': basic291 - 
[14:52:53.498] [bmv2] [D] [thread 23606] Set default default entry for table 'tbl_basic295': basic295 - 
[14:52:53.498] [bmv2] [D] [thread 23606] Set default default entry for table 'tbl_basic299': basic299 - 
[14:52:53.499] [bmv2] [D] [thread 23606] Set default default entry for table 'tbl_basic303': basic303 - 
[14:52:53.499] [bmv2] [D] [thread 23606] Set default default entry for table 'tbl_basic307': basic307 - 
[14:52:53.499] [bmv2] [D] [thread 23606] Set default default entry for table 'tbl_basic311': basic311 - 
[14:52:53.499] [bmv2] [D] [thread 23606] Set default default entry for table 'tbl_basic315': basic315 - 
[14:52:53.499] [bmv2] [D] [thread 23606] Set default default entry for table 'tbl_basic319': basic319 - 
[14:52:53.499] [bmv2] [D] [thread 23606] Set default default entry for table 'tbl_basic323': basic323 - 
[14:52:53.499] [bmv2] [D] [thread 23606] Set default default entry for table 'tbl_basic327': basic327 - 
[14:52:53.499] [bmv2] [D] [thread 23606] Set default default entry for table 'tbl_basic331': basic331 - 
[14:52:53.499] [bmv2] [D] [thread 23606] Set default default entry for table 'tbl_basic335': basic335 - 
[14:52:53.499] [bmv2] [D] [thread 23606] Set default default entry for table 'tbl_basic339': basic339 - 
[14:52:53.499] [bmv2] [D] [thread 23606] Set default default entry for table 'tbl_basic343': basic343 - 
[14:52:53.499] [bmv2] [D] [thread 23606] Set default default entry for table 'tbl_basic347': basic347 - 
[14:52:53.499] [bmv2] [D] [thread 23606] Set default default entry for table 'tbl_basic351': basic351 - 
[14:52:53.499] [bmv2] [D] [thread 23606] Set default default entry for table 'tbl_basic355': basic355 - 
[14:52:53.499] [bmv2] [D] [thread 23606] Set default default entry for table 'tbl_basic359': basic359 - 
[14:52:53.499] [bmv2] [D] [thread 23606] Set default default entry for table 'tbl_basic363': basic363 - 
[14:52:53.499] [bmv2] [D] [thread 23606] Set default default entry for table 'tbl_basic367': basic367 - 
[14:52:53.499] [bmv2] [D] [thread 23606] Set default default entry for table 'tbl_basic372': basic372 - 
[14:52:53.499] [bmv2] [D] [thread 23606] Set default default entry for table 'tbl_basic375': basic375 - 
[14:52:53.499] [bmv2] [D] [thread 23606] Set default default entry for table 'MyEgress.tvf': MyEgress.set_label - 0,
[14:52:53.499] [bmv2] [D] [thread 23606] Entry 0 added to table 'MyEgress.tvf'
[14:52:53.499] [bmv2] [D] [thread 23606] Dumping entry 0
Match key:
* hdr.ppvr.tp         : RANGE     00000000 -> 000000fa
Priority: 1
Action entry: MyEgress.set_label - a,

[14:52:53.499] [bmv2] [D] [thread 23606] Entry 1 added to table 'MyEgress.tvf'
[14:52:53.499] [bmv2] [D] [thread 23606] Dumping entry 1
Match key:
* hdr.ppvr.tp         : RANGE     000000fa -> 000001f4
Priority: 2
Action entry: MyEgress.set_label - 9,

[14:52:53.499] [bmv2] [D] [thread 23606] Entry 2 added to table 'MyEgress.tvf'
[14:52:53.499] [bmv2] [D] [thread 23606] Dumping entry 2
Match key:
* hdr.ppvr.tp         : RANGE     000001f4 -> 000002ee
Priority: 3
Action entry: MyEgress.set_label - 8,

[14:52:53.499] [bmv2] [D] [thread 23606] Entry 3 added to table 'MyEgress.tvf'
[14:52:53.499] [bmv2] [D] [thread 23606] Dumping entry 3
Match key:
* hdr.ppvr.tp         : RANGE     000002ee -> 000003e8
Priority: 4
Action entry: MyEgress.set_label - 7,

[14:52:53.499] [bmv2] [D] [thread 23606] Entry 4 added to table 'MyEgress.tvf'
[14:52:53.499] [bmv2] [D] [thread 23606] Dumping entry 4
Match key:
* hdr.ppvr.tp         : RANGE     000003e8 -> 000004e2
Priority: 5
Action entry: MyEgress.set_label - 6,

[14:52:53.499] [bmv2] [D] [thread 23606] Entry 5 added to table 'MyEgress.tvf'
[14:52:53.499] [bmv2] [D] [thread 23606] Dumping entry 5
Match key:
* hdr.ppvr.tp         : RANGE     000004e2 -> 000005dc
Priority: 6
Action entry: MyEgress.set_label - 5,

[14:52:53.499] [bmv2] [D] [thread 23606] Entry 6 added to table 'MyEgress.tvf'
[14:52:53.499] [bmv2] [D] [thread 23606] Dumping entry 6
Match key:
* hdr.ppvr.tp         : RANGE     000005dc -> 000006d6
Priority: 7
Action entry: MyEgress.set_label - 4,

[14:52:53.499] [bmv2] [D] [thread 23606] Entry 7 added to table 'MyEgress.tvf'
[14:52:53.499] [bmv2] [D] [thread 23606] Dumping entry 7
Match key:
* hdr.ppvr.tp         : RANGE     000006d6 -> 000007d0
Priority: 8
Action entry: MyEgress.set_label - 3,

[14:52:53.500] [bmv2] [D] [thread 23606] Entry 8 added to table 'MyEgress.tvf'
[14:52:53.500] [bmv2] [D] [thread 23606] Dumping entry 8
Match key:
* hdr.ppvr.tp         : RANGE     000008ca -> 000009c4
Priority: 9
Action entry: MyEgress.set_label - 2,

[14:52:53.500] [bmv2] [D] [thread 23606] Entry 9 added to table 'MyEgress.tvf'
[14:52:53.500] [bmv2] [D] [thread 23606] Dumping entry 9
Match key:
* hdr.ppvr.tp         : RANGE     000009c4 -> 00000abe
Priority: 10
Action entry: MyEgress.set_label - 1,

Adding interface s2-eth1 as port 1
[14:52:53.504] [bmv2] [D] [thread 23606] Adding interface s2-eth1 as port 1
Adding interface s2-eth2 as port 2
[14:52:53.546] [bmv2] [D] [thread 23606] Adding interface s2-eth2 as port 2
Adding interface s2-eth3 as port 3
[14:52:53.578] [bmv2] [D] [thread 23606] Adding interface s2-eth3 as port 3
Adding interface s2-eth4 as port 4
[14:52:53.614] [bmv2] [D] [thread 23606] Adding interface s2-eth4 as port 4
Server listening on 0.0.0.0:50052
[14:52:53.671] [bmv2] [I] [thread 23606] Starting Thrift server on port 9091
[14:52:53.671] [bmv2] [I] [thread 23606] Thrift server was started
[14:52:53.766] [bmv2] [D] [thread 23616] [0.0] [cxt 0] Processing packet received on port 2
[14:52:53.766] [bmv2] [D] [thread 23616] [0.0] [cxt 0] Parser 'parser': start
[14:52:53.766] [bmv2] [D] [thread 23616] [0.0] [cxt 0] Parser 'parser' entering state 'start'
[14:52:53.766] [bmv2] [D] [thread 23616] [0.0] [cxt 0] Extracting header 'ethernet'
[14:52:53.766] [bmv2] [D] [thread 23616] [0.0] [cxt 0] Parser state 'start': key is 86dd
[14:52:53.766] [bmv2] [T] [thread 23616] [0.0] [cxt 0] Bytes parsed: 14
[14:52:53.766] [bmv2] [D] [thread 23616] [0.0] [cxt 0] Parser 'parser': end
[14:52:53.766] [bmv2] [D] [thread 23616] [0.0] [cxt 0] Pipeline 'ingress': start
[14:52:53.766] [bmv2] [T] [thread 23616] [0.0] [cxt 0] basic.p4(139) Condition "hdr.ipv4.isValid()" (node_2) is false
[14:52:53.766] [bmv2] [D] [thread 23616] [0.0] [cxt 0] Pipeline 'ingress': end
[14:52:53.766] [bmv2] [D] [thread 23616] [0.0] [cxt 0] Egress port is 0
[14:52:53.766] [bmv2] [D] [thread 23616] [1.0] [cxt 0] Processing packet received on port 2
[14:52:53.766] [bmv2] [D] [thread 23616] [1.0] [cxt 0] Parser 'parser': start
[14:52:53.766] [bmv2] [D] [thread 23616] [1.0] [cxt 0] Parser 'parser' entering state 'start'
[14:52:53.766] [bmv2] [D] [thread 23616] [1.0] [cxt 0] Extracting header 'ethernet'
[14:52:53.766] [bmv2] [D] [thread 23616] [1.0] [cxt 0] Parser state 'start': key is 86dd
[14:52:53.766] [bmv2] [T] [thread 23616] [1.0] [cxt 0] Bytes parsed: 14
[14:52:53.766] [bmv2] [D] [thread 23616] [1.0] [cxt 0] Parser 'parser': end
[14:52:53.766] [bmv2] [D] [thread 23616] [1.0] [cxt 0] Pipeline 'ingress': start
[14:52:53.766] [bmv2] [T] [thread 23616] [1.0] [cxt 0] basic.p4(139) Condition "hdr.ipv4.isValid()" (node_2) is false
[14:52:53.766] [bmv2] [D] [thread 23616] [1.0] [cxt 0] Pipeline 'ingress': end
[14:52:53.766] [bmv2] [D] [thread 23616] [1.0] [cxt 0] Egress port is 0
[14:52:53.768] [bmv2] [D] [thread 23617] [0.0] [cxt 0] Pipeline 'egress': start
[14:52:53.768] [bmv2] [T] [thread 23617] [0.0] [cxt 0] Applying table 'tbl_act'
[14:52:53.768] [bmv2] [D] [thread 23617] [0.0] [cxt 0] Looking up key:

[14:52:53.768] [bmv2] [D] [thread 23617] [0.0] [cxt 0] Table 'tbl_act': miss
[14:52:53.768] [bmv2] [D] [thread 23617] [0.0] [cxt 0] Action entry is act - 
[14:52:53.768] [bmv2] [T] [thread 23617] [0.0] [cxt 0] Action act
[14:52:53.768] [bmv2] [T] [thread 23617] [0.0] [cxt 0] Primitive (no source info)
[14:52:53.768] [bmv2] [T] [thread 23617] [0.0] [cxt 0] basic.p4(193) Condition "hdr.ppvr.isValid()" (node_7) is false
[14:52:53.768] [bmv2] [D] [thread 23617] [0.0] [cxt 0] Pipeline 'egress': end
[14:52:53.768] [bmv2] [D] [thread 23617] [0.0] [cxt 0] Deparser 'deparser': start
[14:52:53.768] [bmv2] [T] [thread 23617] [0.0] [cxt 0] Skipping checksum 'cksum' update because condition not met
[14:52:53.768] [bmv2] [D] [thread 23617] [0.0] [cxt 0] Deparsing header 'ethernet'
[14:52:53.768] [bmv2] [D] [thread 23617] [0.0] [cxt 0] Deparser 'deparser': end
[14:52:53.768] [bmv2] [D] [thread 23617] [1.0] [cxt 0] Pipeline 'egress': start
[14:52:53.768] [bmv2] [T] [thread 23617] [1.0] [cxt 0] Applying table 'tbl_act'
[14:52:53.768] [bmv2] [D] [thread 23617] [1.0] [cxt 0] Looking up key:

[14:52:53.768] [bmv2] [D] [thread 23617] [1.0] [cxt 0] Table 'tbl_act': miss
[14:52:53.768] [bmv2] [D] [thread 23617] [1.0] [cxt 0] Action entry is act - 
[14:52:53.768] [bmv2] [T] [thread 23617] [1.0] [cxt 0] Action act
[14:52:53.768] [bmv2] [T] [thread 23617] [1.0] [cxt 0] Primitive (no source info)
[14:52:53.768] [bmv2] [T] [thread 23617] [1.0] [cxt 0] basic.p4(193) Condition "hdr.ppvr.isValid()" (node_7) is false
[14:52:53.768] [bmv2] [D] [thread 23617] [1.0] [cxt 0] Pipeline 'egress': end
[14:52:53.768] [bmv2] [D] [thread 23617] [1.0] [cxt 0] Deparser 'deparser': start
[14:52:53.768] [bmv2] [T] [thread 23617] [1.0] [cxt 0] Skipping checksum 'cksum' update because condition not met
[14:52:53.768] [bmv2] [D] [thread 23617] [1.0] [cxt 0] Deparsing header 'ethernet'
[14:52:53.768] [bmv2] [D] [thread 23617] [1.0] [cxt 0] Deparser 'deparser': end
[14:52:53.768] [bmv2] [D] [thread 23621] [0.0] [cxt 0] Transmitting packet of size 90 out of port 0
[14:52:53.768] [bmv2] [D] [thread 23621] [1.0] [cxt 0] Transmitting packet of size 70 out of port 0
[14:52:53.988] [bmv2] [D] [thread 23616] [2.0] [cxt 0] Processing packet received on port 3
[14:52:53.988] [bmv2] [D] [thread 23616] [2.0] [cxt 0] Parser 'parser': start
[14:52:53.988] [bmv2] [D] [thread 23616] [2.0] [cxt 0] Parser 'parser' entering state 'start'
[14:52:53.988] [bmv2] [D] [thread 23616] [2.0] [cxt 0] Extracting header 'ethernet'
[14:52:53.988] [bmv2] [D] [thread 23616] [2.0] [cxt 0] Parser state 'start': key is 86dd
[14:52:53.988] [bmv2] [T] [thread 23616] [2.0] [cxt 0] Bytes parsed: 14
[14:52:53.988] [bmv2] [D] [thread 23616] [2.0] [cxt 0] Parser 'parser': end
[14:52:53.988] [bmv2] [D] [thread 23616] [2.0] [cxt 0] Pipeline 'ingress': start
[14:52:53.988] [bmv2] [T] [thread 23616] [2.0] [cxt 0] basic.p4(139) Condition "hdr.ipv4.isValid()" (node_2) is false
[14:52:53.988] [bmv2] [D] [thread 23616] [2.0] [cxt 0] Pipeline 'ingress': end
[14:52:53.988] [bmv2] [D] [thread 23616] [2.0] [cxt 0] Egress port is 0
[14:52:53.988] [bmv2] [D] [thread 23616] [3.0] [cxt 0] Processing packet received on port 3
[14:52:53.988] [bmv2] [D] [thread 23616] [3.0] [cxt 0] Parser 'parser': start
[14:52:53.988] [bmv2] [D] [thread 23616] [3.0] [cxt 0] Parser 'parser' entering state 'start'
[14:52:53.988] [bmv2] [D] [thread 23616] [3.0] [cxt 0] Extracting header 'ethernet'
[14:52:53.988] [bmv2] [D] [thread 23616] [3.0] [cxt 0] Parser state 'start': key is 86dd
[14:52:53.988] [bmv2] [T] [thread 23616] [3.0] [cxt 0] Bytes parsed: 14
[14:52:53.988] [bmv2] [D] [thread 23616] [3.0] [cxt 0] Parser 'parser': end
[14:52:53.988] [bmv2] [D] [thread 23616] [3.0] [cxt 0] Pipeline 'ingress': start
[14:52:53.988] [bmv2] [T] [thread 23616] [3.0] [cxt 0] basic.p4(139) Condition "hdr.ipv4.isValid()" (node_2) is false
[14:52:53.988] [bmv2] [D] [thread 23616] [3.0] [cxt 0] Pipeline 'ingress': end
[14:52:53.988] [bmv2] [D] [thread 23616] [3.0] [cxt 0] Egress port is 0
[14:52:53.989] [bmv2] [D] [thread 23617] [2.0] [cxt 0] Pipeline 'egress': start
[14:52:53.989] [bmv2] [T] [thread 23617] [2.0] [cxt 0] Applying table 'tbl_act'
[14:52:53.990] [bmv2] [D] [thread 23617] [2.0] [cxt 0] Looking up key:

[14:52:53.990] [bmv2] [D] [thread 23617] [2.0] [cxt 0] Table 'tbl_act': miss
[14:52:53.990] [bmv2] [D] [thread 23617] [2.0] [cxt 0] Action entry is act - 
[14:52:53.990] [bmv2] [T] [thread 23617] [2.0] [cxt 0] Action act
[14:52:53.990] [bmv2] [T] [thread 23617] [2.0] [cxt 0] Primitive (no source info)
[14:52:53.990] [bmv2] [T] [thread 23617] [2.0] [cxt 0] basic.p4(193) Condition "hdr.ppvr.isValid()" (node_7) is false
[14:52:53.990] [bmv2] [D] [thread 23617] [2.0] [cxt 0] Pipeline 'egress': end
[14:52:53.990] [bmv2] [D] [thread 23617] [2.0] [cxt 0] Deparser 'deparser': start
[14:52:53.990] [bmv2] [T] [thread 23617] [2.0] [cxt 0] Skipping checksum 'cksum' update because condition not met
[14:52:53.990] [bmv2] [D] [thread 23617] [2.0] [cxt 0] Deparsing header 'ethernet'
[14:52:53.990] [bmv2] [D] [thread 23617] [2.0] [cxt 0] Deparser 'deparser': end
[14:52:53.990] [bmv2] [D] [thread 23617] [3.0] [cxt 0] Pipeline 'egress': start
[14:52:53.990] [bmv2] [T] [thread 23617] [3.0] [cxt 0] Applying table 'tbl_act'
[14:52:53.990] [bmv2] [D] [thread 23617] [3.0] [cxt 0] Looking up key:

[14:52:53.990] [bmv2] [D] [thread 23617] [3.0] [cxt 0] Table 'tbl_act': miss
[14:52:53.990] [bmv2] [D] [thread 23617] [3.0] [cxt 0] Action entry is act - 
[14:52:53.990] [bmv2] [T] [thread 23617] [3.0] [cxt 0] Action act
[14:52:53.990] [bmv2] [T] [thread 23617] [3.0] [cxt 0] Primitive (no source info)
[14:52:53.990] [bmv2] [T] [thread 23617] [3.0] [cxt 0] basic.p4(193) Condition "hdr.ppvr.isValid()" (node_7) is false
[14:52:53.990] [bmv2] [D] [thread 23617] [3.0] [cxt 0] Pipeline 'egress': end
[14:52:53.990] [bmv2] [D] [thread 23617] [3.0] [cxt 0] Deparser 'deparser': start
[14:52:53.990] [bmv2] [T] [thread 23617] [3.0] [cxt 0] Skipping checksum 'cksum' update because condition not met
[14:52:53.990] [bmv2] [D] [thread 23617] [3.0] [cxt 0] Deparsing header 'ethernet'
[14:52:53.990] [bmv2] [D] [thread 23617] [3.0] [cxt 0] Deparser 'deparser': end
[14:52:53.990] [bmv2] [D] [thread 23621] [2.0] [cxt 0] Transmitting packet of size 90 out of port 0
[14:52:53.990] [bmv2] [D] [thread 23621] [3.0] [cxt 0] Transmitting packet of size 70 out of port 0
[14:52:54.005] [bmv2] [D] [thread 23616] [4.0] [cxt 0] Processing packet received on port 2
[14:52:54.005] [bmv2] [D] [thread 23616] [4.0] [cxt 0] Parser 'parser': start
[14:52:54.005] [bmv2] [D] [thread 23616] [4.0] [cxt 0] Parser 'parser' entering state 'start'
[14:52:54.005] [bmv2] [D] [thread 23616] [4.0] [cxt 0] Extracting header 'ethernet'
[14:52:54.005] [bmv2] [D] [thread 23616] [4.0] [cxt 0] Parser state 'start': key is 86dd
[14:52:54.005] [bmv2] [T] [thread 23616] [4.0] [cxt 0] Bytes parsed: 14
[14:52:54.005] [bmv2] [D] [thread 23616] [4.0] [cxt 0] Parser 'parser': end
[14:52:54.005] [bmv2] [D] [thread 23616] [4.0] [cxt 0] Pipeline 'ingress': start
[14:52:54.005] [bmv2] [T] [thread 23616] [4.0] [cxt 0] basic.p4(139) Condition "hdr.ipv4.isValid()" (node_2) is false
[14:52:54.005] [bmv2] [D] [thread 23616] [4.0] [cxt 0] Pipeline 'ingress': end
[14:52:54.006] [bmv2] [D] [thread 23616] [4.0] [cxt 0] Egress port is 0
[14:52:54.006] [bmv2] [D] [thread 23617] [4.0] [cxt 0] Pipeline 'egress': start
[14:52:54.006] [bmv2] [T] [thread 23617] [4.0] [cxt 0] Applying table 'tbl_act'
[14:52:54.006] [bmv2] [D] [thread 23617] [4.0] [cxt 0] Looking up key:

[14:52:54.006] [bmv2] [D] [thread 23617] [4.0] [cxt 0] Table 'tbl_act': miss
[14:52:54.006] [bmv2] [D] [thread 23617] [4.0] [cxt 0] Action entry is act - 
[14:52:54.006] [bmv2] [T] [thread 23617] [4.0] [cxt 0] Action act
[14:52:54.006] [bmv2] [T] [thread 23617] [4.0] [cxt 0] Primitive (no source info)
[14:52:54.006] [bmv2] [T] [thread 23617] [4.0] [cxt 0] basic.p4(193) Condition "hdr.ppvr.isValid()" (node_7) is false
[14:52:54.006] [bmv2] [D] [thread 23617] [4.0] [cxt 0] Pipeline 'egress': end
[14:52:54.006] [bmv2] [D] [thread 23617] [4.0] [cxt 0] Deparser 'deparser': start
[14:52:54.006] [bmv2] [T] [thread 23617] [4.0] [cxt 0] Skipping checksum 'cksum' update because condition not met
[14:52:54.006] [bmv2] [D] [thread 23617] [4.0] [cxt 0] Deparsing header 'ethernet'
[14:52:54.006] [bmv2] [D] [thread 23617] [4.0] [cxt 0] Deparser 'deparser': end
[14:52:54.006] [bmv2] [D] [thread 23621] [4.0] [cxt 0] Transmitting packet of size 90 out of port 0
[14:52:54.146] [bmv2] [D] [thread 23616] [5.0] [cxt 0] Processing packet received on port 4
[14:52:54.146] [bmv2] [D] [thread 23616] [5.0] [cxt 0] Parser 'parser': start
[14:52:54.146] [bmv2] [D] [thread 23616] [5.0] [cxt 0] Parser 'parser' entering state 'start'
[14:52:54.146] [bmv2] [D] [thread 23616] [5.0] [cxt 0] Extracting header 'ethernet'
[14:52:54.146] [bmv2] [D] [thread 23616] [5.0] [cxt 0] Parser state 'start': key is 86dd
[14:52:54.146] [bmv2] [T] [thread 23616] [5.0] [cxt 0] Bytes parsed: 14
[14:52:54.146] [bmv2] [D] [thread 23616] [5.0] [cxt 0] Parser 'parser': end
[14:52:54.146] [bmv2] [D] [thread 23616] [5.0] [cxt 0] Pipeline 'ingress': start
[14:52:54.146] [bmv2] [T] [thread 23616] [5.0] [cxt 0] basic.p4(139) Condition "hdr.ipv4.isValid()" (node_2) is false
[14:52:54.146] [bmv2] [D] [thread 23616] [5.0] [cxt 0] Pipeline 'ingress': end
[14:52:54.146] [bmv2] [D] [thread 23616] [5.0] [cxt 0] Egress port is 0
[14:52:54.146] [bmv2] [D] [thread 23617] [5.0] [cxt 0] Pipeline 'egress': start
[14:52:54.146] [bmv2] [T] [thread 23617] [5.0] [cxt 0] Applying table 'tbl_act'
[14:52:54.146] [bmv2] [D] [thread 23617] [5.0] [cxt 0] Looking up key:

[14:52:54.146] [bmv2] [D] [thread 23617] [5.0] [cxt 0] Table 'tbl_act': miss
[14:52:54.146] [bmv2] [D] [thread 23617] [5.0] [cxt 0] Action entry is act - 
[14:52:54.146] [bmv2] [T] [thread 23617] [5.0] [cxt 0] Action act
[14:52:54.146] [bmv2] [T] [thread 23617] [5.0] [cxt 0] Primitive (no source info)
[14:52:54.146] [bmv2] [T] [thread 23617] [5.0] [cxt 0] basic.p4(193) Condition "hdr.ppvr.isValid()" (node_7) is false
[14:52:54.146] [bmv2] [D] [thread 23617] [5.0] [cxt 0] Pipeline 'egress': end
[14:52:54.146] [bmv2] [D] [thread 23617] [5.0] [cxt 0] Deparser 'deparser': start
[14:52:54.146] [bmv2] [T] [thread 23617] [5.0] [cxt 0] Skipping checksum 'cksum' update because condition not met
[14:52:54.146] [bmv2] [D] [thread 23617] [5.0] [cxt 0] Deparsing header 'ethernet'
[14:52:54.146] [bmv2] [D] [thread 23617] [5.0] [cxt 0] Deparser 'deparser': end
[14:52:54.146] [bmv2] [D] [thread 23621] [5.0] [cxt 0] Transmitting packet of size 90 out of port 0
[14:52:54.178] [bmv2] [D] [thread 23616] [6.0] [cxt 0] Processing packet received on port 1
[14:52:54.178] [bmv2] [D] [thread 23616] [6.0] [cxt 0] Parser 'parser': start
[14:52:54.178] [bmv2] [D] [thread 23616] [6.0] [cxt 0] Parser 'parser' entering state 'start'
[14:52:54.178] [bmv2] [D] [thread 23616] [6.0] [cxt 0] Extracting header 'ethernet'
[14:52:54.178] [bmv2] [D] [thread 23616] [6.0] [cxt 0] Parser state 'start': key is 86dd
[14:52:54.178] [bmv2] [T] [thread 23616] [6.0] [cxt 0] Bytes parsed: 14
[14:52:54.178] [bmv2] [D] [thread 23616] [6.0] [cxt 0] Parser 'parser': end
[14:52:54.178] [bmv2] [D] [thread 23616] [6.0] [cxt 0] Pipeline 'ingress': start
[14:52:54.178] [bmv2] [T] [thread 23616] [6.0] [cxt 0] basic.p4(139) Condition "hdr.ipv4.isValid()" (node_2) is false
[14:52:54.178] [bmv2] [D] [thread 23616] [6.0] [cxt 0] Pipeline 'ingress': end
[14:52:54.178] [bmv2] [D] [thread 23616] [6.0] [cxt 0] Egress port is 0
[14:52:54.178] [bmv2] [D] [thread 23617] [6.0] [cxt 0] Pipeline 'egress': start
[14:52:54.178] [bmv2] [T] [thread 23617] [6.0] [cxt 0] Applying table 'tbl_act'
[14:52:54.178] [bmv2] [D] [thread 23617] [6.0] [cxt 0] Looking up key:

[14:52:54.178] [bmv2] [D] [thread 23617] [6.0] [cxt 0] Table 'tbl_act': miss
[14:52:54.178] [bmv2] [D] [thread 23617] [6.0] [cxt 0] Action entry is act - 
[14:52:54.178] [bmv2] [T] [thread 23617] [6.0] [cxt 0] Action act
[14:52:54.178] [bmv2] [T] [thread 23617] [6.0] [cxt 0] Primitive (no source info)
[14:52:54.178] [bmv2] [T] [thread 23617] [6.0] [cxt 0] basic.p4(193) Condition "hdr.ppvr.isValid()" (node_7) is false
[14:52:54.178] [bmv2] [D] [thread 23617] [6.0] [cxt 0] Pipeline 'egress': end
[14:52:54.178] [bmv2] [D] [thread 23617] [6.0] [cxt 0] Deparser 'deparser': start
[14:52:54.178] [bmv2] [T] [thread 23617] [6.0] [cxt 0] Skipping checksum 'cksum' update because condition not met
[14:52:54.178] [bmv2] [D] [thread 23617] [6.0] [cxt 0] Deparsing header 'ethernet'
[14:52:54.178] [bmv2] [D] [thread 23617] [6.0] [cxt 0] Deparser 'deparser': end
[14:52:54.178] [bmv2] [D] [thread 23621] [6.0] [cxt 0] Transmitting packet of size 90 out of port 0
[14:52:54.309] [bmv2] [D] [thread 23616] [7.0] [cxt 0] Processing packet received on port 3
[14:52:54.309] [bmv2] [D] [thread 23616] [7.0] [cxt 0] Parser 'parser': start
[14:52:54.309] [bmv2] [D] [thread 23616] [7.0] [cxt 0] Parser 'parser' entering state 'start'
[14:52:54.309] [bmv2] [D] [thread 23616] [7.0] [cxt 0] Extracting header 'ethernet'
[14:52:54.309] [bmv2] [D] [thread 23616] [7.0] [cxt 0] Parser state 'start': key is 86dd
[14:52:54.309] [bmv2] [T] [thread 23616] [7.0] [cxt 0] Bytes parsed: 14
[14:52:54.309] [bmv2] [D] [thread 23616] [7.0] [cxt 0] Parser 'parser': end
[14:52:54.309] [bmv2] [D] [thread 23616] [7.0] [cxt 0] Pipeline 'ingress': start
[14:52:54.309] [bmv2] [T] [thread 23616] [7.0] [cxt 0] basic.p4(139) Condition "hdr.ipv4.isValid()" (node_2) is false
[14:52:54.309] [bmv2] [D] [thread 23616] [7.0] [cxt 0] Pipeline 'ingress': end
[14:52:54.309] [bmv2] [D] [thread 23616] [7.0] [cxt 0] Egress port is 0
[14:52:54.309] [bmv2] [D] [thread 23616] [8.0] [cxt 0] Processing packet received on port 3
[14:52:54.309] [bmv2] [D] [thread 23616] [8.0] [cxt 0] Parser 'parser': start
[14:52:54.309] [bmv2] [D] [thread 23616] [8.0] [cxt 0] Parser 'parser' entering state 'start'
[14:52:54.309] [bmv2] [D] [thread 23616] [8.0] [cxt 0] Extracting header 'ethernet'
[14:52:54.309] [bmv2] [D] [thread 23616] [8.0] [cxt 0] Parser state 'start': key is 86dd
[14:52:54.309] [bmv2] [T] [thread 23616] [8.0] [cxt 0] Bytes parsed: 14
[14:52:54.309] [bmv2] [D] [thread 23616] [8.0] [cxt 0] Parser 'parser': end
[14:52:54.309] [bmv2] [D] [thread 23616] [8.0] [cxt 0] Pipeline 'ingress': start
[14:52:54.309] [bmv2] [T] [thread 23616] [8.0] [cxt 0] basic.p4(139) Condition "hdr.ipv4.isValid()" (node_2) is false
[14:52:54.309] [bmv2] [D] [thread 23616] [8.0] [cxt 0] Pipeline 'ingress': end
[14:52:54.309] [bmv2] [D] [thread 23616] [8.0] [cxt 0] Egress port is 0
[14:52:54.309] [bmv2] [D] [thread 23617] [7.0] [cxt 0] Pipeline 'egress': start
[14:52:54.309] [bmv2] [T] [thread 23617] [7.0] [cxt 0] Applying table 'tbl_act'
[14:52:54.309] [bmv2] [D] [thread 23617] [7.0] [cxt 0] Looking up key:

[14:52:54.309] [bmv2] [D] [thread 23617] [7.0] [cxt 0] Table 'tbl_act': miss
[14:52:54.309] [bmv2] [D] [thread 23617] [7.0] [cxt 0] Action entry is act - 
[14:52:54.309] [bmv2] [T] [thread 23617] [7.0] [cxt 0] Action act
[14:52:54.309] [bmv2] [T] [thread 23617] [7.0] [cxt 0] Primitive (no source info)
[14:52:54.309] [bmv2] [T] [thread 23617] [7.0] [cxt 0] basic.p4(193) Condition "hdr.ppvr.isValid()" (node_7) is false
[14:52:54.309] [bmv2] [D] [thread 23617] [7.0] [cxt 0] Pipeline 'egress': end
[14:52:54.309] [bmv2] [D] [thread 23617] [7.0] [cxt 0] Deparser 'deparser': start
[14:52:54.309] [bmv2] [T] [thread 23617] [7.0] [cxt 0] Skipping checksum 'cksum' update because condition not met
[14:52:54.309] [bmv2] [D] [thread 23617] [7.0] [cxt 0] Deparsing header 'ethernet'
[14:52:54.309] [bmv2] [D] [thread 23617] [7.0] [cxt 0] Deparser 'deparser': end
[14:52:54.309] [bmv2] [D] [thread 23617] [8.0] [cxt 0] Pipeline 'egress': start
[14:52:54.309] [bmv2] [T] [thread 23617] [8.0] [cxt 0] Applying table 'tbl_act'
[14:52:54.309] [bmv2] [D] [thread 23617] [8.0] [cxt 0] Looking up key:

[14:52:54.309] [bmv2] [D] [thread 23617] [8.0] [cxt 0] Table 'tbl_act': miss
[14:52:54.310] [bmv2] [D] [thread 23617] [8.0] [cxt 0] Action entry is act - 
[14:52:54.310] [bmv2] [T] [thread 23617] [8.0] [cxt 0] Action act
[14:52:54.310] [bmv2] [T] [thread 23617] [8.0] [cxt 0] Primitive (no source info)
[14:52:54.310] [bmv2] [T] [thread 23617] [8.0] [cxt 0] basic.p4(193) Condition "hdr.ppvr.isValid()" (node_7) is false
[14:52:54.310] [bmv2] [D] [thread 23617] [8.0] [cxt 0] Pipeline 'egress': end
[14:52:54.310] [bmv2] [D] [thread 23617] [8.0] [cxt 0] Deparser 'deparser': start
[14:52:54.310] [bmv2] [T] [thread 23617] [8.0] [cxt 0] Skipping checksum 'cksum' update because condition not met
[14:52:54.310] [bmv2] [D] [thread 23617] [8.0] [cxt 0] Deparsing header 'ethernet'
[14:52:54.310] [bmv2] [D] [thread 23617] [8.0] [cxt 0] Deparser 'deparser': end
[14:52:54.310] [bmv2] [D] [thread 23621] [7.0] [cxt 0] Transmitting packet of size 90 out of port 0
[14:52:54.310] [bmv2] [D] [thread 23621] [8.0] [cxt 0] Transmitting packet of size 70 out of port 0
[14:52:54.439] [bmv2] [D] [thread 23616] [9.0] [cxt 0] Processing packet received on port 4
[14:52:54.439] [bmv2] [D] [thread 23616] [9.0] [cxt 0] Parser 'parser': start
[14:52:54.439] [bmv2] [D] [thread 23616] [9.0] [cxt 0] Parser 'parser' entering state 'start'
[14:52:54.439] [bmv2] [D] [thread 23616] [9.0] [cxt 0] Extracting header 'ethernet'
[14:52:54.439] [bmv2] [D] [thread 23616] [9.0] [cxt 0] Parser state 'start': key is 86dd
[14:52:54.439] [bmv2] [T] [thread 23616] [9.0] [cxt 0] Bytes parsed: 14
[14:52:54.439] [bmv2] [D] [thread 23616] [9.0] [cxt 0] Parser 'parser': end
[14:52:54.439] [bmv2] [D] [thread 23616] [9.0] [cxt 0] Pipeline 'ingress': start
[14:52:54.439] [bmv2] [T] [thread 23616] [9.0] [cxt 0] basic.p4(139) Condition "hdr.ipv4.isValid()" (node_2) is false
[14:52:54.439] [bmv2] [D] [thread 23616] [9.0] [cxt 0] Pipeline 'ingress': end
[14:52:54.439] [bmv2] [D] [thread 23616] [9.0] [cxt 0] Egress port is 0
[14:52:54.439] [bmv2] [D] [thread 23616] [10.0] [cxt 0] Processing packet received on port 4
[14:52:54.439] [bmv2] [D] [thread 23616] [10.0] [cxt 0] Parser 'parser': start
[14:52:54.439] [bmv2] [D] [thread 23616] [10.0] [cxt 0] Parser 'parser' entering state 'start'
[14:52:54.439] [bmv2] [D] [thread 23616] [10.0] [cxt 0] Extracting header 'ethernet'
[14:52:54.439] [bmv2] [D] [thread 23616] [10.0] [cxt 0] Parser state 'start': key is 86dd
[14:52:54.439] [bmv2] [T] [thread 23616] [10.0] [cxt 0] Bytes parsed: 14
[14:52:54.439] [bmv2] [D] [thread 23616] [10.0] [cxt 0] Parser 'parser': end
[14:52:54.439] [bmv2] [D] [thread 23616] [10.0] [cxt 0] Pipeline 'ingress': start
[14:52:54.440] [bmv2] [T] [thread 23616] [10.0] [cxt 0] basic.p4(139) Condition "hdr.ipv4.isValid()" (node_2) is false
[14:52:54.440] [bmv2] [D] [thread 23616] [10.0] [cxt 0] Pipeline 'ingress': end
[14:52:54.440] [bmv2] [D] [thread 23616] [10.0] [cxt 0] Egress port is 0
[14:52:54.444] [bmv2] [D] [thread 23617] [9.0] [cxt 0] Pipeline 'egress': start
[14:52:54.444] [bmv2] [T] [thread 23617] [9.0] [cxt 0] Applying table 'tbl_act'
[14:52:54.444] [bmv2] [D] [thread 23617] [9.0] [cxt 0] Looking up key:

[14:52:54.444] [bmv2] [D] [thread 23617] [9.0] [cxt 0] Table 'tbl_act': miss
[14:52:54.444] [bmv2] [D] [thread 23617] [9.0] [cxt 0] Action entry is act - 
[14:52:54.444] [bmv2] [T] [thread 23617] [9.0] [cxt 0] Action act
[14:52:54.444] [bmv2] [T] [thread 23617] [9.0] [cxt 0] Primitive (no source info)
[14:52:54.444] [bmv2] [T] [thread 23617] [9.0] [cxt 0] basic.p4(193) Condition "hdr.ppvr.isValid()" (node_7) is false
[14:52:54.444] [bmv2] [D] [thread 23617] [9.0] [cxt 0] Pipeline 'egress': end
[14:52:54.444] [bmv2] [D] [thread 23617] [9.0] [cxt 0] Deparser 'deparser': start
[14:52:54.444] [bmv2] [T] [thread 23617] [9.0] [cxt 0] Skipping checksum 'cksum' update because condition not met
[14:52:54.444] [bmv2] [D] [thread 23617] [9.0] [cxt 0] Deparsing header 'ethernet'
[14:52:54.444] [bmv2] [D] [thread 23617] [9.0] [cxt 0] Deparser 'deparser': end
[14:52:54.444] [bmv2] [D] [thread 23617] [10.0] [cxt 0] Pipeline 'egress': start
[14:52:54.444] [bmv2] [T] [thread 23617] [10.0] [cxt 0] Applying table 'tbl_act'
[14:52:54.444] [bmv2] [D] [thread 23617] [10.0] [cxt 0] Looking up key:

[14:52:54.444] [bmv2] [D] [thread 23617] [10.0] [cxt 0] Table 'tbl_act': miss
[14:52:54.444] [bmv2] [D] [thread 23617] [10.0] [cxt 0] Action entry is act - 
[14:52:54.444] [bmv2] [T] [thread 23617] [10.0] [cxt 0] Action act
[14:52:54.444] [bmv2] [T] [thread 23617] [10.0] [cxt 0] Primitive (no source info)
[14:52:54.444] [bmv2] [T] [thread 23617] [10.0] [cxt 0] basic.p4(193) Condition "hdr.ppvr.isValid()" (node_7) is false
[14:52:54.444] [bmv2] [D] [thread 23617] [10.0] [cxt 0] Pipeline 'egress': end
[14:52:54.444] [bmv2] [D] [thread 23617] [10.0] [cxt 0] Deparser 'deparser': start
[14:52:54.444] [bmv2] [T] [thread 23617] [10.0] [cxt 0] Skipping checksum 'cksum' update because condition not met
[14:52:54.444] [bmv2] [D] [thread 23617] [10.0] [cxt 0] Deparsing header 'ethernet'
[14:52:54.444] [bmv2] [D] [thread 23617] [10.0] [cxt 0] Deparser 'deparser': end
[14:52:54.444] [bmv2] [D] [thread 23621] [9.0] [cxt 0] Transmitting packet of size 90 out of port 0
[14:52:54.444] [bmv2] [D] [thread 23621] [10.0] [cxt 0] Transmitting packet of size 70 out of port 0
[14:52:54.531] [bmv2] [D] [thread 23616] [11.0] [cxt 0] Processing packet received on port 3
[14:52:54.531] [bmv2] [D] [thread 23616] [11.0] [cxt 0] Parser 'parser': start
[14:52:54.531] [bmv2] [D] [thread 23616] [11.0] [cxt 0] Parser 'parser' entering state 'start'
[14:52:54.531] [bmv2] [D] [thread 23616] [11.0] [cxt 0] Extracting header 'ethernet'
[14:52:54.531] [bmv2] [D] [thread 23616] [11.0] [cxt 0] Parser state 'start': key is 86dd
[14:52:54.531] [bmv2] [T] [thread 23616] [11.0] [cxt 0] Bytes parsed: 14
[14:52:54.531] [bmv2] [D] [thread 23616] [11.0] [cxt 0] Parser 'parser': end
[14:52:54.531] [bmv2] [D] [thread 23616] [11.0] [cxt 0] Pipeline 'ingress': start
[14:52:54.531] [bmv2] [T] [thread 23616] [11.0] [cxt 0] basic.p4(139) Condition "hdr.ipv4.isValid()" (node_2) is false
[14:52:54.531] [bmv2] [D] [thread 23616] [11.0] [cxt 0] Pipeline 'ingress': end
[14:52:54.531] [bmv2] [D] [thread 23616] [11.0] [cxt 0] Egress port is 0
[14:52:54.531] [bmv2] [D] [thread 23617] [11.0] [cxt 0] Pipeline 'egress': start
[14:52:54.531] [bmv2] [T] [thread 23617] [11.0] [cxt 0] Applying table 'tbl_act'
[14:52:54.531] [bmv2] [D] [thread 23617] [11.0] [cxt 0] Looking up key:

[14:52:54.531] [bmv2] [D] [thread 23617] [11.0] [cxt 0] Table 'tbl_act': miss
[14:52:54.531] [bmv2] [D] [thread 23617] [11.0] [cxt 0] Action entry is act - 
[14:52:54.531] [bmv2] [T] [thread 23617] [11.0] [cxt 0] Action act
[14:52:54.531] [bmv2] [T] [thread 23617] [11.0] [cxt 0] Primitive (no source info)
[14:52:54.531] [bmv2] [T] [thread 23617] [11.0] [cxt 0] basic.p4(193) Condition "hdr.ppvr.isValid()" (node_7) is false
[14:52:54.531] [bmv2] [D] [thread 23617] [11.0] [cxt 0] Pipeline 'egress': end
[14:52:54.531] [bmv2] [D] [thread 23617] [11.0] [cxt 0] Deparser 'deparser': start
[14:52:54.531] [bmv2] [T] [thread 23617] [11.0] [cxt 0] Skipping checksum 'cksum' update because condition not met
[14:52:54.531] [bmv2] [D] [thread 23617] [11.0] [cxt 0] Deparsing header 'ethernet'
[14:52:54.531] [bmv2] [D] [thread 23617] [11.0] [cxt 0] Deparser 'deparser': end
[14:52:54.531] [bmv2] [D] [thread 23621] [11.0] [cxt 0] Transmitting packet of size 90 out of port 0
[14:52:54.864] [bmv2] [D] [thread 23616] [12.0] [cxt 0] Processing packet received on port 4
[14:52:54.864] [bmv2] [D] [thread 23616] [12.0] [cxt 0] Parser 'parser': start
[14:52:54.864] [bmv2] [D] [thread 23616] [12.0] [cxt 0] Parser 'parser' entering state 'start'
[14:52:54.864] [bmv2] [D] [thread 23616] [12.0] [cxt 0] Extracting header 'ethernet'
[14:52:54.864] [bmv2] [D] [thread 23616] [12.0] [cxt 0] Parser state 'start': key is 86dd
[14:52:54.864] [bmv2] [T] [thread 23616] [12.0] [cxt 0] Bytes parsed: 14
[14:52:54.864] [bmv2] [D] [thread 23616] [12.0] [cxt 0] Parser 'parser': end
[14:52:54.864] [bmv2] [D] [thread 23616] [12.0] [cxt 0] Pipeline 'ingress': start
[14:52:54.864] [bmv2] [T] [thread 23616] [12.0] [cxt 0] basic.p4(139) Condition "hdr.ipv4.isValid()" (node_2) is false
[14:52:54.864] [bmv2] [D] [thread 23616] [12.0] [cxt 0] Pipeline 'ingress': end
[14:52:54.864] [bmv2] [D] [thread 23616] [12.0] [cxt 0] Egress port is 0
[14:52:54.864] [bmv2] [D] [thread 23617] [12.0] [cxt 0] Pipeline 'egress': start
[14:52:54.864] [bmv2] [T] [thread 23617] [12.0] [cxt 0] Applying table 'tbl_act'
[14:52:54.864] [bmv2] [D] [thread 23617] [12.0] [cxt 0] Looking up key:

[14:52:54.864] [bmv2] [D] [thread 23617] [12.0] [cxt 0] Table 'tbl_act': miss
[14:52:54.864] [bmv2] [D] [thread 23617] [12.0] [cxt 0] Action entry is act - 
[14:52:54.864] [bmv2] [T] [thread 23617] [12.0] [cxt 0] Action act
[14:52:54.864] [bmv2] [T] [thread 23617] [12.0] [cxt 0] Primitive (no source info)
[14:52:54.864] [bmv2] [T] [thread 23617] [12.0] [cxt 0] basic.p4(193) Condition "hdr.ppvr.isValid()" (node_7) is false
[14:52:54.864] [bmv2] [D] [thread 23617] [12.0] [cxt 0] Pipeline 'egress': end
[14:52:54.864] [bmv2] [D] [thread 23617] [12.0] [cxt 0] Deparser 'deparser': start
[14:52:54.864] [bmv2] [T] [thread 23617] [12.0] [cxt 0] Skipping checksum 'cksum' update because condition not met
[14:52:54.864] [bmv2] [D] [thread 23617] [12.0] [cxt 0] Deparsing header 'ethernet'
[14:52:54.865] [bmv2] [D] [thread 23617] [12.0] [cxt 0] Deparser 'deparser': end
[14:52:54.865] [bmv2] [D] [thread 23621] [12.0] [cxt 0] Transmitting packet of size 90 out of port 0
[14:52:54.915] [bmv2] [D] [thread 23616] [13.0] [cxt 0] Processing packet received on port 3
[14:52:54.915] [bmv2] [D] [thread 23616] [13.0] [cxt 0] Parser 'parser': start
[14:52:54.915] [bmv2] [D] [thread 23616] [13.0] [cxt 0] Parser 'parser' entering state 'start'
[14:52:54.915] [bmv2] [D] [thread 23616] [13.0] [cxt 0] Extracting header 'ethernet'
[14:52:54.915] [bmv2] [D] [thread 23616] [13.0] [cxt 0] Parser state 'start': key is 86dd
[14:52:54.915] [bmv2] [T] [thread 23616] [13.0] [cxt 0] Bytes parsed: 14
[14:52:54.915] [bmv2] [D] [thread 23616] [13.0] [cxt 0] Parser 'parser': end
[14:52:54.915] [bmv2] [D] [thread 23616] [13.0] [cxt 0] Pipeline 'ingress': start
[14:52:54.915] [bmv2] [T] [thread 23616] [13.0] [cxt 0] basic.p4(139) Condition "hdr.ipv4.isValid()" (node_2) is false
[14:52:54.915] [bmv2] [D] [thread 23616] [13.0] [cxt 0] Pipeline 'ingress': end
[14:52:54.915] [bmv2] [D] [thread 23616] [13.0] [cxt 0] Egress port is 0
[14:52:54.915] [bmv2] [D] [thread 23617] [13.0] [cxt 0] Pipeline 'egress': start
[14:52:54.915] [bmv2] [T] [thread 23617] [13.0] [cxt 0] Applying table 'tbl_act'
[14:52:54.915] [bmv2] [D] [thread 23617] [13.0] [cxt 0] Looking up key:

[14:52:54.915] [bmv2] [D] [thread 23617] [13.0] [cxt 0] Table 'tbl_act': miss
[14:52:54.915] [bmv2] [D] [thread 23617] [13.0] [cxt 0] Action entry is act - 
[14:52:54.915] [bmv2] [T] [thread 23617] [13.0] [cxt 0] Action act
[14:52:54.915] [bmv2] [T] [thread 23617] [13.0] [cxt 0] Primitive (no source info)
[14:52:54.915] [bmv2] [T] [thread 23617] [13.0] [cxt 0] basic.p4(193) Condition "hdr.ppvr.isValid()" (node_7) is false
[14:52:54.915] [bmv2] [D] [thread 23617] [13.0] [cxt 0] Pipeline 'egress': end
[14:52:54.915] [bmv2] [D] [thread 23617] [13.0] [cxt 0] Deparser 'deparser': start
[14:52:54.915] [bmv2] [T] [thread 23617] [13.0] [cxt 0] Skipping checksum 'cksum' update because condition not met
[14:52:54.915] [bmv2] [D] [thread 23617] [13.0] [cxt 0] Deparsing header 'ethernet'
[14:52:54.915] [bmv2] [D] [thread 23617] [13.0] [cxt 0] Deparser 'deparser': end
[14:52:54.916] [bmv2] [D] [thread 23621] [13.0] [cxt 0] Transmitting packet of size 90 out of port 0
[14:52:56.316] [bmv2] [W] [thread 23684] [P4Runtime] p4::tmp::P4DeviceConfig is deprecated
[14:52:56.327] [bmv2] [D] [thread 23684] Set default default entry for table 'MyIngress.ipv4_lpm': MyIngress.drop - 
[14:52:56.334] [bmv2] [D] [thread 23684] Set default default entry for table 'tbl_act': act - 
[14:52:56.334] [bmv2] [D] [thread 23684] Set default default entry for table 'tbl_basic199': basic199 - 
[14:52:56.334] [bmv2] [D] [thread 23684] Set default default entry for table 'tbl_basic242': basic242 - 
[14:52:56.334] [bmv2] [D] [thread 23684] Set default default entry for table 'tbl_basic247': basic247 - 
[14:52:56.334] [bmv2] [D] [thread 23684] Set default default entry for table 'tbl_basic251': basic251 - 
[14:52:56.334] [bmv2] [D] [thread 23684] Set default default entry for table 'tbl_basic255': basic255 - 
[14:52:56.334] [bmv2] [D] [thread 23684] Set default default entry for table 'tbl_basic259': basic259 - 
[14:52:56.334] [bmv2] [D] [thread 23684] Set default default entry for table 'tbl_basic263': basic263 - 
[14:52:56.334] [bmv2] [D] [thread 23684] Set default default entry for table 'tbl_basic267': basic267 - 
[14:52:56.334] [bmv2] [D] [thread 23684] Set default default entry for table 'tbl_basic271': basic271 - 
[14:52:56.334] [bmv2] [D] [thread 23684] Set default default entry for table 'tbl_basic275': basic275 - 
[14:52:56.334] [bmv2] [D] [thread 23684] Set default default entry for table 'tbl_basic279': basic279 - 
[14:52:56.334] [bmv2] [D] [thread 23684] Set default default entry for table 'tbl_basic283': basic283 - 
[14:52:56.334] [bmv2] [D] [thread 23684] Set default default entry for table 'tbl_basic287': basic287 - 
[14:52:56.334] [bmv2] [D] [thread 23684] Set default default entry for table 'tbl_basic291': basic291 - 
[14:52:56.334] [bmv2] [D] [thread 23684] Set default default entry for table 'tbl_basic295': basic295 - 
[14:52:56.334] [bmv2] [D] [thread 23684] Set default default entry for table 'tbl_basic299': basic299 - 
[14:52:56.334] [bmv2] [D] [thread 23684] Set default default entry for table 'tbl_basic303': basic303 - 
[14:52:56.334] [bmv2] [D] [thread 23684] Set default default entry for table 'tbl_basic307': basic307 - 
[14:52:56.334] [bmv2] [D] [thread 23684] Set default default entry for table 'tbl_basic311': basic311 - 
[14:52:56.334] [bmv2] [D] [thread 23684] Set default default entry for table 'tbl_basic315': basic315 - 
[14:52:56.334] [bmv2] [D] [thread 23684] Set default default entry for table 'tbl_basic319': basic319 - 
[14:52:56.334] [bmv2] [D] [thread 23684] Set default default entry for table 'tbl_basic323': basic323 - 
[14:52:56.334] [bmv2] [D] [thread 23684] Set default default entry for table 'tbl_basic327': basic327 - 
[14:52:56.334] [bmv2] [D] [thread 23684] Set default default entry for table 'tbl_basic331': basic331 - 
[14:52:56.334] [bmv2] [D] [thread 23684] Set default default entry for table 'tbl_basic335': basic335 - 
[14:52:56.334] [bmv2] [D] [thread 23684] Set default default entry for table 'tbl_basic339': basic339 - 
[14:52:56.334] [bmv2] [D] [thread 23684] Set default default entry for table 'tbl_basic343': basic343 - 
[14:52:56.334] [bmv2] [D] [thread 23684] Set default default entry for table 'tbl_basic347': basic347 - 
[14:52:56.334] [bmv2] [D] [thread 23684] Set default default entry for table 'tbl_basic351': basic351 - 
[14:52:56.334] [bmv2] [D] [thread 23684] Set default default entry for table 'tbl_basic355': basic355 - 
[14:52:56.334] [bmv2] [D] [thread 23684] Set default default entry for table 'tbl_basic359': basic359 - 
[14:52:56.334] [bmv2] [D] [thread 23684] Set default default entry for table 'tbl_basic363': basic363 - 
[14:52:56.334] [bmv2] [D] [thread 23684] Set default default entry for table 'tbl_basic367': basic367 - 
[14:52:56.334] [bmv2] [D] [thread 23684] Set default default entry for table 'tbl_basic372': basic372 - 
[14:52:56.334] [bmv2] [D] [thread 23684] Set default default entry for table 'tbl_basic375': basic375 - 
[14:52:56.334] [bmv2] [D] [thread 23684] Set default default entry for table 'MyEgress.tvf': MyEgress.set_label - 0,
[14:52:56.334] [bmv2] [D] [thread 23684] Entry 0 added to table 'MyEgress.tvf'
[14:52:56.334] [bmv2] [D] [thread 23684] Dumping entry 0
Match key:
* hdr.ppvr.tp         : RANGE     00000000 -> 000000fa
Priority: 1
Action entry: MyEgress.set_label - a,

[14:52:56.334] [bmv2] [D] [thread 23684] Entry 1 added to table 'MyEgress.tvf'
[14:52:56.334] [bmv2] [D] [thread 23684] Dumping entry 1
Match key:
* hdr.ppvr.tp         : RANGE     000000fa -> 000001f4
Priority: 2
Action entry: MyEgress.set_label - 9,

[14:52:56.334] [bmv2] [D] [thread 23684] Entry 2 added to table 'MyEgress.tvf'
[14:52:56.334] [bmv2] [D] [thread 23684] Dumping entry 2
Match key:
* hdr.ppvr.tp         : RANGE     000001f4 -> 000002ee
Priority: 3
Action entry: MyEgress.set_label - 8,

[14:52:56.334] [bmv2] [D] [thread 23684] Entry 3 added to table 'MyEgress.tvf'
[14:52:56.335] [bmv2] [D] [thread 23684] Dumping entry 3
Match key:
* hdr.ppvr.tp         : RANGE     000002ee -> 000003e8
Priority: 4
Action entry: MyEgress.set_label - 7,

[14:52:56.335] [bmv2] [D] [thread 23684] Entry 4 added to table 'MyEgress.tvf'
[14:52:56.335] [bmv2] [D] [thread 23684] Dumping entry 4
Match key:
* hdr.ppvr.tp         : RANGE     000003e8 -> 000004e2
Priority: 5
Action entry: MyEgress.set_label - 6,

[14:52:56.335] [bmv2] [D] [thread 23684] Entry 5 added to table 'MyEgress.tvf'
[14:52:56.335] [bmv2] [D] [thread 23684] Dumping entry 5
Match key:
* hdr.ppvr.tp         : RANGE     000004e2 -> 000005dc
Priority: 6
Action entry: MyEgress.set_label - 5,

[14:52:56.335] [bmv2] [D] [thread 23684] Entry 6 added to table 'MyEgress.tvf'
[14:52:56.335] [bmv2] [D] [thread 23684] Dumping entry 6
Match key:
* hdr.ppvr.tp         : RANGE     000005dc -> 000006d6
Priority: 7
Action entry: MyEgress.set_label - 4,

[14:52:56.335] [bmv2] [D] [thread 23684] Entry 7 added to table 'MyEgress.tvf'
[14:52:56.335] [bmv2] [D] [thread 23684] Dumping entry 7
Match key:
* hdr.ppvr.tp         : RANGE     000006d6 -> 000007d0
Priority: 8
Action entry: MyEgress.set_label - 3,

[14:52:56.335] [bmv2] [D] [thread 23684] Entry 8 added to table 'MyEgress.tvf'
[14:52:56.335] [bmv2] [D] [thread 23684] Dumping entry 8
Match key:
* hdr.ppvr.tp         : RANGE     000008ca -> 000009c4
Priority: 9
Action entry: MyEgress.set_label - 2,

[14:52:56.335] [bmv2] [D] [thread 23684] Entry 9 added to table 'MyEgress.tvf'
[14:52:56.335] [bmv2] [D] [thread 23684] Dumping entry 9
Match key:
* hdr.ppvr.tp         : RANGE     000009c4 -> 00000abe
Priority: 10
Action entry: MyEgress.set_label - 1,

[14:52:56.339] [bmv2] [D] [thread 23684] simple_switch target has been notified of a config swap
[14:52:56.341] [bmv2] [D] [thread 23685] Set default entry for table 'MyIngress.ipv4_lpm': MyIngress.drop - 
[14:52:56.343] [bmv2] [D] [thread 23684] Entry 0 added to table 'MyIngress.ipv4_lpm'
[14:52:56.343] [bmv2] [D] [thread 23684] Dumping entry 0
Match key:
* hdr.ipv4.dstAddr    : LPM       0a000101/32
Action entry: MyIngress.ipv4_forward - 80000000300,4,

[14:52:56.344] [bmv2] [D] [thread 23685] Entry 1 added to table 'MyIngress.ipv4_lpm'
[14:52:56.345] [bmv2] [D] [thread 23685] Dumping entry 1
Match key:
* hdr.ipv4.dstAddr    : LPM       0a000202/32
Action entry: MyIngress.ipv4_forward - 80000000400,3,

[14:52:56.347] [bmv2] [D] [thread 23684] Entry 2 added to table 'MyIngress.ipv4_lpm'
[14:52:56.347] [bmv2] [D] [thread 23684] Dumping entry 2
Match key:
* hdr.ipv4.dstAddr    : LPM       0a000303/32
Action entry: MyIngress.ipv4_forward - 80000000333,1,

[14:52:56.348] [bmv2] [D] [thread 23685] Entry 3 added to table 'MyIngress.ipv4_lpm'
[14:52:56.348] [bmv2] [D] [thread 23685] Dumping entry 3
Match key:
* hdr.ipv4.dstAddr    : LPM       0a000404/32
Action entry: MyIngress.ipv4_forward - 80000000444,2,

[14:52:57.702] [bmv2] [D] [thread 23616] [14.0] [cxt 0] Processing packet received on port 2
[14:52:57.702] [bmv2] [D] [thread 23616] [14.0] [cxt 0] Parser 'parser': start
[14:52:57.703] [bmv2] [D] [thread 23616] [14.0] [cxt 0] Parser 'parser' entering state 'start'
[14:52:57.703] [bmv2] [D] [thread 23616] [14.0] [cxt 0] Extracting header 'ethernet'
[14:52:57.703] [bmv2] [D] [thread 23616] [14.0] [cxt 0] Parser state 'start': key is 86dd
[14:52:57.703] [bmv2] [T] [thread 23616] [14.0] [cxt 0] Bytes parsed: 14
[14:52:57.703] [bmv2] [D] [thread 23616] [14.0] [cxt 0] Parser 'parser': end
[14:52:57.703] [bmv2] [D] [thread 23616] [14.0] [cxt 0] Pipeline 'ingress': start
[14:52:57.703] [bmv2] [T] [thread 23616] [14.0] [cxt 0] basic.p4(139) Condition "hdr.ipv4.isValid()" (node_2) is false
[14:52:57.703] [bmv2] [D] [thread 23616] [14.0] [cxt 0] Pipeline 'ingress': end
[14:52:57.703] [bmv2] [D] [thread 23616] [14.0] [cxt 0] Egress port is 0
[14:52:57.703] [bmv2] [D] [thread 23617] [14.0] [cxt 0] Pipeline 'egress': start
[14:52:57.703] [bmv2] [T] [thread 23617] [14.0] [cxt 0] Applying table 'tbl_act'
[14:52:57.703] [bmv2] [D] [thread 23617] [14.0] [cxt 0] Looking up key:

[14:52:57.703] [bmv2] [D] [thread 23617] [14.0] [cxt 0] Table 'tbl_act': miss
[14:52:57.703] [bmv2] [D] [thread 23617] [14.0] [cxt 0] Action entry is act - 
[14:52:57.703] [bmv2] [T] [thread 23617] [14.0] [cxt 0] Action act
[14:52:57.703] [bmv2] [T] [thread 23617] [14.0] [cxt 0] Primitive (no source info)
[14:52:57.703] [bmv2] [T] [thread 23617] [14.0] [cxt 0] basic.p4(193) Condition "hdr.ppvr.isValid()" (node_7) is false
[14:52:57.703] [bmv2] [D] [thread 23617] [14.0] [cxt 0] Pipeline 'egress': end
[14:52:57.703] [bmv2] [D] [thread 23617] [14.0] [cxt 0] Deparser 'deparser': start
[14:52:57.703] [bmv2] [T] [thread 23617] [14.0] [cxt 0] Skipping checksum 'cksum' update because condition not met
[14:52:57.703] [bmv2] [D] [thread 23617] [14.0] [cxt 0] Deparsing header 'ethernet'
[14:52:57.703] [bmv2] [D] [thread 23617] [14.0] [cxt 0] Deparser 'deparser': end
[14:52:57.703] [bmv2] [D] [thread 23621] [14.0] [cxt 0] Transmitting packet of size 70 out of port 0
[14:52:57.954] [bmv2] [D] [thread 23616] [15.0] [cxt 0] Processing packet received on port 1
[14:52:57.954] [bmv2] [D] [thread 23616] [15.0] [cxt 0] Parser 'parser': start
[14:52:57.954] [bmv2] [D] [thread 23616] [15.0] [cxt 0] Parser 'parser' entering state 'start'
[14:52:57.954] [bmv2] [D] [thread 23616] [15.0] [cxt 0] Extracting header 'ethernet'
[14:52:57.954] [bmv2] [D] [thread 23616] [15.0] [cxt 0] Parser state 'start': key is 86dd
[14:52:57.954] [bmv2] [T] [thread 23616] [15.0] [cxt 0] Bytes parsed: 14
[14:52:57.954] [bmv2] [D] [thread 23616] [15.0] [cxt 0] Parser 'parser': end
[14:52:57.954] [bmv2] [D] [thread 23616] [15.0] [cxt 0] Pipeline 'ingress': start
[14:52:57.954] [bmv2] [T] [thread 23616] [15.0] [cxt 0] basic.p4(139) Condition "hdr.ipv4.isValid()" (node_2) is false
[14:52:57.955] [bmv2] [D] [thread 23616] [15.0] [cxt 0] Pipeline 'ingress': end
[14:52:57.955] [bmv2] [D] [thread 23616] [15.0] [cxt 0] Egress port is 0
[14:52:57.955] [bmv2] [D] [thread 23616] [16.0] [cxt 0] Processing packet received on port 4
[14:52:57.955] [bmv2] [D] [thread 23616] [16.0] [cxt 0] Parser 'parser': start
[14:52:57.955] [bmv2] [D] [thread 23616] [16.0] [cxt 0] Parser 'parser' entering state 'start'
[14:52:57.955] [bmv2] [D] [thread 23616] [16.0] [cxt 0] Extracting header 'ethernet'
[14:52:57.955] [bmv2] [D] [thread 23616] [16.0] [cxt 0] Parser state 'start': key is 86dd
[14:52:57.955] [bmv2] [T] [thread 23616] [16.0] [cxt 0] Bytes parsed: 14
[14:52:57.955] [bmv2] [D] [thread 23616] [16.0] [cxt 0] Parser 'parser': end
[14:52:57.955] [bmv2] [D] [thread 23616] [16.0] [cxt 0] Pipeline 'ingress': start
[14:52:57.955] [bmv2] [T] [thread 23616] [16.0] [cxt 0] basic.p4(139) Condition "hdr.ipv4.isValid()" (node_2) is false
[14:52:57.955] [bmv2] [D] [thread 23616] [16.0] [cxt 0] Pipeline 'ingress': end
[14:52:57.955] [bmv2] [D] [thread 23616] [16.0] [cxt 0] Egress port is 0
[14:52:57.955] [bmv2] [D] [thread 23617] [15.0] [cxt 0] Pipeline 'egress': start
[14:52:57.955] [bmv2] [T] [thread 23617] [15.0] [cxt 0] Applying table 'tbl_act'
[14:52:57.955] [bmv2] [D] [thread 23617] [15.0] [cxt 0] Looking up key:

[14:52:57.955] [bmv2] [D] [thread 23617] [15.0] [cxt 0] Table 'tbl_act': miss
[14:52:57.955] [bmv2] [D] [thread 23617] [15.0] [cxt 0] Action entry is act - 
[14:52:57.955] [bmv2] [T] [thread 23617] [15.0] [cxt 0] Action act
[14:52:57.955] [bmv2] [T] [thread 23617] [15.0] [cxt 0] Primitive (no source info)
[14:52:57.955] [bmv2] [T] [thread 23617] [15.0] [cxt 0] basic.p4(193) Condition "hdr.ppvr.isValid()" (node_7) is false
[14:52:57.955] [bmv2] [D] [thread 23617] [15.0] [cxt 0] Pipeline 'egress': end
[14:52:57.955] [bmv2] [D] [thread 23617] [15.0] [cxt 0] Deparser 'deparser': start
[14:52:57.955] [bmv2] [T] [thread 23617] [15.0] [cxt 0] Skipping checksum 'cksum' update because condition not met
[14:52:57.955] [bmv2] [D] [thread 23617] [15.0] [cxt 0] Deparsing header 'ethernet'
[14:52:57.955] [bmv2] [D] [thread 23617] [15.0] [cxt 0] Deparser 'deparser': end
[14:52:57.955] [bmv2] [D] [thread 23617] [16.0] [cxt 0] Pipeline 'egress': start
[14:52:57.955] [bmv2] [T] [thread 23617] [16.0] [cxt 0] Applying table 'tbl_act'
[14:52:57.955] [bmv2] [D] [thread 23617] [16.0] [cxt 0] Looking up key:

[14:52:57.955] [bmv2] [D] [thread 23617] [16.0] [cxt 0] Table 'tbl_act': miss
[14:52:57.955] [bmv2] [D] [thread 23617] [16.0] [cxt 0] Action entry is act - 
[14:52:57.955] [bmv2] [T] [thread 23617] [16.0] [cxt 0] Action act
[14:52:57.955] [bmv2] [T] [thread 23617] [16.0] [cxt 0] Primitive (no source info)
[14:52:57.955] [bmv2] [T] [thread 23617] [16.0] [cxt 0] basic.p4(193) Condition "hdr.ppvr.isValid()" (node_7) is false
[14:52:57.955] [bmv2] [D] [thread 23617] [16.0] [cxt 0] Pipeline 'egress': end
[14:52:57.955] [bmv2] [D] [thread 23617] [16.0] [cxt 0] Deparser 'deparser': start
[14:52:57.955] [bmv2] [T] [thread 23617] [16.0] [cxt 0] Skipping checksum 'cksum' update because condition not met
[14:52:57.955] [bmv2] [D] [thread 23617] [16.0] [cxt 0] Deparsing header 'ethernet'
[14:52:57.955] [bmv2] [D] [thread 23617] [16.0] [cxt 0] Deparser 'deparser': end
[14:52:57.955] [bmv2] [D] [thread 23621] [15.0] [cxt 0] Transmitting packet of size 70 out of port 0
[14:52:57.955] [bmv2] [D] [thread 23621] [16.0] [cxt 0] Transmitting packet of size 70 out of port 0
[14:52:58.211] [bmv2] [D] [thread 23616] [17.0] [cxt 0] Processing packet received on port 3
[14:52:58.211] [bmv2] [D] [thread 23616] [17.0] [cxt 0] Parser 'parser': start
[14:52:58.211] [bmv2] [D] [thread 23616] [17.0] [cxt 0] Parser 'parser' entering state 'start'
[14:52:58.211] [bmv2] [D] [thread 23616] [17.0] [cxt 0] Extracting header 'ethernet'
[14:52:58.211] [bmv2] [D] [thread 23616] [17.0] [cxt 0] Parser state 'start': key is 86dd
[14:52:58.211] [bmv2] [T] [thread 23616] [17.0] [cxt 0] Bytes parsed: 14
[14:52:58.211] [bmv2] [D] [thread 23616] [17.0] [cxt 0] Parser 'parser': end
[14:52:58.211] [bmv2] [D] [thread 23616] [17.0] [cxt 0] Pipeline 'ingress': start
[14:52:58.211] [bmv2] [T] [thread 23616] [17.0] [cxt 0] basic.p4(139) Condition "hdr.ipv4.isValid()" (node_2) is false
[14:52:58.211] [bmv2] [D] [thread 23616] [17.0] [cxt 0] Pipeline 'ingress': end
[14:52:58.211] [bmv2] [D] [thread 23616] [17.0] [cxt 0] Egress port is 0
[14:52:58.211] [bmv2] [D] [thread 23617] [17.0] [cxt 0] Pipeline 'egress': start
[14:52:58.211] [bmv2] [T] [thread 23617] [17.0] [cxt 0] Applying table 'tbl_act'
[14:52:58.212] [bmv2] [D] [thread 23617] [17.0] [cxt 0] Looking up key:

[14:52:58.212] [bmv2] [D] [thread 23617] [17.0] [cxt 0] Table 'tbl_act': miss
[14:52:58.212] [bmv2] [D] [thread 23617] [17.0] [cxt 0] Action entry is act - 
[14:52:58.212] [bmv2] [T] [thread 23617] [17.0] [cxt 0] Action act
[14:52:58.212] [bmv2] [T] [thread 23617] [17.0] [cxt 0] Primitive (no source info)
[14:52:58.212] [bmv2] [T] [thread 23617] [17.0] [cxt 0] basic.p4(193) Condition "hdr.ppvr.isValid()" (node_7) is false
[14:52:58.212] [bmv2] [D] [thread 23617] [17.0] [cxt 0] Pipeline 'egress': end
[14:52:58.212] [bmv2] [D] [thread 23617] [17.0] [cxt 0] Deparser 'deparser': start
[14:52:58.212] [bmv2] [T] [thread 23617] [17.0] [cxt 0] Skipping checksum 'cksum' update because condition not met
[14:52:58.212] [bmv2] [D] [thread 23617] [17.0] [cxt 0] Deparsing header 'ethernet'
[14:52:58.212] [bmv2] [D] [thread 23617] [17.0] [cxt 0] Deparser 'deparser': end
[14:52:58.212] [bmv2] [D] [thread 23621] [17.0] [cxt 0] Transmitting packet of size 70 out of port 0
[14:52:58.481] [bmv2] [D] [thread 23616] [18.0] [cxt 0] Processing packet received on port 3
[14:52:58.481] [bmv2] [D] [thread 23616] [18.0] [cxt 0] Parser 'parser': start
[14:52:58.481] [bmv2] [D] [thread 23616] [18.0] [cxt 0] Parser 'parser' entering state 'start'
[14:52:58.481] [bmv2] [D] [thread 23616] [18.0] [cxt 0] Extracting header 'ethernet'
[14:52:58.481] [bmv2] [D] [thread 23616] [18.0] [cxt 0] Parser state 'start': key is 86dd
[14:52:58.481] [bmv2] [T] [thread 23616] [18.0] [cxt 0] Bytes parsed: 14
[14:52:58.481] [bmv2] [D] [thread 23616] [18.0] [cxt 0] Parser 'parser': end
[14:52:58.481] [bmv2] [D] [thread 23616] [18.0] [cxt 0] Pipeline 'ingress': start
[14:52:58.481] [bmv2] [T] [thread 23616] [18.0] [cxt 0] basic.p4(139) Condition "hdr.ipv4.isValid()" (node_2) is false
[14:52:58.481] [bmv2] [D] [thread 23616] [18.0] [cxt 0] Pipeline 'ingress': end
[14:52:58.481] [bmv2] [D] [thread 23616] [18.0] [cxt 0] Egress port is 0
[14:52:58.481] [bmv2] [D] [thread 23616] [19.0] [cxt 0] Processing packet received on port 4
[14:52:58.481] [bmv2] [D] [thread 23616] [19.0] [cxt 0] Parser 'parser': start
[14:52:58.481] [bmv2] [D] [thread 23616] [19.0] [cxt 0] Parser 'parser' entering state 'start'
[14:52:58.481] [bmv2] [D] [thread 23616] [19.0] [cxt 0] Extracting header 'ethernet'
[14:52:58.481] [bmv2] [D] [thread 23616] [19.0] [cxt 0] Parser state 'start': key is 86dd
[14:52:58.481] [bmv2] [T] [thread 23616] [19.0] [cxt 0] Bytes parsed: 14
[14:52:58.481] [bmv2] [D] [thread 23616] [19.0] [cxt 0] Parser 'parser': end
[14:52:58.481] [bmv2] [D] [thread 23616] [19.0] [cxt 0] Pipeline 'ingress': start
[14:52:58.481] [bmv2] [T] [thread 23616] [19.0] [cxt 0] basic.p4(139) Condition "hdr.ipv4.isValid()" (node_2) is false
[14:52:58.481] [bmv2] [D] [thread 23617] [18.0] [cxt 0] Pipeline 'egress': start
[14:52:58.481] [bmv2] [T] [thread 23617] [18.0] [cxt 0] Applying table 'tbl_act'
[14:52:58.481] [bmv2] [D] [thread 23617] [18.0] [cxt 0] Looking up key:

[14:52:58.481] [bmv2] [D] [thread 23616] [19.0] [cxt 0] Pipeline 'ingress': end
[14:52:58.481] [bmv2] [D] [thread 23616] [19.0] [cxt 0] Egress port is 0
[14:52:58.481] [bmv2] [D] [thread 23617] [18.0] [cxt 0] Table 'tbl_act': miss
[14:52:58.481] [bmv2] [D] [thread 23617] [18.0] [cxt 0] Action entry is act - 
[14:52:58.481] [bmv2] [T] [thread 23617] [18.0] [cxt 0] Action act
[14:52:58.481] [bmv2] [T] [thread 23617] [18.0] [cxt 0] Primitive (no source info)
[14:52:58.481] [bmv2] [T] [thread 23617] [18.0] [cxt 0] basic.p4(193) Condition "hdr.ppvr.isValid()" (node_7) is false
[14:52:58.481] [bmv2] [D] [thread 23617] [18.0] [cxt 0] Pipeline 'egress': end
[14:52:58.482] [bmv2] [D] [thread 23617] [18.0] [cxt 0] Deparser 'deparser': start
[14:52:58.482] [bmv2] [T] [thread 23617] [18.0] [cxt 0] Skipping checksum 'cksum' update because condition not met
[14:52:58.482] [bmv2] [D] [thread 23617] [18.0] [cxt 0] Deparsing header 'ethernet'
[14:52:58.482] [bmv2] [D] [thread 23617] [18.0] [cxt 0] Deparser 'deparser': end
[14:52:58.482] [bmv2] [D] [thread 23617] [19.0] [cxt 0] Pipeline 'egress': start
[14:52:58.482] [bmv2] [T] [thread 23617] [19.0] [cxt 0] Applying table 'tbl_act'
[14:52:58.482] [bmv2] [D] [thread 23617] [19.0] [cxt 0] Looking up key:

[14:52:58.482] [bmv2] [D] [thread 23617] [19.0] [cxt 0] Table 'tbl_act': miss
[14:52:58.482] [bmv2] [D] [thread 23617] [19.0] [cxt 0] Action entry is act - 
[14:52:58.482] [bmv2] [T] [thread 23617] [19.0] [cxt 0] Action act
[14:52:58.482] [bmv2] [T] [thread 23617] [19.0] [cxt 0] Primitive (no source info)
[14:52:58.482] [bmv2] [T] [thread 23617] [19.0] [cxt 0] basic.p4(193) Condition "hdr.ppvr.isValid()" (node_7) is false
[14:52:58.482] [bmv2] [D] [thread 23617] [19.0] [cxt 0] Pipeline 'egress': end
[14:52:58.482] [bmv2] [D] [thread 23617] [19.0] [cxt 0] Deparser 'deparser': start
[14:52:58.482] [bmv2] [T] [thread 23617] [19.0] [cxt 0] Skipping checksum 'cksum' update because condition not met
[14:52:58.482] [bmv2] [D] [thread 23617] [19.0] [cxt 0] Deparsing header 'ethernet'
[14:52:58.482] [bmv2] [D] [thread 23617] [19.0] [cxt 0] Deparser 'deparser': end
[14:52:58.482] [bmv2] [D] [thread 23621] [18.0] [cxt 0] Transmitting packet of size 70 out of port 0
[14:52:58.482] [bmv2] [D] [thread 23621] [19.0] [cxt 0] Transmitting packet of size 70 out of port 0
[14:53:05.377] [bmv2] [D] [thread 23616] [20.0] [cxt 0] Processing packet received on port 2
[14:53:05.377] [bmv2] [D] [thread 23616] [20.0] [cxt 0] Parser 'parser': start
[14:53:05.377] [bmv2] [D] [thread 23616] [20.0] [cxt 0] Parser 'parser' entering state 'start'
[14:53:05.377] [bmv2] [D] [thread 23616] [20.0] [cxt 0] Extracting header 'ethernet'
[14:53:05.377] [bmv2] [D] [thread 23616] [20.0] [cxt 0] Parser state 'start': key is 86dd
[14:53:05.377] [bmv2] [T] [thread 23616] [20.0] [cxt 0] Bytes parsed: 14
[14:53:05.378] [bmv2] [D] [thread 23616] [20.0] [cxt 0] Parser 'parser': end
[14:53:05.378] [bmv2] [D] [thread 23616] [20.0] [cxt 0] Pipeline 'ingress': start
[14:53:05.378] [bmv2] [T] [thread 23616] [20.0] [cxt 0] basic.p4(139) Condition "hdr.ipv4.isValid()" (node_2) is false
[14:53:05.378] [bmv2] [D] [thread 23616] [20.0] [cxt 0] Pipeline 'ingress': end
[14:53:05.378] [bmv2] [D] [thread 23616] [20.0] [cxt 0] Egress port is 0
[14:53:05.378] [bmv2] [D] [thread 23617] [20.0] [cxt 0] Pipeline 'egress': start
[14:53:05.378] [bmv2] [T] [thread 23617] [20.0] [cxt 0] Applying table 'tbl_act'
[14:53:05.378] [bmv2] [D] [thread 23617] [20.0] [cxt 0] Looking up key:

[14:53:05.378] [bmv2] [D] [thread 23617] [20.0] [cxt 0] Table 'tbl_act': miss
[14:53:05.378] [bmv2] [D] [thread 23617] [20.0] [cxt 0] Action entry is act - 
[14:53:05.378] [bmv2] [T] [thread 23617] [20.0] [cxt 0] Action act
[14:53:05.378] [bmv2] [T] [thread 23617] [20.0] [cxt 0] Primitive (no source info)
[14:53:05.378] [bmv2] [T] [thread 23617] [20.0] [cxt 0] basic.p4(193) Condition "hdr.ppvr.isValid()" (node_7) is false
[14:53:05.378] [bmv2] [D] [thread 23617] [20.0] [cxt 0] Pipeline 'egress': end
[14:53:05.378] [bmv2] [D] [thread 23617] [20.0] [cxt 0] Deparser 'deparser': start
[14:53:05.378] [bmv2] [T] [thread 23617] [20.0] [cxt 0] Skipping checksum 'cksum' update because condition not met
[14:53:05.378] [bmv2] [D] [thread 23617] [20.0] [cxt 0] Deparsing header 'ethernet'
[14:53:05.378] [bmv2] [D] [thread 23617] [20.0] [cxt 0] Deparser 'deparser': end
[14:53:05.378] [bmv2] [D] [thread 23621] [20.0] [cxt 0] Transmitting packet of size 70 out of port 0
[14:53:06.145] [bmv2] [D] [thread 23616] [21.0] [cxt 0] Processing packet received on port 4
[14:53:06.145] [bmv2] [D] [thread 23616] [21.0] [cxt 0] Parser 'parser': start
[14:53:06.145] [bmv2] [D] [thread 23616] [21.0] [cxt 0] Parser 'parser' entering state 'start'
[14:53:06.145] [bmv2] [D] [thread 23616] [21.0] [cxt 0] Extracting header 'ethernet'
[14:53:06.145] [bmv2] [D] [thread 23616] [21.0] [cxt 0] Parser state 'start': key is 86dd
[14:53:06.145] [bmv2] [T] [thread 23616] [21.0] [cxt 0] Bytes parsed: 14
[14:53:06.145] [bmv2] [D] [thread 23616] [21.0] [cxt 0] Parser 'parser': end
[14:53:06.145] [bmv2] [D] [thread 23616] [21.0] [cxt 0] Pipeline 'ingress': start
[14:53:06.145] [bmv2] [T] [thread 23616] [21.0] [cxt 0] basic.p4(139) Condition "hdr.ipv4.isValid()" (node_2) is false
[14:53:06.146] [bmv2] [D] [thread 23616] [21.0] [cxt 0] Pipeline 'ingress': end
[14:53:06.146] [bmv2] [D] [thread 23616] [21.0] [cxt 0] Egress port is 0
[14:53:06.146] [bmv2] [D] [thread 23617] [21.0] [cxt 0] Pipeline 'egress': start
[14:53:06.146] [bmv2] [T] [thread 23617] [21.0] [cxt 0] Applying table 'tbl_act'
[14:53:06.146] [bmv2] [D] [thread 23617] [21.0] [cxt 0] Looking up key:

[14:53:06.146] [bmv2] [D] [thread 23617] [21.0] [cxt 0] Table 'tbl_act': miss
[14:53:06.146] [bmv2] [D] [thread 23617] [21.0] [cxt 0] Action entry is act - 
[14:53:06.146] [bmv2] [T] [thread 23617] [21.0] [cxt 0] Action act
[14:53:06.146] [bmv2] [T] [thread 23617] [21.0] [cxt 0] Primitive (no source info)
[14:53:06.146] [bmv2] [T] [thread 23617] [21.0] [cxt 0] basic.p4(193) Condition "hdr.ppvr.isValid()" (node_7) is false
[14:53:06.146] [bmv2] [D] [thread 23617] [21.0] [cxt 0] Pipeline 'egress': end
[14:53:06.146] [bmv2] [D] [thread 23617] [21.0] [cxt 0] Deparser 'deparser': start
[14:53:06.146] [bmv2] [T] [thread 23617] [21.0] [cxt 0] Skipping checksum 'cksum' update because condition not met
[14:53:06.146] [bmv2] [D] [thread 23617] [21.0] [cxt 0] Deparsing header 'ethernet'
[14:53:06.146] [bmv2] [D] [thread 23617] [21.0] [cxt 0] Deparser 'deparser': end
[14:53:06.146] [bmv2] [D] [thread 23621] [21.0] [cxt 0] Transmitting packet of size 70 out of port 0
[14:53:06.402] [bmv2] [D] [thread 23616] [22.0] [cxt 0] Processing packet received on port 1
[14:53:06.402] [bmv2] [D] [thread 23616] [22.0] [cxt 0] Parser 'parser': start
[14:53:06.402] [bmv2] [D] [thread 23616] [22.0] [cxt 0] Parser 'parser' entering state 'start'
[14:53:06.402] [bmv2] [D] [thread 23616] [22.0] [cxt 0] Extracting header 'ethernet'
[14:53:06.402] [bmv2] [D] [thread 23616] [22.0] [cxt 0] Parser state 'start': key is 86dd
[14:53:06.402] [bmv2] [T] [thread 23616] [22.0] [cxt 0] Bytes parsed: 14
[14:53:06.402] [bmv2] [D] [thread 23616] [22.0] [cxt 0] Parser 'parser': end
[14:53:06.402] [bmv2] [D] [thread 23616] [22.0] [cxt 0] Pipeline 'ingress': start
[14:53:06.402] [bmv2] [T] [thread 23616] [22.0] [cxt 0] basic.p4(139) Condition "hdr.ipv4.isValid()" (node_2) is false
[14:53:06.402] [bmv2] [D] [thread 23616] [22.0] [cxt 0] Pipeline 'ingress': end
[14:53:06.402] [bmv2] [D] [thread 23616] [22.0] [cxt 0] Egress port is 0
[14:53:06.402] [bmv2] [D] [thread 23616] [23.0] [cxt 0] Processing packet received on port 3
[14:53:06.402] [bmv2] [D] [thread 23616] [23.0] [cxt 0] Parser 'parser': start
[14:53:06.402] [bmv2] [D] [thread 23616] [23.0] [cxt 0] Parser 'parser' entering state 'start'
[14:53:06.402] [bmv2] [D] [thread 23616] [23.0] [cxt 0] Extracting header 'ethernet'
[14:53:06.402] [bmv2] [D] [thread 23616] [23.0] [cxt 0] Parser state 'start': key is 86dd
[14:53:06.402] [bmv2] [T] [thread 23616] [23.0] [cxt 0] Bytes parsed: 14
[14:53:06.402] [bmv2] [D] [thread 23616] [23.0] [cxt 0] Parser 'parser': end
[14:53:06.402] [bmv2] [D] [thread 23616] [23.0] [cxt 0] Pipeline 'ingress': start
[14:53:06.402] [bmv2] [T] [thread 23616] [23.0] [cxt 0] basic.p4(139) Condition "hdr.ipv4.isValid()" (node_2) is false
[14:53:06.402] [bmv2] [D] [thread 23616] [23.0] [cxt 0] Pipeline 'ingress': end
[14:53:06.402] [bmv2] [D] [thread 23616] [23.0] [cxt 0] Egress port is 0
[14:53:06.402] [bmv2] [D] [thread 23616] [24.0] [cxt 0] Processing packet received on port 3
[14:53:06.402] [bmv2] [D] [thread 23616] [24.0] [cxt 0] Parser 'parser': start
[14:53:06.402] [bmv2] [D] [thread 23616] [24.0] [cxt 0] Parser 'parser' entering state 'start'
[14:53:06.402] [bmv2] [D] [thread 23616] [24.0] [cxt 0] Extracting header 'ethernet'
[14:53:06.402] [bmv2] [D] [thread 23616] [24.0] [cxt 0] Parser state 'start': key is 86dd
[14:53:06.402] [bmv2] [T] [thread 23616] [24.0] [cxt 0] Bytes parsed: 14
[14:53:06.402] [bmv2] [D] [thread 23616] [24.0] [cxt 0] Parser 'parser': end
[14:53:06.402] [bmv2] [D] [thread 23616] [24.0] [cxt 0] Pipeline 'ingress': start
[14:53:06.402] [bmv2] [T] [thread 23616] [24.0] [cxt 0] basic.p4(139) Condition "hdr.ipv4.isValid()" (node_2) is false
[14:53:06.402] [bmv2] [D] [thread 23616] [24.0] [cxt 0] Pipeline 'ingress': end
[14:53:06.402] [bmv2] [D] [thread 23616] [24.0] [cxt 0] Egress port is 0
[14:53:06.403] [bmv2] [D] [thread 23617] [22.0] [cxt 0] Pipeline 'egress': start
[14:53:06.403] [bmv2] [T] [thread 23617] [22.0] [cxt 0] Applying table 'tbl_act'
[14:53:06.403] [bmv2] [D] [thread 23617] [22.0] [cxt 0] Looking up key:

[14:53:06.403] [bmv2] [D] [thread 23617] [22.0] [cxt 0] Table 'tbl_act': miss
[14:53:06.403] [bmv2] [D] [thread 23617] [22.0] [cxt 0] Action entry is act - 
[14:53:06.403] [bmv2] [T] [thread 23617] [22.0] [cxt 0] Action act
[14:53:06.403] [bmv2] [T] [thread 23617] [22.0] [cxt 0] Primitive (no source info)
[14:53:06.403] [bmv2] [T] [thread 23617] [22.0] [cxt 0] basic.p4(193) Condition "hdr.ppvr.isValid()" (node_7) is false
[14:53:06.403] [bmv2] [D] [thread 23617] [22.0] [cxt 0] Pipeline 'egress': end
[14:53:06.403] [bmv2] [D] [thread 23617] [22.0] [cxt 0] Deparser 'deparser': start
[14:53:06.403] [bmv2] [T] [thread 23617] [22.0] [cxt 0] Skipping checksum 'cksum' update because condition not met
[14:53:06.403] [bmv2] [D] [thread 23617] [22.0] [cxt 0] Deparsing header 'ethernet'
[14:53:06.403] [bmv2] [D] [thread 23617] [22.0] [cxt 0] Deparser 'deparser': end
[14:53:06.403] [bmv2] [D] [thread 23617] [23.0] [cxt 0] Pipeline 'egress': start
[14:53:06.403] [bmv2] [T] [thread 23617] [23.0] [cxt 0] Applying table 'tbl_act'
[14:53:06.403] [bmv2] [D] [thread 23617] [23.0] [cxt 0] Looking up key:

[14:53:06.404] [bmv2] [D] [thread 23617] [23.0] [cxt 0] Table 'tbl_act': miss
[14:53:06.404] [bmv2] [D] [thread 23617] [23.0] [cxt 0] Action entry is act - 
[14:53:06.404] [bmv2] [T] [thread 23617] [23.0] [cxt 0] Action act
[14:53:06.404] [bmv2] [T] [thread 23617] [23.0] [cxt 0] Primitive (no source info)
[14:53:06.404] [bmv2] [T] [thread 23617] [23.0] [cxt 0] basic.p4(193) Condition "hdr.ppvr.isValid()" (node_7) is false
[14:53:06.404] [bmv2] [D] [thread 23617] [23.0] [cxt 0] Pipeline 'egress': end
[14:53:06.404] [bmv2] [D] [thread 23617] [23.0] [cxt 0] Deparser 'deparser': start
[14:53:06.404] [bmv2] [T] [thread 23617] [23.0] [cxt 0] Skipping checksum 'cksum' update because condition not met
[14:53:06.404] [bmv2] [D] [thread 23617] [23.0] [cxt 0] Deparsing header 'ethernet'
[14:53:06.404] [bmv2] [D] [thread 23617] [23.0] [cxt 0] Deparser 'deparser': end
[14:53:06.404] [bmv2] [D] [thread 23617] [24.0] [cxt 0] Pipeline 'egress': start
[14:53:06.404] [bmv2] [T] [thread 23617] [24.0] [cxt 0] Applying table 'tbl_act'
[14:53:06.404] [bmv2] [D] [thread 23617] [24.0] [cxt 0] Looking up key:

[14:53:06.404] [bmv2] [D] [thread 23617] [24.0] [cxt 0] Table 'tbl_act': miss
[14:53:06.404] [bmv2] [D] [thread 23617] [24.0] [cxt 0] Action entry is act - 
[14:53:06.404] [bmv2] [T] [thread 23617] [24.0] [cxt 0] Action act
[14:53:06.404] [bmv2] [T] [thread 23617] [24.0] [cxt 0] Primitive (no source info)
[14:53:06.404] [bmv2] [T] [thread 23617] [24.0] [cxt 0] basic.p4(193) Condition "hdr.ppvr.isValid()" (node_7) is false
[14:53:06.404] [bmv2] [D] [thread 23617] [24.0] [cxt 0] Pipeline 'egress': end
[14:53:06.404] [bmv2] [D] [thread 23617] [24.0] [cxt 0] Deparser 'deparser': start
[14:53:06.404] [bmv2] [T] [thread 23617] [24.0] [cxt 0] Skipping checksum 'cksum' update because condition not met
[14:53:06.404] [bmv2] [D] [thread 23617] [24.0] [cxt 0] Deparsing header 'ethernet'
[14:53:06.404] [bmv2] [D] [thread 23617] [24.0] [cxt 0] Deparser 'deparser': end
[14:53:06.405] [bmv2] [D] [thread 23621] [22.0] [cxt 0] Transmitting packet of size 70 out of port 0
[14:53:06.405] [bmv2] [D] [thread 23621] [23.0] [cxt 0] Transmitting packet of size 70 out of port 0
[14:53:06.405] [bmv2] [D] [thread 23621] [24.0] [cxt 0] Transmitting packet of size 70 out of port 0
[14:53:06.658] [bmv2] [D] [thread 23616] [25.0] [cxt 0] Processing packet received on port 4
[14:53:06.658] [bmv2] [D] [thread 23616] [25.0] [cxt 0] Parser 'parser': start
[14:53:06.658] [bmv2] [D] [thread 23616] [25.0] [cxt 0] Parser 'parser' entering state 'start'
[14:53:06.658] [bmv2] [D] [thread 23616] [25.0] [cxt 0] Extracting header 'ethernet'
[14:53:06.658] [bmv2] [D] [thread 23616] [25.0] [cxt 0] Parser state 'start': key is 86dd
[14:53:06.658] [bmv2] [T] [thread 23616] [25.0] [cxt 0] Bytes parsed: 14
[14:53:06.658] [bmv2] [D] [thread 23616] [25.0] [cxt 0] Parser 'parser': end
[14:53:06.658] [bmv2] [D] [thread 23616] [25.0] [cxt 0] Pipeline 'ingress': start
[14:53:06.658] [bmv2] [T] [thread 23616] [25.0] [cxt 0] basic.p4(139) Condition "hdr.ipv4.isValid()" (node_2) is false
[14:53:06.658] [bmv2] [D] [thread 23616] [25.0] [cxt 0] Pipeline 'ingress': end
[14:53:06.658] [bmv2] [D] [thread 23616] [25.0] [cxt 0] Egress port is 0
[14:53:06.659] [bmv2] [D] [thread 23617] [25.0] [cxt 0] Pipeline 'egress': start
[14:53:06.659] [bmv2] [T] [thread 23617] [25.0] [cxt 0] Applying table 'tbl_act'
[14:53:06.659] [bmv2] [D] [thread 23617] [25.0] [cxt 0] Looking up key:

[14:53:06.659] [bmv2] [D] [thread 23617] [25.0] [cxt 0] Table 'tbl_act': miss
[14:53:06.659] [bmv2] [D] [thread 23617] [25.0] [cxt 0] Action entry is act - 
[14:53:06.659] [bmv2] [T] [thread 23617] [25.0] [cxt 0] Action act
[14:53:06.659] [bmv2] [T] [thread 23617] [25.0] [cxt 0] Primitive (no source info)
[14:53:06.659] [bmv2] [T] [thread 23617] [25.0] [cxt 0] basic.p4(193) Condition "hdr.ppvr.isValid()" (node_7) is false
[14:53:06.659] [bmv2] [D] [thread 23617] [25.0] [cxt 0] Pipeline 'egress': end
[14:53:06.659] [bmv2] [D] [thread 23617] [25.0] [cxt 0] Deparser 'deparser': start
[14:53:06.659] [bmv2] [T] [thread 23617] [25.0] [cxt 0] Skipping checksum 'cksum' update because condition not met
[14:53:06.659] [bmv2] [D] [thread 23617] [25.0] [cxt 0] Deparsing header 'ethernet'
[14:53:06.659] [bmv2] [D] [thread 23617] [25.0] [cxt 0] Deparser 'deparser': end
[14:53:06.659] [bmv2] [D] [thread 23621] [25.0] [cxt 0] Transmitting packet of size 70 out of port 0
[14:53:19.715] [bmv2] [D] [thread 23616] [26.0] [cxt 0] Processing packet received on port 2
[14:53:19.715] [bmv2] [D] [thread 23616] [26.0] [cxt 0] Parser 'parser': start
[14:53:19.715] [bmv2] [D] [thread 23616] [26.0] [cxt 0] Parser 'parser' entering state 'start'
[14:53:19.715] [bmv2] [D] [thread 23616] [26.0] [cxt 0] Extracting header 'ethernet'
[14:53:19.715] [bmv2] [D] [thread 23616] [26.0] [cxt 0] Parser state 'start': key is 86dd
[14:53:19.715] [bmv2] [T] [thread 23616] [26.0] [cxt 0] Bytes parsed: 14
[14:53:19.715] [bmv2] [D] [thread 23616] [26.0] [cxt 0] Parser 'parser': end
[14:53:19.715] [bmv2] [D] [thread 23616] [26.0] [cxt 0] Pipeline 'ingress': start
[14:53:19.715] [bmv2] [T] [thread 23616] [26.0] [cxt 0] basic.p4(139) Condition "hdr.ipv4.isValid()" (node_2) is false
[14:53:19.715] [bmv2] [D] [thread 23616] [26.0] [cxt 0] Pipeline 'ingress': end
[14:53:19.715] [bmv2] [D] [thread 23616] [26.0] [cxt 0] Egress port is 0
[14:53:19.715] [bmv2] [D] [thread 23617] [26.0] [cxt 0] Pipeline 'egress': start
[14:53:19.715] [bmv2] [T] [thread 23617] [26.0] [cxt 0] Applying table 'tbl_act'
[14:53:19.715] [bmv2] [D] [thread 23617] [26.0] [cxt 0] Looking up key:

[14:53:19.715] [bmv2] [D] [thread 23617] [26.0] [cxt 0] Table 'tbl_act': miss
[14:53:19.715] [bmv2] [D] [thread 23617] [26.0] [cxt 0] Action entry is act - 
[14:53:19.715] [bmv2] [T] [thread 23617] [26.0] [cxt 0] Action act
[14:53:19.715] [bmv2] [T] [thread 23617] [26.0] [cxt 0] Primitive (no source info)
[14:53:19.715] [bmv2] [T] [thread 23617] [26.0] [cxt 0] basic.p4(193) Condition "hdr.ppvr.isValid()" (node_7) is false
[14:53:19.715] [bmv2] [D] [thread 23617] [26.0] [cxt 0] Pipeline 'egress': end
[14:53:19.715] [bmv2] [D] [thread 23617] [26.0] [cxt 0] Deparser 'deparser': start
[14:53:19.715] [bmv2] [T] [thread 23617] [26.0] [cxt 0] Skipping checksum 'cksum' update because condition not met
[14:53:19.715] [bmv2] [D] [thread 23617] [26.0] [cxt 0] Deparsing header 'ethernet'
[14:53:19.715] [bmv2] [D] [thread 23617] [26.0] [cxt 0] Deparser 'deparser': end
[14:53:19.716] [bmv2] [D] [thread 23621] [26.0] [cxt 0] Transmitting packet of size 70 out of port 0
[14:53:22.279] [bmv2] [D] [thread 23616] [27.0] [cxt 0] Processing packet received on port 3
[14:53:22.279] [bmv2] [D] [thread 23616] [27.0] [cxt 0] Parser 'parser': start
[14:53:22.279] [bmv2] [D] [thread 23616] [27.0] [cxt 0] Parser 'parser' entering state 'start'
[14:53:22.279] [bmv2] [D] [thread 23616] [27.0] [cxt 0] Extracting header 'ethernet'
[14:53:22.279] [bmv2] [D] [thread 23616] [27.0] [cxt 0] Parser state 'start': key is 86dd
[14:53:22.279] [bmv2] [T] [thread 23616] [27.0] [cxt 0] Bytes parsed: 14
[14:53:22.279] [bmv2] [D] [thread 23616] [27.0] [cxt 0] Parser 'parser': end
[14:53:22.279] [bmv2] [D] [thread 23616] [27.0] [cxt 0] Pipeline 'ingress': start
[14:53:22.279] [bmv2] [T] [thread 23616] [27.0] [cxt 0] basic.p4(139) Condition "hdr.ipv4.isValid()" (node_2) is false
[14:53:22.279] [bmv2] [D] [thread 23616] [27.0] [cxt 0] Pipeline 'ingress': end
[14:53:22.279] [bmv2] [D] [thread 23616] [27.0] [cxt 0] Egress port is 0
[14:53:22.279] [bmv2] [D] [thread 23617] [27.0] [cxt 0] Pipeline 'egress': start
[14:53:22.279] [bmv2] [T] [thread 23617] [27.0] [cxt 0] Applying table 'tbl_act'
[14:53:22.279] [bmv2] [D] [thread 23617] [27.0] [cxt 0] Looking up key:

[14:53:22.279] [bmv2] [D] [thread 23617] [27.0] [cxt 0] Table 'tbl_act': miss
[14:53:22.279] [bmv2] [D] [thread 23617] [27.0] [cxt 0] Action entry is act - 
[14:53:22.279] [bmv2] [T] [thread 23617] [27.0] [cxt 0] Action act
[14:53:22.279] [bmv2] [T] [thread 23617] [27.0] [cxt 0] Primitive (no source info)
[14:53:22.279] [bmv2] [T] [thread 23617] [27.0] [cxt 0] basic.p4(193) Condition "hdr.ppvr.isValid()" (node_7) is false
[14:53:22.279] [bmv2] [D] [thread 23617] [27.0] [cxt 0] Pipeline 'egress': end
[14:53:22.279] [bmv2] [D] [thread 23617] [27.0] [cxt 0] Deparser 'deparser': start
[14:53:22.279] [bmv2] [T] [thread 23617] [27.0] [cxt 0] Skipping checksum 'cksum' update because condition not met
[14:53:22.279] [bmv2] [D] [thread 23617] [27.0] [cxt 0] Deparsing header 'ethernet'
[14:53:22.279] [bmv2] [D] [thread 23617] [27.0] [cxt 0] Deparser 'deparser': end
[14:53:22.279] [bmv2] [D] [thread 23621] [27.0] [cxt 0] Transmitting packet of size 70 out of port 0
[14:53:22.792] [bmv2] [D] [thread 23616] [28.0] [cxt 0] Processing packet received on port 4
[14:53:22.792] [bmv2] [D] [thread 23616] [28.0] [cxt 0] Parser 'parser': start
[14:53:22.792] [bmv2] [D] [thread 23616] [28.0] [cxt 0] Parser 'parser' entering state 'start'
[14:53:22.792] [bmv2] [D] [thread 23616] [28.0] [cxt 0] Extracting header 'ethernet'
[14:53:22.792] [bmv2] [D] [thread 23616] [28.0] [cxt 0] Parser state 'start': key is 86dd
[14:53:22.792] [bmv2] [T] [thread 23616] [28.0] [cxt 0] Bytes parsed: 14
[14:53:22.792] [bmv2] [D] [thread 23616] [28.0] [cxt 0] Parser 'parser': end
[14:53:22.792] [bmv2] [D] [thread 23616] [28.0] [cxt 0] Pipeline 'ingress': start
[14:53:22.792] [bmv2] [T] [thread 23616] [28.0] [cxt 0] basic.p4(139) Condition "hdr.ipv4.isValid()" (node_2) is false
[14:53:22.792] [bmv2] [D] [thread 23616] [28.0] [cxt 0] Pipeline 'ingress': end
[14:53:22.792] [bmv2] [D] [thread 23616] [28.0] [cxt 0] Egress port is 0
[14:53:22.792] [bmv2] [D] [thread 23617] [28.0] [cxt 0] Pipeline 'egress': start
[14:53:22.792] [bmv2] [T] [thread 23617] [28.0] [cxt 0] Applying table 'tbl_act'
[14:53:22.792] [bmv2] [D] [thread 23617] [28.0] [cxt 0] Looking up key:

[14:53:22.792] [bmv2] [D] [thread 23617] [28.0] [cxt 0] Table 'tbl_act': miss
[14:53:22.792] [bmv2] [D] [thread 23617] [28.0] [cxt 0] Action entry is act - 
[14:53:22.792] [bmv2] [T] [thread 23617] [28.0] [cxt 0] Action act
[14:53:22.792] [bmv2] [T] [thread 23617] [28.0] [cxt 0] Primitive (no source info)
[14:53:22.792] [bmv2] [T] [thread 23617] [28.0] [cxt 0] basic.p4(193) Condition "hdr.ppvr.isValid()" (node_7) is false
[14:53:22.792] [bmv2] [D] [thread 23617] [28.0] [cxt 0] Pipeline 'egress': end
[14:53:22.792] [bmv2] [D] [thread 23617] [28.0] [cxt 0] Deparser 'deparser': start
[14:53:22.792] [bmv2] [T] [thread 23617] [28.0] [cxt 0] Skipping checksum 'cksum' update because condition not met
[14:53:22.792] [bmv2] [D] [thread 23617] [28.0] [cxt 0] Deparsing header 'ethernet'
[14:53:22.792] [bmv2] [D] [thread 23617] [28.0] [cxt 0] Deparser 'deparser': end
[14:53:22.792] [bmv2] [D] [thread 23621] [28.0] [cxt 0] Transmitting packet of size 70 out of port 0
[14:53:24.068] [bmv2] [D] [thread 23616] [29.0] [cxt 0] Processing packet received on port 1
[14:53:24.068] [bmv2] [D] [thread 23616] [29.0] [cxt 0] Parser 'parser': start
[14:53:24.068] [bmv2] [D] [thread 23616] [29.0] [cxt 0] Parser 'parser' entering state 'start'
[14:53:24.068] [bmv2] [D] [thread 23616] [29.0] [cxt 0] Extracting header 'ethernet'
[14:53:24.068] [bmv2] [D] [thread 23616] [29.0] [cxt 0] Parser state 'start': key is 86dd
[14:53:24.068] [bmv2] [T] [thread 23616] [29.0] [cxt 0] Bytes parsed: 14
[14:53:24.068] [bmv2] [D] [thread 23616] [29.0] [cxt 0] Parser 'parser': end
[14:53:24.068] [bmv2] [D] [thread 23616] [29.0] [cxt 0] Pipeline 'ingress': start
[14:53:24.068] [bmv2] [T] [thread 23616] [29.0] [cxt 0] basic.p4(139) Condition "hdr.ipv4.isValid()" (node_2) is false
[14:53:24.068] [bmv2] [D] [thread 23616] [29.0] [cxt 0] Pipeline 'ingress': end
[14:53:24.068] [bmv2] [D] [thread 23616] [29.0] [cxt 0] Egress port is 0
[14:53:24.068] [bmv2] [D] [thread 23616] [30.0] [cxt 0] Processing packet received on port 3
[14:53:24.068] [bmv2] [D] [thread 23616] [30.0] [cxt 0] Parser 'parser': start
[14:53:24.068] [bmv2] [D] [thread 23616] [30.0] [cxt 0] Parser 'parser' entering state 'start'
[14:53:24.068] [bmv2] [D] [thread 23616] [30.0] [cxt 0] Extracting header 'ethernet'
[14:53:24.068] [bmv2] [D] [thread 23616] [30.0] [cxt 0] Parser state 'start': key is 86dd
[14:53:24.068] [bmv2] [T] [thread 23616] [30.0] [cxt 0] Bytes parsed: 14
[14:53:24.068] [bmv2] [D] [thread 23616] [30.0] [cxt 0] Parser 'parser': end
[14:53:24.068] [bmv2] [D] [thread 23616] [30.0] [cxt 0] Pipeline 'ingress': start
[14:53:24.068] [bmv2] [T] [thread 23616] [30.0] [cxt 0] basic.p4(139) Condition "hdr.ipv4.isValid()" (node_2) is false
[14:53:24.068] [bmv2] [D] [thread 23616] [30.0] [cxt 0] Pipeline 'ingress': end
[14:53:24.068] [bmv2] [D] [thread 23616] [30.0] [cxt 0] Egress port is 0
[14:53:24.068] [bmv2] [D] [thread 23616] [31.0] [cxt 0] Processing packet received on port 4
[14:53:24.068] [bmv2] [D] [thread 23616] [31.0] [cxt 0] Parser 'parser': start
[14:53:24.068] [bmv2] [D] [thread 23616] [31.0] [cxt 0] Parser 'parser' entering state 'start'
[14:53:24.068] [bmv2] [D] [thread 23616] [31.0] [cxt 0] Extracting header 'ethernet'
[14:53:24.068] [bmv2] [D] [thread 23616] [31.0] [cxt 0] Parser state 'start': key is 86dd
[14:53:24.068] [bmv2] [T] [thread 23616] [31.0] [cxt 0] Bytes parsed: 14
[14:53:24.068] [bmv2] [D] [thread 23616] [31.0] [cxt 0] Parser 'parser': end
[14:53:24.068] [bmv2] [D] [thread 23616] [31.0] [cxt 0] Pipeline 'ingress': start
[14:53:24.068] [bmv2] [T] [thread 23616] [31.0] [cxt 0] basic.p4(139) Condition "hdr.ipv4.isValid()" (node_2) is false
[14:53:24.068] [bmv2] [D] [thread 23616] [31.0] [cxt 0] Pipeline 'ingress': end
[14:53:24.068] [bmv2] [D] [thread 23616] [31.0] [cxt 0] Egress port is 0
[14:53:24.069] [bmv2] [D] [thread 23617] [29.0] [cxt 0] Pipeline 'egress': start
[14:53:24.069] [bmv2] [T] [thread 23617] [29.0] [cxt 0] Applying table 'tbl_act'
[14:53:24.069] [bmv2] [D] [thread 23617] [29.0] [cxt 0] Looking up key:

[14:53:24.069] [bmv2] [D] [thread 23617] [29.0] [cxt 0] Table 'tbl_act': miss
[14:53:24.069] [bmv2] [D] [thread 23617] [29.0] [cxt 0] Action entry is act - 
[14:53:24.069] [bmv2] [T] [thread 23617] [29.0] [cxt 0] Action act
[14:53:24.069] [bmv2] [T] [thread 23617] [29.0] [cxt 0] Primitive (no source info)
[14:53:24.069] [bmv2] [T] [thread 23617] [29.0] [cxt 0] basic.p4(193) Condition "hdr.ppvr.isValid()" (node_7) is false
[14:53:24.069] [bmv2] [D] [thread 23617] [29.0] [cxt 0] Pipeline 'egress': end
[14:53:24.069] [bmv2] [D] [thread 23617] [29.0] [cxt 0] Deparser 'deparser': start
[14:53:24.069] [bmv2] [T] [thread 23617] [29.0] [cxt 0] Skipping checksum 'cksum' update because condition not met
[14:53:24.069] [bmv2] [D] [thread 23617] [29.0] [cxt 0] Deparsing header 'ethernet'
[14:53:24.069] [bmv2] [D] [thread 23617] [29.0] [cxt 0] Deparser 'deparser': end
[14:53:24.069] [bmv2] [D] [thread 23617] [30.0] [cxt 0] Pipeline 'egress': start
[14:53:24.069] [bmv2] [T] [thread 23617] [30.0] [cxt 0] Applying table 'tbl_act'
[14:53:24.069] [bmv2] [D] [thread 23617] [30.0] [cxt 0] Looking up key:

[14:53:24.069] [bmv2] [D] [thread 23617] [30.0] [cxt 0] Table 'tbl_act': miss
[14:53:24.069] [bmv2] [D] [thread 23617] [30.0] [cxt 0] Action entry is act - 
[14:53:24.069] [bmv2] [T] [thread 23617] [30.0] [cxt 0] Action act
[14:53:24.070] [bmv2] [T] [thread 23617] [30.0] [cxt 0] Primitive (no source info)
[14:53:24.070] [bmv2] [T] [thread 23617] [30.0] [cxt 0] basic.p4(193) Condition "hdr.ppvr.isValid()" (node_7) is false
[14:53:24.070] [bmv2] [D] [thread 23621] [29.0] [cxt 0] Transmitting packet of size 70 out of port 0
[14:53:24.070] [bmv2] [D] [thread 23617] [30.0] [cxt 0] Pipeline 'egress': end
[14:53:24.070] [bmv2] [D] [thread 23617] [30.0] [cxt 0] Deparser 'deparser': start
[14:53:24.070] [bmv2] [T] [thread 23617] [30.0] [cxt 0] Skipping checksum 'cksum' update because condition not met
[14:53:24.070] [bmv2] [D] [thread 23617] [30.0] [cxt 0] Deparsing header 'ethernet'
[14:53:24.070] [bmv2] [D] [thread 23617] [30.0] [cxt 0] Deparser 'deparser': end
[14:53:24.070] [bmv2] [D] [thread 23617] [31.0] [cxt 0] Pipeline 'egress': start
[14:53:24.070] [bmv2] [T] [thread 23617] [31.0] [cxt 0] Applying table 'tbl_act'
[14:53:24.070] [bmv2] [D] [thread 23617] [31.0] [cxt 0] Looking up key:

[14:53:24.070] [bmv2] [D] [thread 23617] [31.0] [cxt 0] Table 'tbl_act': miss
[14:53:24.070] [bmv2] [D] [thread 23617] [31.0] [cxt 0] Action entry is act - 
[14:53:24.070] [bmv2] [T] [thread 23617] [31.0] [cxt 0] Action act
[14:53:24.070] [bmv2] [T] [thread 23617] [31.0] [cxt 0] Primitive (no source info)
[14:53:24.070] [bmv2] [T] [thread 23617] [31.0] [cxt 0] basic.p4(193) Condition "hdr.ppvr.isValid()" (node_7) is false
[14:53:24.070] [bmv2] [D] [thread 23617] [31.0] [cxt 0] Pipeline 'egress': end
[14:53:24.070] [bmv2] [D] [thread 23617] [31.0] [cxt 0] Deparser 'deparser': start
[14:53:24.070] [bmv2] [T] [thread 23617] [31.0] [cxt 0] Skipping checksum 'cksum' update because condition not met
[14:53:24.070] [bmv2] [D] [thread 23617] [31.0] [cxt 0] Deparsing header 'ethernet'
[14:53:24.070] [bmv2] [D] [thread 23617] [31.0] [cxt 0] Deparser 'deparser': end
[14:53:24.070] [bmv2] [D] [thread 23621] [30.0] [cxt 0] Transmitting packet of size 70 out of port 0
[14:53:24.070] [bmv2] [D] [thread 23621] [31.0] [cxt 0] Transmitting packet of size 70 out of port 0
[14:53:48.655] [bmv2] [D] [thread 23616] [32.0] [cxt 0] Processing packet received on port 2
[14:53:48.655] [bmv2] [D] [thread 23616] [32.0] [cxt 0] Parser 'parser': start
[14:53:48.655] [bmv2] [D] [thread 23616] [32.0] [cxt 0] Parser 'parser' entering state 'start'
[14:53:48.655] [bmv2] [D] [thread 23616] [32.0] [cxt 0] Extracting header 'ethernet'
[14:53:48.656] [bmv2] [D] [thread 23616] [32.0] [cxt 0] Parser state 'start': key is 86dd
[14:53:48.656] [bmv2] [T] [thread 23616] [32.0] [cxt 0] Bytes parsed: 14
[14:53:48.656] [bmv2] [D] [thread 23616] [32.0] [cxt 0] Parser 'parser': end
[14:53:48.656] [bmv2] [D] [thread 23616] [32.0] [cxt 0] Pipeline 'ingress': start
[14:53:48.656] [bmv2] [T] [thread 23616] [32.0] [cxt 0] basic.p4(139) Condition "hdr.ipv4.isValid()" (node_2) is false
[14:53:48.656] [bmv2] [D] [thread 23616] [32.0] [cxt 0] Pipeline 'ingress': end
[14:53:48.656] [bmv2] [D] [thread 23616] [32.0] [cxt 0] Egress port is 0
[14:53:48.656] [bmv2] [D] [thread 23617] [32.0] [cxt 0] Pipeline 'egress': start
[14:53:48.656] [bmv2] [T] [thread 23617] [32.0] [cxt 0] Applying table 'tbl_act'
[14:53:48.656] [bmv2] [D] [thread 23617] [32.0] [cxt 0] Looking up key:

[14:53:48.656] [bmv2] [D] [thread 23617] [32.0] [cxt 0] Table 'tbl_act': miss
[14:53:48.656] [bmv2] [D] [thread 23617] [32.0] [cxt 0] Action entry is act - 
[14:53:48.656] [bmv2] [T] [thread 23617] [32.0] [cxt 0] Action act
[14:53:48.656] [bmv2] [T] [thread 23617] [32.0] [cxt 0] Primitive (no source info)
[14:53:48.656] [bmv2] [T] [thread 23617] [32.0] [cxt 0] basic.p4(193) Condition "hdr.ppvr.isValid()" (node_7) is false
[14:53:48.656] [bmv2] [D] [thread 23617] [32.0] [cxt 0] Pipeline 'egress': end
[14:53:48.656] [bmv2] [D] [thread 23617] [32.0] [cxt 0] Deparser 'deparser': start
[14:53:48.656] [bmv2] [T] [thread 23617] [32.0] [cxt 0] Skipping checksum 'cksum' update because condition not met
[14:53:48.656] [bmv2] [D] [thread 23617] [32.0] [cxt 0] Deparsing header 'ethernet'
[14:53:48.656] [bmv2] [D] [thread 23617] [32.0] [cxt 0] Deparser 'deparser': end
[14:53:48.656] [bmv2] [D] [thread 23621] [32.0] [cxt 0] Transmitting packet of size 70 out of port 0
[14:53:54.793] [bmv2] [D] [thread 23616] [33.0] [cxt 0] Processing packet received on port 3
[14:53:54.793] [bmv2] [D] [thread 23616] [33.0] [cxt 0] Parser 'parser': start
[14:53:54.793] [bmv2] [D] [thread 23616] [33.0] [cxt 0] Parser 'parser' entering state 'start'
[14:53:54.793] [bmv2] [D] [thread 23616] [33.0] [cxt 0] Extracting header 'ethernet'
[14:53:54.793] [bmv2] [D] [thread 23616] [33.0] [cxt 0] Parser state 'start': key is 86dd
[14:53:54.793] [bmv2] [T] [thread 23616] [33.0] [cxt 0] Bytes parsed: 14
[14:53:54.794] [bmv2] [D] [thread 23616] [33.0] [cxt 0] Parser 'parser': end
[14:53:54.794] [bmv2] [D] [thread 23616] [33.0] [cxt 0] Pipeline 'ingress': start
[14:53:54.794] [bmv2] [T] [thread 23616] [33.0] [cxt 0] basic.p4(139) Condition "hdr.ipv4.isValid()" (node_2) is false
[14:53:54.794] [bmv2] [D] [thread 23616] [33.0] [cxt 0] Pipeline 'ingress': end
[14:53:54.794] [bmv2] [D] [thread 23616] [33.0] [cxt 0] Egress port is 0
[14:53:54.794] [bmv2] [D] [thread 23616] [34.0] [cxt 0] Processing packet received on port 4
[14:53:54.794] [bmv2] [D] [thread 23616] [34.0] [cxt 0] Parser 'parser': start
[14:53:54.794] [bmv2] [D] [thread 23616] [34.0] [cxt 0] Parser 'parser' entering state 'start'
[14:53:54.794] [bmv2] [D] [thread 23616] [34.0] [cxt 0] Extracting header 'ethernet'
[14:53:54.794] [bmv2] [D] [thread 23616] [34.0] [cxt 0] Parser state 'start': key is 86dd
[14:53:54.794] [bmv2] [T] [thread 23616] [34.0] [cxt 0] Bytes parsed: 14
[14:53:54.794] [bmv2] [D] [thread 23616] [34.0] [cxt 0] Parser 'parser': end
[14:53:54.794] [bmv2] [D] [thread 23616] [34.0] [cxt 0] Pipeline 'ingress': start
[14:53:54.794] [bmv2] [T] [thread 23616] [34.0] [cxt 0] basic.p4(139) Condition "hdr.ipv4.isValid()" (node_2) is false
[14:53:54.794] [bmv2] [D] [thread 23616] [34.0] [cxt 0] Pipeline 'ingress': end
[14:53:54.794] [bmv2] [D] [thread 23616] [34.0] [cxt 0] Egress port is 0
[14:53:54.794] [bmv2] [D] [thread 23617] [33.0] [cxt 0] Pipeline 'egress': start
[14:53:54.794] [bmv2] [T] [thread 23617] [33.0] [cxt 0] Applying table 'tbl_act'
[14:53:54.794] [bmv2] [D] [thread 23617] [33.0] [cxt 0] Looking up key:

[14:53:54.794] [bmv2] [D] [thread 23617] [33.0] [cxt 0] Table 'tbl_act': miss
[14:53:54.794] [bmv2] [D] [thread 23617] [33.0] [cxt 0] Action entry is act - 
[14:53:54.794] [bmv2] [T] [thread 23617] [33.0] [cxt 0] Action act
[14:53:54.794] [bmv2] [T] [thread 23617] [33.0] [cxt 0] Primitive (no source info)
[14:53:54.794] [bmv2] [T] [thread 23617] [33.0] [cxt 0] basic.p4(193) Condition "hdr.ppvr.isValid()" (node_7) is false
[14:53:54.794] [bmv2] [D] [thread 23617] [33.0] [cxt 0] Pipeline 'egress': end
[14:53:54.794] [bmv2] [D] [thread 23617] [33.0] [cxt 0] Deparser 'deparser': start
[14:53:54.794] [bmv2] [T] [thread 23617] [33.0] [cxt 0] Skipping checksum 'cksum' update because condition not met
[14:53:54.794] [bmv2] [D] [thread 23617] [33.0] [cxt 0] Deparsing header 'ethernet'
[14:53:54.794] [bmv2] [D] [thread 23617] [33.0] [cxt 0] Deparser 'deparser': end
[14:53:54.794] [bmv2] [D] [thread 23617] [34.0] [cxt 0] Pipeline 'egress': start
[14:53:54.794] [bmv2] [T] [thread 23617] [34.0] [cxt 0] Applying table 'tbl_act'
[14:53:54.794] [bmv2] [D] [thread 23617] [34.0] [cxt 0] Looking up key:

[14:53:54.794] [bmv2] [D] [thread 23617] [34.0] [cxt 0] Table 'tbl_act': miss
[14:53:54.794] [bmv2] [D] [thread 23617] [34.0] [cxt 0] Action entry is act - 
[14:53:54.794] [bmv2] [T] [thread 23617] [34.0] [cxt 0] Action act
[14:53:54.794] [bmv2] [T] [thread 23617] [34.0] [cxt 0] Primitive (no source info)
[14:53:54.794] [bmv2] [T] [thread 23617] [34.0] [cxt 0] basic.p4(193) Condition "hdr.ppvr.isValid()" (node_7) is false
[14:53:54.794] [bmv2] [D] [thread 23617] [34.0] [cxt 0] Pipeline 'egress': end
[14:53:54.794] [bmv2] [D] [thread 23617] [34.0] [cxt 0] Deparser 'deparser': start
[14:53:54.794] [bmv2] [T] [thread 23617] [34.0] [cxt 0] Skipping checksum 'cksum' update because condition not met
[14:53:54.794] [bmv2] [D] [thread 23617] [34.0] [cxt 0] Deparsing header 'ethernet'
[14:53:54.794] [bmv2] [D] [thread 23617] [34.0] [cxt 0] Deparser 'deparser': end
[14:53:54.794] [bmv2] [D] [thread 23621] [33.0] [cxt 0] Transmitting packet of size 70 out of port 0
[14:53:54.794] [bmv2] [D] [thread 23621] [34.0] [cxt 0] Transmitting packet of size 70 out of port 0
[14:53:56.834] [bmv2] [D] [thread 23616] [35.0] [cxt 0] Processing packet received on port 1
[14:53:56.834] [bmv2] [D] [thread 23616] [35.0] [cxt 0] Parser 'parser': start
[14:53:56.834] [bmv2] [D] [thread 23616] [35.0] [cxt 0] Parser 'parser' entering state 'start'
[14:53:56.834] [bmv2] [D] [thread 23616] [35.0] [cxt 0] Extracting header 'ethernet'
[14:53:56.834] [bmv2] [D] [thread 23616] [35.0] [cxt 0] Parser state 'start': key is 86dd
[14:53:56.834] [bmv2] [T] [thread 23616] [35.0] [cxt 0] Bytes parsed: 14
[14:53:56.834] [bmv2] [D] [thread 23616] [35.0] [cxt 0] Parser 'parser': end
[14:53:56.834] [bmv2] [D] [thread 23616] [35.0] [cxt 0] Pipeline 'ingress': start
[14:53:56.834] [bmv2] [T] [thread 23616] [35.0] [cxt 0] basic.p4(139) Condition "hdr.ipv4.isValid()" (node_2) is false
[14:53:56.834] [bmv2] [D] [thread 23616] [35.0] [cxt 0] Pipeline 'ingress': end
[14:53:56.834] [bmv2] [D] [thread 23616] [35.0] [cxt 0] Egress port is 0
[14:53:56.834] [bmv2] [D] [thread 23616] [36.0] [cxt 0] Processing packet received on port 3
[14:53:56.834] [bmv2] [D] [thread 23616] [36.0] [cxt 0] Parser 'parser': start
[14:53:56.834] [bmv2] [D] [thread 23616] [36.0] [cxt 0] Parser 'parser' entering state 'start'
[14:53:56.834] [bmv2] [D] [thread 23616] [36.0] [cxt 0] Extracting header 'ethernet'
[14:53:56.834] [bmv2] [D] [thread 23616] [36.0] [cxt 0] Parser state 'start': key is 86dd
[14:53:56.834] [bmv2] [T] [thread 23616] [36.0] [cxt 0] Bytes parsed: 14
[14:53:56.834] [bmv2] [D] [thread 23616] [36.0] [cxt 0] Parser 'parser': end
[14:53:56.834] [bmv2] [D] [thread 23616] [36.0] [cxt 0] Pipeline 'ingress': start
[14:53:56.834] [bmv2] [T] [thread 23616] [36.0] [cxt 0] basic.p4(139) Condition "hdr.ipv4.isValid()" (node_2) is false
[14:53:56.834] [bmv2] [D] [thread 23616] [36.0] [cxt 0] Pipeline 'ingress': end
[14:53:56.834] [bmv2] [D] [thread 23616] [36.0] [cxt 0] Egress port is 0
[14:53:56.834] [bmv2] [D] [thread 23616] [37.0] [cxt 0] Processing packet received on port 4
[14:53:56.834] [bmv2] [D] [thread 23616] [37.0] [cxt 0] Parser 'parser': start
[14:53:56.835] [bmv2] [D] [thread 23616] [37.0] [cxt 0] Parser 'parser' entering state 'start'
[14:53:56.835] [bmv2] [D] [thread 23616] [37.0] [cxt 0] Extracting header 'ethernet'
[14:53:56.835] [bmv2] [D] [thread 23616] [37.0] [cxt 0] Parser state 'start': key is 86dd
[14:53:56.835] [bmv2] [T] [thread 23616] [37.0] [cxt 0] Bytes parsed: 14
[14:53:56.835] [bmv2] [D] [thread 23616] [37.0] [cxt 0] Parser 'parser': end
[14:53:56.835] [bmv2] [D] [thread 23616] [37.0] [cxt 0] Pipeline 'ingress': start
[14:53:56.835] [bmv2] [T] [thread 23616] [37.0] [cxt 0] basic.p4(139) Condition "hdr.ipv4.isValid()" (node_2) is false
[14:53:56.835] [bmv2] [D] [thread 23616] [37.0] [cxt 0] Pipeline 'ingress': end
[14:53:56.835] [bmv2] [D] [thread 23616] [37.0] [cxt 0] Egress port is 0
[14:53:56.835] [bmv2] [D] [thread 23617] [35.0] [cxt 0] Pipeline 'egress': start
[14:53:56.835] [bmv2] [T] [thread 23617] [35.0] [cxt 0] Applying table 'tbl_act'
[14:53:56.835] [bmv2] [D] [thread 23617] [35.0] [cxt 0] Looking up key:

[14:53:56.835] [bmv2] [D] [thread 23617] [35.0] [cxt 0] Table 'tbl_act': miss
[14:53:56.835] [bmv2] [D] [thread 23617] [35.0] [cxt 0] Action entry is act - 
[14:53:56.835] [bmv2] [T] [thread 23617] [35.0] [cxt 0] Action act
[14:53:56.835] [bmv2] [T] [thread 23617] [35.0] [cxt 0] Primitive (no source info)
[14:53:56.835] [bmv2] [T] [thread 23617] [35.0] [cxt 0] basic.p4(193) Condition "hdr.ppvr.isValid()" (node_7) is false
[14:53:56.835] [bmv2] [D] [thread 23617] [35.0] [cxt 0] Pipeline 'egress': end
[14:53:56.835] [bmv2] [D] [thread 23617] [35.0] [cxt 0] Deparser 'deparser': start
[14:53:56.835] [bmv2] [T] [thread 23617] [35.0] [cxt 0] Skipping checksum 'cksum' update because condition not met
[14:53:56.835] [bmv2] [D] [thread 23617] [35.0] [cxt 0] Deparsing header 'ethernet'
[14:53:56.835] [bmv2] [D] [thread 23617] [35.0] [cxt 0] Deparser 'deparser': end
[14:53:56.835] [bmv2] [D] [thread 23617] [36.0] [cxt 0] Pipeline 'egress': start
[14:53:56.835] [bmv2] [T] [thread 23617] [36.0] [cxt 0] Applying table 'tbl_act'
[14:53:56.835] [bmv2] [D] [thread 23617] [36.0] [cxt 0] Looking up key:

[14:53:56.835] [bmv2] [D] [thread 23617] [36.0] [cxt 0] Table 'tbl_act': miss
[14:53:56.835] [bmv2] [D] [thread 23617] [36.0] [cxt 0] Action entry is act - 
[14:53:56.835] [bmv2] [T] [thread 23617] [36.0] [cxt 0] Action act
[14:53:56.835] [bmv2] [T] [thread 23617] [36.0] [cxt 0] Primitive (no source info)
[14:53:56.835] [bmv2] [T] [thread 23617] [36.0] [cxt 0] basic.p4(193) Condition "hdr.ppvr.isValid()" (node_7) is false
[14:53:56.835] [bmv2] [D] [thread 23617] [36.0] [cxt 0] Pipeline 'egress': end
[14:53:56.835] [bmv2] [D] [thread 23617] [36.0] [cxt 0] Deparser 'deparser': start
[14:53:56.835] [bmv2] [T] [thread 23617] [36.0] [cxt 0] Skipping checksum 'cksum' update because condition not met
[14:53:56.835] [bmv2] [D] [thread 23617] [36.0] [cxt 0] Deparsing header 'ethernet'
[14:53:56.835] [bmv2] [D] [thread 23617] [36.0] [cxt 0] Deparser 'deparser': end
[14:53:56.835] [bmv2] [D] [thread 23617] [37.0] [cxt 0] Pipeline 'egress': start
[14:53:56.835] [bmv2] [T] [thread 23617] [37.0] [cxt 0] Applying table 'tbl_act'
[14:53:56.835] [bmv2] [D] [thread 23617] [37.0] [cxt 0] Looking up key:

[14:53:56.835] [bmv2] [D] [thread 23617] [37.0] [cxt 0] Table 'tbl_act': miss
[14:53:56.835] [bmv2] [D] [thread 23617] [37.0] [cxt 0] Action entry is act - 
[14:53:56.835] [bmv2] [T] [thread 23617] [37.0] [cxt 0] Action act
[14:53:56.835] [bmv2] [T] [thread 23617] [37.0] [cxt 0] Primitive (no source info)
[14:53:56.835] [bmv2] [T] [thread 23617] [37.0] [cxt 0] basic.p4(193) Condition "hdr.ppvr.isValid()" (node_7) is false
[14:53:56.835] [bmv2] [D] [thread 23617] [37.0] [cxt 0] Pipeline 'egress': end
[14:53:56.835] [bmv2] [D] [thread 23617] [37.0] [cxt 0] Deparser 'deparser': start
[14:53:56.835] [bmv2] [T] [thread 23617] [37.0] [cxt 0] Skipping checksum 'cksum' update because condition not met
[14:53:56.835] [bmv2] [D] [thread 23617] [37.0] [cxt 0] Deparsing header 'ethernet'
[14:53:56.835] [bmv2] [D] [thread 23617] [37.0] [cxt 0] Deparser 'deparser': end
[14:53:56.835] [bmv2] [D] [thread 23621] [35.0] [cxt 0] Transmitting packet of size 70 out of port 0
[14:53:56.835] [bmv2] [D] [thread 23621] [36.0] [cxt 0] Transmitting packet of size 70 out of port 0
[14:53:56.835] [bmv2] [D] [thread 23621] [37.0] [cxt 0] Transmitting packet of size 70 out of port 0
open: No such file or directory
open: No such file or directory
open: No such file or directory
open: No such file or directory
open: No such file or directory
open: No such file or directory
