Calling target program-options parser
[14:52:54.080] [bmv2] [D] [thread 23623] Set default default entry for table 'MyIngress.ipv4_lpm': MyIngress.drop - 
[14:52:54.094] [bmv2] [D] [thread 23623] Set default default entry for table 'tbl_act': act - 
[14:52:54.094] [bmv2] [D] [thread 23623] Set default default entry for table 'tbl_basic199': basic199 - 
[14:52:54.094] [bmv2] [D] [thread 23623] Set default default entry for table 'tbl_basic242': basic242 - 
[14:52:54.094] [bmv2] [D] [thread 23623] Set default default entry for table 'tbl_basic247': basic247 - 
[14:52:54.094] [bmv2] [D] [thread 23623] Set default default entry for table 'tbl_basic251': basic251 - 
[14:52:54.094] [bmv2] [D] [thread 23623] Set default default entry for table 'tbl_basic255': basic255 - 
[14:52:54.094] [bmv2] [D] [thread 23623] Set default default entry for table 'tbl_basic259': basic259 - 
[14:52:54.094] [bmv2] [D] [thread 23623] Set default default entry for table 'tbl_basic263': basic263 - 
[14:52:54.094] [bmv2] [D] [thread 23623] Set default default entry for table 'tbl_basic267': basic267 - 
[14:52:54.094] [bmv2] [D] [thread 23623] Set default default entry for table 'tbl_basic271': basic271 - 
[14:52:54.094] [bmv2] [D] [thread 23623] Set default default entry for table 'tbl_basic275': basic275 - 
[14:52:54.094] [bmv2] [D] [thread 23623] Set default default entry for table 'tbl_basic279': basic279 - 
[14:52:54.094] [bmv2] [D] [thread 23623] Set default default entry for table 'tbl_basic283': basic283 - 
[14:52:54.094] [bmv2] [D] [thread 23623] Set default default entry for table 'tbl_basic287': basic287 - 
[14:52:54.094] [bmv2] [D] [thread 23623] Set default default entry for table 'tbl_basic291': basic291 - 
[14:52:54.094] [bmv2] [D] [thread 23623] Set default default entry for table 'tbl_basic295': basic295 - 
[14:52:54.094] [bmv2] [D] [thread 23623] Set default default entry for table 'tbl_basic299': basic299 - 
[14:52:54.094] [bmv2] [D] [thread 23623] Set default default entry for table 'tbl_basic303': basic303 - 
[14:52:54.094] [bmv2] [D] [thread 23623] Set default default entry for table 'tbl_basic307': basic307 - 
[14:52:54.094] [bmv2] [D] [thread 23623] Set default default entry for table 'tbl_basic311': basic311 - 
[14:52:54.094] [bmv2] [D] [thread 23623] Set default default entry for table 'tbl_basic315': basic315 - 
[14:52:54.094] [bmv2] [D] [thread 23623] Set default default entry for table 'tbl_basic319': basic319 - 
[14:52:54.094] [bmv2] [D] [thread 23623] Set default default entry for table 'tbl_basic323': basic323 - 
[14:52:54.094] [bmv2] [D] [thread 23623] Set default default entry for table 'tbl_basic327': basic327 - 
[14:52:54.094] [bmv2] [D] [thread 23623] Set default default entry for table 'tbl_basic331': basic331 - 
[14:52:54.094] [bmv2] [D] [thread 23623] Set default default entry for table 'tbl_basic335': basic335 - 
[14:52:54.094] [bmv2] [D] [thread 23623] Set default default entry for table 'tbl_basic339': basic339 - 
[14:52:54.094] [bmv2] [D] [thread 23623] Set default default entry for table 'tbl_basic343': basic343 - 
[14:52:54.094] [bmv2] [D] [thread 23623] Set default default entry for table 'tbl_basic347': basic347 - 
[14:52:54.094] [bmv2] [D] [thread 23623] Set default default entry for table 'tbl_basic351': basic351 - 
[14:52:54.094] [bmv2] [D] [thread 23623] Set default default entry for table 'tbl_basic355': basic355 - 
[14:52:54.094] [bmv2] [D] [thread 23623] Set default default entry for table 'tbl_basic359': basic359 - 
[14:52:54.094] [bmv2] [D] [thread 23623] Set default default entry for table 'tbl_basic363': basic363 - 
[14:52:54.094] [bmv2] [D] [thread 23623] Set default default entry for table 'tbl_basic367': basic367 - 
[14:52:54.094] [bmv2] [D] [thread 23623] Set default default entry for table 'tbl_basic372': basic372 - 
[14:52:54.094] [bmv2] [D] [thread 23623] Set default default entry for table 'tbl_basic375': basic375 - 
[14:52:54.094] [bmv2] [D] [thread 23623] Set default default entry for table 'MyEgress.tvf': MyEgress.set_label - 0,
[14:52:54.094] [bmv2] [D] [thread 23623] Entry 0 added to table 'MyEgress.tvf'
[14:52:54.094] [bmv2] [D] [thread 23623] Dumping entry 0
Match key:
* hdr.ppvr.tp         : RANGE     00000000 -> 000000fa
Priority: 1
Action entry: MyEgress.set_label - a,

[14:52:54.094] [bmv2] [D] [thread 23623] Entry 1 added to table 'MyEgress.tvf'
[14:52:54.094] [bmv2] [D] [thread 23623] Dumping entry 1
Match key:
* hdr.ppvr.tp         : RANGE     000000fa -> 000001f4
Priority: 2
Action entry: MyEgress.set_label - 9,

[14:52:54.094] [bmv2] [D] [thread 23623] Entry 2 added to table 'MyEgress.tvf'
[14:52:54.094] [bmv2] [D] [thread 23623] Dumping entry 2
Match key:
* hdr.ppvr.tp         : RANGE     000001f4 -> 000002ee
Priority: 3
Action entry: MyEgress.set_label - 8,

[14:52:54.094] [bmv2] [D] [thread 23623] Entry 3 added to table 'MyEgress.tvf'
[14:52:54.094] [bmv2] [D] [thread 23623] Dumping entry 3
Match key:
* hdr.ppvr.tp         : RANGE     000002ee -> 000003e8
Priority: 4
Action entry: MyEgress.set_label - 7,

[14:52:54.094] [bmv2] [D] [thread 23623] Entry 4 added to table 'MyEgress.tvf'
[14:52:54.094] [bmv2] [D] [thread 23623] Dumping entry 4
Match key:
* hdr.ppvr.tp         : RANGE     000003e8 -> 000004e2
Priority: 5
Action entry: MyEgress.set_label - 6,

[14:52:54.094] [bmv2] [D] [thread 23623] Entry 5 added to table 'MyEgress.tvf'
[14:52:54.094] [bmv2] [D] [thread 23623] Dumping entry 5
Match key:
* hdr.ppvr.tp         : RANGE     000004e2 -> 000005dc
Priority: 6
Action entry: MyEgress.set_label - 5,

[14:52:54.095] [bmv2] [D] [thread 23623] Entry 6 added to table 'MyEgress.tvf'
[14:52:54.095] [bmv2] [D] [thread 23623] Dumping entry 6
Match key:
* hdr.ppvr.tp         : RANGE     000005dc -> 000006d6
Priority: 7
Action entry: MyEgress.set_label - 4,

[14:52:54.095] [bmv2] [D] [thread 23623] Entry 7 added to table 'MyEgress.tvf'
[14:52:54.095] [bmv2] [D] [thread 23623] Dumping entry 7
Match key:
* hdr.ppvr.tp         : RANGE     000006d6 -> 000007d0
Priority: 8
Action entry: MyEgress.set_label - 3,

[14:52:54.095] [bmv2] [D] [thread 23623] Entry 8 added to table 'MyEgress.tvf'
[14:52:54.095] [bmv2] [D] [thread 23623] Dumping entry 8
Match key:
* hdr.ppvr.tp         : RANGE     000008ca -> 000009c4
Priority: 9
Action entry: MyEgress.set_label - 2,

[14:52:54.095] [bmv2] [D] [thread 23623] Entry 9 added to table 'MyEgress.tvf'
[14:52:54.095] [bmv2] [D] [thread 23623] Dumping entry 9
Match key:
* hdr.ppvr.tp         : RANGE     000009c4 -> 00000abe
Priority: 10
Action entry: MyEgress.set_label - 1,

Adding interface s3-eth1 as port 1
[14:52:54.099] [bmv2] [D] [thread 23623] Adding interface s3-eth1 as port 1
Adding interface s3-eth2 as port 2
[14:52:54.134] [bmv2] [D] [thread 23623] Adding interface s3-eth2 as port 2
Server listening on 0.0.0.0:50053
[14:52:54.171] [bmv2] [I] [thread 23623] Starting Thrift server on port 9092
[14:52:54.171] [bmv2] [I] [thread 23623] Thrift server was started
[14:52:54.435] [bmv2] [D] [thread 23634] [0.0] [cxt 0] Processing packet received on port 2
[14:52:54.435] [bmv2] [D] [thread 23634] [0.0] [cxt 0] Parser 'parser': start
[14:52:54.435] [bmv2] [D] [thread 23634] [0.0] [cxt 0] Parser 'parser' entering state 'start'
[14:52:54.435] [bmv2] [D] [thread 23634] [0.0] [cxt 0] Extracting header 'ethernet'
[14:52:54.435] [bmv2] [D] [thread 23634] [0.0] [cxt 0] Parser state 'start': key is 86dd
[14:52:54.435] [bmv2] [T] [thread 23634] [0.0] [cxt 0] Bytes parsed: 14
[14:52:54.435] [bmv2] [D] [thread 23634] [0.0] [cxt 0] Parser 'parser': end
[14:52:54.435] [bmv2] [D] [thread 23634] [0.0] [cxt 0] Pipeline 'ingress': start
[14:52:54.435] [bmv2] [T] [thread 23634] [0.0] [cxt 0] basic.p4(139) Condition "hdr.ipv4.isValid()" (node_2) is false
[14:52:54.435] [bmv2] [D] [thread 23634] [0.0] [cxt 0] Pipeline 'ingress': end
[14:52:54.435] [bmv2] [D] [thread 23634] [0.0] [cxt 0] Egress port is 0
[14:52:54.435] [bmv2] [D] [thread 23634] [1.0] [cxt 0] Processing packet received on port 2
[14:52:54.435] [bmv2] [D] [thread 23634] [1.0] [cxt 0] Parser 'parser': start
[14:52:54.435] [bmv2] [D] [thread 23634] [1.0] [cxt 0] Parser 'parser' entering state 'start'
[14:52:54.435] [bmv2] [D] [thread 23634] [1.0] [cxt 0] Extracting header 'ethernet'
[14:52:54.435] [bmv2] [D] [thread 23634] [1.0] [cxt 0] Parser state 'start': key is 86dd
[14:52:54.435] [bmv2] [T] [thread 23634] [1.0] [cxt 0] Bytes parsed: 14
[14:52:54.435] [bmv2] [D] [thread 23634] [1.0] [cxt 0] Parser 'parser': end
[14:52:54.435] [bmv2] [D] [thread 23634] [1.0] [cxt 0] Pipeline 'ingress': start
[14:52:54.435] [bmv2] [T] [thread 23634] [1.0] [cxt 0] basic.p4(139) Condition "hdr.ipv4.isValid()" (node_2) is false
[14:52:54.435] [bmv2] [D] [thread 23634] [1.0] [cxt 0] Pipeline 'ingress': end
[14:52:54.435] [bmv2] [D] [thread 23634] [1.0] [cxt 0] Egress port is 0
[14:52:54.435] [bmv2] [D] [thread 23635] [0.0] [cxt 0] Pipeline 'egress': start
[14:52:54.435] [bmv2] [T] [thread 23635] [0.0] [cxt 0] Applying table 'tbl_act'
[14:52:54.435] [bmv2] [D] [thread 23635] [0.0] [cxt 0] Looking up key:

[14:52:54.435] [bmv2] [D] [thread 23635] [0.0] [cxt 0] Table 'tbl_act': miss
[14:52:54.435] [bmv2] [D] [thread 23635] [0.0] [cxt 0] Action entry is act - 
[14:52:54.435] [bmv2] [T] [thread 23635] [0.0] [cxt 0] Action act
[14:52:54.435] [bmv2] [T] [thread 23635] [0.0] [cxt 0] Primitive (no source info)
[14:52:54.435] [bmv2] [T] [thread 23635] [0.0] [cxt 0] basic.p4(193) Condition "hdr.ppvr.isValid()" (node_7) is false
[14:52:54.435] [bmv2] [D] [thread 23635] [0.0] [cxt 0] Pipeline 'egress': end
[14:52:54.435] [bmv2] [D] [thread 23635] [0.0] [cxt 0] Deparser 'deparser': start
[14:52:54.436] [bmv2] [T] [thread 23635] [0.0] [cxt 0] Skipping checksum 'cksum' update because condition not met
[14:52:54.436] [bmv2] [D] [thread 23635] [0.0] [cxt 0] Deparsing header 'ethernet'
[14:52:54.436] [bmv2] [D] [thread 23635] [0.0] [cxt 0] Deparser 'deparser': end
[14:52:54.436] [bmv2] [D] [thread 23635] [1.0] [cxt 0] Pipeline 'egress': start
[14:52:54.436] [bmv2] [T] [thread 23635] [1.0] [cxt 0] Applying table 'tbl_act'
[14:52:54.436] [bmv2] [D] [thread 23635] [1.0] [cxt 0] Looking up key:

[14:52:54.436] [bmv2] [D] [thread 23635] [1.0] [cxt 0] Table 'tbl_act': miss
[14:52:54.436] [bmv2] [D] [thread 23635] [1.0] [cxt 0] Action entry is act - 
[14:52:54.436] [bmv2] [T] [thread 23635] [1.0] [cxt 0] Action act
[14:52:54.436] [bmv2] [T] [thread 23635] [1.0] [cxt 0] Primitive (no source info)
[14:52:54.436] [bmv2] [T] [thread 23635] [1.0] [cxt 0] basic.p4(193) Condition "hdr.ppvr.isValid()" (node_7) is false
[14:52:54.436] [bmv2] [D] [thread 23635] [1.0] [cxt 0] Pipeline 'egress': end
[14:52:54.436] [bmv2] [D] [thread 23635] [1.0] [cxt 0] Deparser 'deparser': start
[14:52:54.436] [bmv2] [T] [thread 23635] [1.0] [cxt 0] Skipping checksum 'cksum' update because condition not met
[14:52:54.436] [bmv2] [D] [thread 23635] [1.0] [cxt 0] Deparsing header 'ethernet'
[14:52:54.436] [bmv2] [D] [thread 23635] [1.0] [cxt 0] Deparser 'deparser': end
[14:52:54.437] [bmv2] [D] [thread 23639] [0.0] [cxt 0] Transmitting packet of size 90 out of port 0
[14:52:54.437] [bmv2] [D] [thread 23639] [1.0] [cxt 0] Transmitting packet of size 70 out of port 0
[14:52:54.818] [bmv2] [D] [thread 23634] [2.0] [cxt 0] Processing packet received on port 1
[14:52:54.818] [bmv2] [D] [thread 23634] [2.0] [cxt 0] Parser 'parser': start
[14:52:54.818] [bmv2] [D] [thread 23634] [2.0] [cxt 0] Parser 'parser' entering state 'start'
[14:52:54.818] [bmv2] [D] [thread 23634] [2.0] [cxt 0] Extracting header 'ethernet'
[14:52:54.818] [bmv2] [D] [thread 23634] [2.0] [cxt 0] Parser state 'start': key is 86dd
[14:52:54.818] [bmv2] [T] [thread 23634] [2.0] [cxt 0] Bytes parsed: 14
[14:52:54.818] [bmv2] [D] [thread 23634] [2.0] [cxt 0] Parser 'parser': end
[14:52:54.818] [bmv2] [D] [thread 23634] [2.0] [cxt 0] Pipeline 'ingress': start
[14:52:54.818] [bmv2] [T] [thread 23634] [2.0] [cxt 0] basic.p4(139) Condition "hdr.ipv4.isValid()" (node_2) is false
[14:52:54.818] [bmv2] [D] [thread 23634] [2.0] [cxt 0] Pipeline 'ingress': end
[14:52:54.818] [bmv2] [D] [thread 23634] [2.0] [cxt 0] Egress port is 0
[14:52:54.818] [bmv2] [D] [thread 23635] [2.0] [cxt 0] Pipeline 'egress': start
[14:52:54.818] [bmv2] [T] [thread 23635] [2.0] [cxt 0] Applying table 'tbl_act'
[14:52:54.818] [bmv2] [D] [thread 23635] [2.0] [cxt 0] Looking up key:

[14:52:54.818] [bmv2] [D] [thread 23635] [2.0] [cxt 0] Table 'tbl_act': miss
[14:52:54.818] [bmv2] [D] [thread 23635] [2.0] [cxt 0] Action entry is act - 
[14:52:54.818] [bmv2] [T] [thread 23635] [2.0] [cxt 0] Action act
[14:52:54.818] [bmv2] [T] [thread 23635] [2.0] [cxt 0] Primitive (no source info)
[14:52:54.818] [bmv2] [T] [thread 23635] [2.0] [cxt 0] basic.p4(193) Condition "hdr.ppvr.isValid()" (node_7) is false
[14:52:54.818] [bmv2] [D] [thread 23635] [2.0] [cxt 0] Pipeline 'egress': end
[14:52:54.818] [bmv2] [D] [thread 23635] [2.0] [cxt 0] Deparser 'deparser': start
[14:52:54.818] [bmv2] [T] [thread 23635] [2.0] [cxt 0] Skipping checksum 'cksum' update because condition not met
[14:52:54.818] [bmv2] [D] [thread 23635] [2.0] [cxt 0] Deparsing header 'ethernet'
[14:52:54.818] [bmv2] [D] [thread 23635] [2.0] [cxt 0] Deparser 'deparser': end
[14:52:54.818] [bmv2] [D] [thread 23639] [2.0] [cxt 0] Transmitting packet of size 90 out of port 0
[14:52:54.864] [bmv2] [D] [thread 23634] [3.0] [cxt 0] Processing packet received on port 2
[14:52:54.864] [bmv2] [D] [thread 23634] [3.0] [cxt 0] Parser 'parser': start
[14:52:54.864] [bmv2] [D] [thread 23634] [3.0] [cxt 0] Parser 'parser' entering state 'start'
[14:52:54.864] [bmv2] [D] [thread 23634] [3.0] [cxt 0] Extracting header 'ethernet'
[14:52:54.864] [bmv2] [D] [thread 23634] [3.0] [cxt 0] Parser state 'start': key is 86dd
[14:52:54.864] [bmv2] [T] [thread 23634] [3.0] [cxt 0] Bytes parsed: 14
[14:52:54.864] [bmv2] [D] [thread 23634] [3.0] [cxt 0] Parser 'parser': end
[14:52:54.864] [bmv2] [D] [thread 23634] [3.0] [cxt 0] Pipeline 'ingress': start
[14:52:54.864] [bmv2] [T] [thread 23634] [3.0] [cxt 0] basic.p4(139) Condition "hdr.ipv4.isValid()" (node_2) is false
[14:52:54.864] [bmv2] [D] [thread 23634] [3.0] [cxt 0] Pipeline 'ingress': end
[14:52:54.864] [bmv2] [D] [thread 23634] [3.0] [cxt 0] Egress port is 0
[14:52:54.864] [bmv2] [D] [thread 23635] [3.0] [cxt 0] Pipeline 'egress': start
[14:52:54.864] [bmv2] [T] [thread 23635] [3.0] [cxt 0] Applying table 'tbl_act'
[14:52:54.864] [bmv2] [D] [thread 23635] [3.0] [cxt 0] Looking up key:

[14:52:54.864] [bmv2] [D] [thread 23635] [3.0] [cxt 0] Table 'tbl_act': miss
[14:52:54.864] [bmv2] [D] [thread 23635] [3.0] [cxt 0] Action entry is act - 
[14:52:54.864] [bmv2] [T] [thread 23635] [3.0] [cxt 0] Action act
[14:52:54.864] [bmv2] [T] [thread 23635] [3.0] [cxt 0] Primitive (no source info)
[14:52:54.864] [bmv2] [T] [thread 23635] [3.0] [cxt 0] basic.p4(193) Condition "hdr.ppvr.isValid()" (node_7) is false
[14:52:54.864] [bmv2] [D] [thread 23635] [3.0] [cxt 0] Pipeline 'egress': end
[14:52:54.864] [bmv2] [D] [thread 23635] [3.0] [cxt 0] Deparser 'deparser': start
[14:52:54.864] [bmv2] [T] [thread 23635] [3.0] [cxt 0] Skipping checksum 'cksum' update because condition not met
[14:52:54.864] [bmv2] [D] [thread 23635] [3.0] [cxt 0] Deparsing header 'ethernet'
[14:52:54.865] [bmv2] [D] [thread 23635] [3.0] [cxt 0] Deparser 'deparser': end
[14:52:54.865] [bmv2] [D] [thread 23639] [3.0] [cxt 0] Transmitting packet of size 90 out of port 0
[14:52:56.367] [bmv2] [W] [thread 23694] [P4Runtime] p4::tmp::P4DeviceConfig is deprecated
[14:52:56.381] [bmv2] [D] [thread 23694] Set default default entry for table 'MyIngress.ipv4_lpm': MyIngress.drop - 
[14:52:56.386] [bmv2] [D] [thread 23694] Set default default entry for table 'tbl_act': act - 
[14:52:56.386] [bmv2] [D] [thread 23694] Set default default entry for table 'tbl_basic199': basic199 - 
[14:52:56.386] [bmv2] [D] [thread 23694] Set default default entry for table 'tbl_basic242': basic242 - 
[14:52:56.386] [bmv2] [D] [thread 23694] Set default default entry for table 'tbl_basic247': basic247 - 
[14:52:56.386] [bmv2] [D] [thread 23694] Set default default entry for table 'tbl_basic251': basic251 - 
[14:52:56.386] [bmv2] [D] [thread 23694] Set default default entry for table 'tbl_basic255': basic255 - 
[14:52:56.386] [bmv2] [D] [thread 23694] Set default default entry for table 'tbl_basic259': basic259 - 
[14:52:56.386] [bmv2] [D] [thread 23694] Set default default entry for table 'tbl_basic263': basic263 - 
[14:52:56.386] [bmv2] [D] [thread 23694] Set default default entry for table 'tbl_basic267': basic267 - 
[14:52:56.386] [bmv2] [D] [thread 23694] Set default default entry for table 'tbl_basic271': basic271 - 
[14:52:56.386] [bmv2] [D] [thread 23694] Set default default entry for table 'tbl_basic275': basic275 - 
[14:52:56.386] [bmv2] [D] [thread 23694] Set default default entry for table 'tbl_basic279': basic279 - 
[14:52:56.386] [bmv2] [D] [thread 23694] Set default default entry for table 'tbl_basic283': basic283 - 
[14:52:56.386] [bmv2] [D] [thread 23694] Set default default entry for table 'tbl_basic287': basic287 - 
[14:52:56.386] [bmv2] [D] [thread 23694] Set default default entry for table 'tbl_basic291': basic291 - 
[14:52:56.386] [bmv2] [D] [thread 23694] Set default default entry for table 'tbl_basic295': basic295 - 
[14:52:56.386] [bmv2] [D] [thread 23694] Set default default entry for table 'tbl_basic299': basic299 - 
[14:52:56.386] [bmv2] [D] [thread 23694] Set default default entry for table 'tbl_basic303': basic303 - 
[14:52:56.386] [bmv2] [D] [thread 23694] Set default default entry for table 'tbl_basic307': basic307 - 
[14:52:56.386] [bmv2] [D] [thread 23694] Set default default entry for table 'tbl_basic311': basic311 - 
[14:52:56.386] [bmv2] [D] [thread 23694] Set default default entry for table 'tbl_basic315': basic315 - 
[14:52:56.386] [bmv2] [D] [thread 23694] Set default default entry for table 'tbl_basic319': basic319 - 
[14:52:56.386] [bmv2] [D] [thread 23694] Set default default entry for table 'tbl_basic323': basic323 - 
[14:52:56.386] [bmv2] [D] [thread 23694] Set default default entry for table 'tbl_basic327': basic327 - 
[14:52:56.386] [bmv2] [D] [thread 23694] Set default default entry for table 'tbl_basic331': basic331 - 
[14:52:56.386] [bmv2] [D] [thread 23694] Set default default entry for table 'tbl_basic335': basic335 - 
[14:52:56.386] [bmv2] [D] [thread 23694] Set default default entry for table 'tbl_basic339': basic339 - 
[14:52:56.386] [bmv2] [D] [thread 23694] Set default default entry for table 'tbl_basic343': basic343 - 
[14:52:56.386] [bmv2] [D] [thread 23694] Set default default entry for table 'tbl_basic347': basic347 - 
[14:52:56.386] [bmv2] [D] [thread 23694] Set default default entry for table 'tbl_basic351': basic351 - 
[14:52:56.386] [bmv2] [D] [thread 23694] Set default default entry for table 'tbl_basic355': basic355 - 
[14:52:56.387] [bmv2] [D] [thread 23694] Set default default entry for table 'tbl_basic359': basic359 - 
[14:52:56.387] [bmv2] [D] [thread 23694] Set default default entry for table 'tbl_basic363': basic363 - 
[14:52:56.387] [bmv2] [D] [thread 23694] Set default default entry for table 'tbl_basic367': basic367 - 
[14:52:56.387] [bmv2] [D] [thread 23694] Set default default entry for table 'tbl_basic372': basic372 - 
[14:52:56.387] [bmv2] [D] [thread 23694] Set default default entry for table 'tbl_basic375': basic375 - 
[14:52:56.387] [bmv2] [D] [thread 23694] Set default default entry for table 'MyEgress.tvf': MyEgress.set_label - 0,
[14:52:56.387] [bmv2] [D] [thread 23694] Entry 0 added to table 'MyEgress.tvf'
[14:52:56.387] [bmv2] [D] [thread 23694] Dumping entry 0
Match key:
* hdr.ppvr.tp         : RANGE     00000000 -> 000000fa
Priority: 1
Action entry: MyEgress.set_label - a,

[14:52:56.387] [bmv2] [D] [thread 23694] Entry 1 added to table 'MyEgress.tvf'
[14:52:56.387] [bmv2] [D] [thread 23694] Dumping entry 1
Match key:
* hdr.ppvr.tp         : RANGE     000000fa -> 000001f4
Priority: 2
Action entry: MyEgress.set_label - 9,

[14:52:56.387] [bmv2] [D] [thread 23694] Entry 2 added to table 'MyEgress.tvf'
[14:52:56.387] [bmv2] [D] [thread 23694] Dumping entry 2
Match key:
* hdr.ppvr.tp         : RANGE     000001f4 -> 000002ee
Priority: 3
Action entry: MyEgress.set_label - 8,

[14:52:56.387] [bmv2] [D] [thread 23694] Entry 3 added to table 'MyEgress.tvf'
[14:52:56.387] [bmv2] [D] [thread 23694] Dumping entry 3
Match key:
* hdr.ppvr.tp         : RANGE     000002ee -> 000003e8
Priority: 4
Action entry: MyEgress.set_label - 7,

[14:52:56.387] [bmv2] [D] [thread 23694] Entry 4 added to table 'MyEgress.tvf'
[14:52:56.387] [bmv2] [D] [thread 23694] Dumping entry 4
Match key:
* hdr.ppvr.tp         : RANGE     000003e8 -> 000004e2
Priority: 5
Action entry: MyEgress.set_label - 6,

[14:52:56.387] [bmv2] [D] [thread 23694] Entry 5 added to table 'MyEgress.tvf'
[14:52:56.387] [bmv2] [D] [thread 23694] Dumping entry 5
Match key:
* hdr.ppvr.tp         : RANGE     000004e2 -> 000005dc
Priority: 6
Action entry: MyEgress.set_label - 5,

[14:52:56.387] [bmv2] [D] [thread 23694] Entry 6 added to table 'MyEgress.tvf'
[14:52:56.387] [bmv2] [D] [thread 23694] Dumping entry 6
Match key:
* hdr.ppvr.tp         : RANGE     000005dc -> 000006d6
Priority: 7
Action entry: MyEgress.set_label - 4,

[14:52:56.387] [bmv2] [D] [thread 23694] Entry 7 added to table 'MyEgress.tvf'
[14:52:56.387] [bmv2] [D] [thread 23694] Dumping entry 7
Match key:
* hdr.ppvr.tp         : RANGE     000006d6 -> 000007d0
Priority: 8
Action entry: MyEgress.set_label - 3,

[14:52:56.387] [bmv2] [D] [thread 23694] Entry 8 added to table 'MyEgress.tvf'
[14:52:56.387] [bmv2] [D] [thread 23694] Dumping entry 8
Match key:
* hdr.ppvr.tp         : RANGE     000008ca -> 000009c4
Priority: 9
Action entry: MyEgress.set_label - 2,

[14:52:56.387] [bmv2] [D] [thread 23694] Entry 9 added to table 'MyEgress.tvf'
[14:52:56.387] [bmv2] [D] [thread 23694] Dumping entry 9
Match key:
* hdr.ppvr.tp         : RANGE     000009c4 -> 00000abe
Priority: 10
Action entry: MyEgress.set_label - 1,

[14:52:56.390] [bmv2] [D] [thread 23694] simple_switch target has been notified of a config swap
[14:52:56.392] [bmv2] [D] [thread 23695] Set default entry for table 'MyIngress.ipv4_lpm': MyIngress.drop - 
[14:52:56.393] [bmv2] [D] [thread 23694] Entry 0 added to table 'MyIngress.ipv4_lpm'
[14:52:56.393] [bmv2] [D] [thread 23694] Dumping entry 0
Match key:
* hdr.ipv4.dstAddr    : LPM       0a000101/32
Action entry: MyIngress.ipv4_forward - 80000000100,1,

[14:52:56.395] [bmv2] [D] [thread 23695] Entry 1 added to table 'MyIngress.ipv4_lpm'
[14:52:56.395] [bmv2] [D] [thread 23695] Dumping entry 1
Match key:
* hdr.ipv4.dstAddr    : LPM       0a000202/32
Action entry: MyIngress.ipv4_forward - 80000000100,1,

[14:52:56.397] [bmv2] [D] [thread 23694] Entry 2 added to table 'MyIngress.ipv4_lpm'
[14:52:56.397] [bmv2] [D] [thread 23694] Dumping entry 2
Match key:
* hdr.ipv4.dstAddr    : LPM       0a000303/32
Action entry: MyIngress.ipv4_forward - 80000000200,2,

[14:52:56.399] [bmv2] [D] [thread 23695] Entry 3 added to table 'MyIngress.ipv4_lpm'
[14:52:56.400] [bmv2] [D] [thread 23695] Dumping entry 3
Match key:
* hdr.ipv4.dstAddr    : LPM       0a000404/32
Action entry: MyIngress.ipv4_forward - 80000000200,2,

[14:52:57.702] [bmv2] [D] [thread 23634] [4.0] [cxt 0] Processing packet received on port 1
[14:52:57.703] [bmv2] [D] [thread 23634] [4.0] [cxt 0] Parser 'parser': start
[14:52:57.703] [bmv2] [D] [thread 23634] [4.0] [cxt 0] Parser 'parser' entering state 'start'
[14:52:57.703] [bmv2] [D] [thread 23634] [4.0] [cxt 0] Extracting header 'ethernet'
[14:52:57.703] [bmv2] [D] [thread 23634] [4.0] [cxt 0] Parser state 'start': key is 86dd
[14:52:57.703] [bmv2] [T] [thread 23634] [4.0] [cxt 0] Bytes parsed: 14
[14:52:57.703] [bmv2] [D] [thread 23634] [4.0] [cxt 0] Parser 'parser': end
[14:52:57.703] [bmv2] [D] [thread 23634] [4.0] [cxt 0] Pipeline 'ingress': start
[14:52:57.703] [bmv2] [T] [thread 23634] [4.0] [cxt 0] basic.p4(139) Condition "hdr.ipv4.isValid()" (node_2) is false
[14:52:57.703] [bmv2] [D] [thread 23634] [4.0] [cxt 0] Pipeline 'ingress': end
[14:52:57.703] [bmv2] [D] [thread 23634] [4.0] [cxt 0] Egress port is 0
[14:52:57.703] [bmv2] [D] [thread 23635] [4.0] [cxt 0] Pipeline 'egress': start
[14:52:57.703] [bmv2] [T] [thread 23635] [4.0] [cxt 0] Applying table 'tbl_act'
[14:52:57.703] [bmv2] [D] [thread 23635] [4.0] [cxt 0] Looking up key:

[14:52:57.703] [bmv2] [D] [thread 23635] [4.0] [cxt 0] Table 'tbl_act': miss
[14:52:57.703] [bmv2] [D] [thread 23635] [4.0] [cxt 0] Action entry is act - 
[14:52:57.703] [bmv2] [T] [thread 23635] [4.0] [cxt 0] Action act
[14:52:57.703] [bmv2] [T] [thread 23635] [4.0] [cxt 0] Primitive (no source info)
[14:52:57.703] [bmv2] [T] [thread 23635] [4.0] [cxt 0] basic.p4(193) Condition "hdr.ppvr.isValid()" (node_7) is false
[14:52:57.703] [bmv2] [D] [thread 23635] [4.0] [cxt 0] Pipeline 'egress': end
[14:52:57.703] [bmv2] [D] [thread 23635] [4.0] [cxt 0] Deparser 'deparser': start
[14:52:57.703] [bmv2] [T] [thread 23635] [4.0] [cxt 0] Skipping checksum 'cksum' update because condition not met
[14:52:57.703] [bmv2] [D] [thread 23635] [4.0] [cxt 0] Deparsing header 'ethernet'
[14:52:57.703] [bmv2] [D] [thread 23635] [4.0] [cxt 0] Deparser 'deparser': end
[14:52:57.703] [bmv2] [D] [thread 23639] [4.0] [cxt 0] Transmitting packet of size 70 out of port 0
[14:52:57.954] [bmv2] [D] [thread 23634] [5.0] [cxt 0] Processing packet received on port 1
[14:52:57.954] [bmv2] [D] [thread 23634] [5.0] [cxt 0] Parser 'parser': start
[14:52:57.954] [bmv2] [D] [thread 23634] [5.0] [cxt 0] Parser 'parser' entering state 'start'
[14:52:57.954] [bmv2] [D] [thread 23634] [5.0] [cxt 0] Extracting header 'ethernet'
[14:52:57.954] [bmv2] [D] [thread 23634] [5.0] [cxt 0] Parser state 'start': key is 86dd
[14:52:57.954] [bmv2] [T] [thread 23634] [5.0] [cxt 0] Bytes parsed: 14
[14:52:57.954] [bmv2] [D] [thread 23634] [5.0] [cxt 0] Parser 'parser': end
[14:52:57.954] [bmv2] [D] [thread 23634] [5.0] [cxt 0] Pipeline 'ingress': start
[14:52:57.954] [bmv2] [T] [thread 23634] [5.0] [cxt 0] basic.p4(139) Condition "hdr.ipv4.isValid()" (node_2) is false
[14:52:57.955] [bmv2] [D] [thread 23634] [5.0] [cxt 0] Pipeline 'ingress': end
[14:52:57.955] [bmv2] [D] [thread 23634] [5.0] [cxt 0] Egress port is 0
[14:52:57.955] [bmv2] [D] [thread 23634] [6.0] [cxt 0] Processing packet received on port 2
[14:52:57.955] [bmv2] [D] [thread 23634] [6.0] [cxt 0] Parser 'parser': start
[14:52:57.955] [bmv2] [D] [thread 23634] [6.0] [cxt 0] Parser 'parser' entering state 'start'
[14:52:57.955] [bmv2] [D] [thread 23634] [6.0] [cxt 0] Extracting header 'ethernet'
[14:52:57.955] [bmv2] [D] [thread 23634] [6.0] [cxt 0] Parser state 'start': key is 86dd
[14:52:57.955] [bmv2] [T] [thread 23634] [6.0] [cxt 0] Bytes parsed: 14
[14:52:57.955] [bmv2] [D] [thread 23634] [6.0] [cxt 0] Parser 'parser': end
[14:52:57.955] [bmv2] [D] [thread 23634] [6.0] [cxt 0] Pipeline 'ingress': start
[14:52:57.955] [bmv2] [T] [thread 23634] [6.0] [cxt 0] basic.p4(139) Condition "hdr.ipv4.isValid()" (node_2) is false
[14:52:57.955] [bmv2] [D] [thread 23634] [6.0] [cxt 0] Pipeline 'ingress': end
[14:52:57.955] [bmv2] [D] [thread 23634] [6.0] [cxt 0] Egress port is 0
[14:52:57.955] [bmv2] [D] [thread 23635] [5.0] [cxt 0] Pipeline 'egress': start
[14:52:57.955] [bmv2] [T] [thread 23635] [5.0] [cxt 0] Applying table 'tbl_act'
[14:52:57.955] [bmv2] [D] [thread 23635] [5.0] [cxt 0] Looking up key:

[14:52:57.955] [bmv2] [D] [thread 23635] [5.0] [cxt 0] Table 'tbl_act': miss
[14:52:57.955] [bmv2] [D] [thread 23635] [5.0] [cxt 0] Action entry is act - 
[14:52:57.955] [bmv2] [T] [thread 23635] [5.0] [cxt 0] Action act
[14:52:57.955] [bmv2] [T] [thread 23635] [5.0] [cxt 0] Primitive (no source info)
[14:52:57.955] [bmv2] [T] [thread 23635] [5.0] [cxt 0] basic.p4(193) Condition "hdr.ppvr.isValid()" (node_7) is false
[14:52:57.955] [bmv2] [D] [thread 23635] [5.0] [cxt 0] Pipeline 'egress': end
[14:52:57.955] [bmv2] [D] [thread 23635] [5.0] [cxt 0] Deparser 'deparser': start
[14:52:57.955] [bmv2] [T] [thread 23635] [5.0] [cxt 0] Skipping checksum 'cksum' update because condition not met
[14:52:57.955] [bmv2] [D] [thread 23635] [5.0] [cxt 0] Deparsing header 'ethernet'
[14:52:57.955] [bmv2] [D] [thread 23635] [5.0] [cxt 0] Deparser 'deparser': end
[14:52:57.955] [bmv2] [D] [thread 23635] [6.0] [cxt 0] Pipeline 'egress': start
[14:52:57.955] [bmv2] [T] [thread 23635] [6.0] [cxt 0] Applying table 'tbl_act'
[14:52:57.955] [bmv2] [D] [thread 23635] [6.0] [cxt 0] Looking up key:

[14:52:57.955] [bmv2] [D] [thread 23635] [6.0] [cxt 0] Table 'tbl_act': miss
[14:52:57.955] [bmv2] [D] [thread 23635] [6.0] [cxt 0] Action entry is act - 
[14:52:57.955] [bmv2] [T] [thread 23635] [6.0] [cxt 0] Action act
[14:52:57.955] [bmv2] [T] [thread 23635] [6.0] [cxt 0] Primitive (no source info)
[14:52:57.955] [bmv2] [T] [thread 23635] [6.0] [cxt 0] basic.p4(193) Condition "hdr.ppvr.isValid()" (node_7) is false
[14:52:57.955] [bmv2] [D] [thread 23635] [6.0] [cxt 0] Pipeline 'egress': end
[14:52:57.955] [bmv2] [D] [thread 23635] [6.0] [cxt 0] Deparser 'deparser': start
[14:52:57.955] [bmv2] [T] [thread 23635] [6.0] [cxt 0] Skipping checksum 'cksum' update because condition not met
[14:52:57.955] [bmv2] [D] [thread 23635] [6.0] [cxt 0] Deparsing header 'ethernet'
[14:52:57.955] [bmv2] [D] [thread 23635] [6.0] [cxt 0] Deparser 'deparser': end
[14:52:57.955] [bmv2] [D] [thread 23639] [5.0] [cxt 0] Transmitting packet of size 70 out of port 0
[14:52:57.955] [bmv2] [D] [thread 23639] [6.0] [cxt 0] Transmitting packet of size 70 out of port 0
[14:52:58.481] [bmv2] [D] [thread 23634] [7.0] [cxt 0] Processing packet received on port 2
[14:52:58.481] [bmv2] [D] [thread 23634] [7.0] [cxt 0] Parser 'parser': start
[14:52:58.481] [bmv2] [D] [thread 23634] [7.0] [cxt 0] Parser 'parser' entering state 'start'
[14:52:58.481] [bmv2] [D] [thread 23634] [7.0] [cxt 0] Extracting header 'ethernet'
[14:52:58.481] [bmv2] [D] [thread 23634] [7.0] [cxt 0] Parser state 'start': key is 86dd
[14:52:58.481] [bmv2] [T] [thread 23634] [7.0] [cxt 0] Bytes parsed: 14
[14:52:58.481] [bmv2] [D] [thread 23634] [7.0] [cxt 0] Parser 'parser': end
[14:52:58.481] [bmv2] [D] [thread 23634] [7.0] [cxt 0] Pipeline 'ingress': start
[14:52:58.481] [bmv2] [T] [thread 23634] [7.0] [cxt 0] basic.p4(139) Condition "hdr.ipv4.isValid()" (node_2) is false
[14:52:58.481] [bmv2] [D] [thread 23634] [7.0] [cxt 0] Pipeline 'ingress': end
[14:52:58.481] [bmv2] [D] [thread 23634] [7.0] [cxt 0] Egress port is 0
[14:52:58.481] [bmv2] [D] [thread 23635] [7.0] [cxt 0] Pipeline 'egress': start
[14:52:58.481] [bmv2] [T] [thread 23635] [7.0] [cxt 0] Applying table 'tbl_act'
[14:52:58.481] [bmv2] [D] [thread 23635] [7.0] [cxt 0] Looking up key:

[14:52:58.481] [bmv2] [D] [thread 23635] [7.0] [cxt 0] Table 'tbl_act': miss
[14:52:58.481] [bmv2] [D] [thread 23635] [7.0] [cxt 0] Action entry is act - 
[14:52:58.481] [bmv2] [T] [thread 23635] [7.0] [cxt 0] Action act
[14:52:58.481] [bmv2] [T] [thread 23635] [7.0] [cxt 0] Primitive (no source info)
[14:52:58.481] [bmv2] [T] [thread 23635] [7.0] [cxt 0] basic.p4(193) Condition "hdr.ppvr.isValid()" (node_7) is false
[14:52:58.481] [bmv2] [D] [thread 23635] [7.0] [cxt 0] Pipeline 'egress': end
[14:52:58.481] [bmv2] [D] [thread 23635] [7.0] [cxt 0] Deparser 'deparser': start
[14:52:58.481] [bmv2] [T] [thread 23635] [7.0] [cxt 0] Skipping checksum 'cksum' update because condition not met
[14:52:58.481] [bmv2] [D] [thread 23635] [7.0] [cxt 0] Deparsing header 'ethernet'
[14:52:58.481] [bmv2] [D] [thread 23635] [7.0] [cxt 0] Deparser 'deparser': end
[14:52:58.481] [bmv2] [D] [thread 23639] [7.0] [cxt 0] Transmitting packet of size 70 out of port 0
[14:53:05.377] [bmv2] [D] [thread 23634] [8.0] [cxt 0] Processing packet received on port 1
[14:53:05.377] [bmv2] [D] [thread 23634] [8.0] [cxt 0] Parser 'parser': start
[14:53:05.377] [bmv2] [D] [thread 23634] [8.0] [cxt 0] Parser 'parser' entering state 'start'
[14:53:05.377] [bmv2] [D] [thread 23634] [8.0] [cxt 0] Extracting header 'ethernet'
[14:53:05.377] [bmv2] [D] [thread 23634] [8.0] [cxt 0] Parser state 'start': key is 86dd
[14:53:05.377] [bmv2] [T] [thread 23634] [8.0] [cxt 0] Bytes parsed: 14
[14:53:05.377] [bmv2] [D] [thread 23634] [8.0] [cxt 0] Parser 'parser': end
[14:53:05.378] [bmv2] [D] [thread 23634] [8.0] [cxt 0] Pipeline 'ingress': start
[14:53:05.378] [bmv2] [T] [thread 23634] [8.0] [cxt 0] basic.p4(139) Condition "hdr.ipv4.isValid()" (node_2) is false
[14:53:05.378] [bmv2] [D] [thread 23634] [8.0] [cxt 0] Pipeline 'ingress': end
[14:53:05.378] [bmv2] [D] [thread 23634] [8.0] [cxt 0] Egress port is 0
[14:53:05.378] [bmv2] [D] [thread 23635] [8.0] [cxt 0] Pipeline 'egress': start
[14:53:05.378] [bmv2] [T] [thread 23635] [8.0] [cxt 0] Applying table 'tbl_act'
[14:53:05.378] [bmv2] [D] [thread 23635] [8.0] [cxt 0] Looking up key:

[14:53:05.378] [bmv2] [D] [thread 23635] [8.0] [cxt 0] Table 'tbl_act': miss
[14:53:05.378] [bmv2] [D] [thread 23635] [8.0] [cxt 0] Action entry is act - 
[14:53:05.378] [bmv2] [T] [thread 23635] [8.0] [cxt 0] Action act
[14:53:05.378] [bmv2] [T] [thread 23635] [8.0] [cxt 0] Primitive (no source info)
[14:53:05.378] [bmv2] [T] [thread 23635] [8.0] [cxt 0] basic.p4(193) Condition "hdr.ppvr.isValid()" (node_7) is false
[14:53:05.378] [bmv2] [D] [thread 23635] [8.0] [cxt 0] Pipeline 'egress': end
[14:53:05.378] [bmv2] [D] [thread 23635] [8.0] [cxt 0] Deparser 'deparser': start
[14:53:05.378] [bmv2] [T] [thread 23635] [8.0] [cxt 0] Skipping checksum 'cksum' update because condition not met
[14:53:05.378] [bmv2] [D] [thread 23635] [8.0] [cxt 0] Deparsing header 'ethernet'
[14:53:05.378] [bmv2] [D] [thread 23635] [8.0] [cxt 0] Deparser 'deparser': end
[14:53:05.378] [bmv2] [D] [thread 23639] [8.0] [cxt 0] Transmitting packet of size 70 out of port 0
[14:53:06.145] [bmv2] [D] [thread 23634] [9.0] [cxt 0] Processing packet received on port 2
[14:53:06.145] [bmv2] [D] [thread 23634] [9.0] [cxt 0] Parser 'parser': start
[14:53:06.145] [bmv2] [D] [thread 23634] [9.0] [cxt 0] Parser 'parser' entering state 'start'
[14:53:06.145] [bmv2] [D] [thread 23634] [9.0] [cxt 0] Extracting header 'ethernet'
[14:53:06.145] [bmv2] [D] [thread 23634] [9.0] [cxt 0] Parser state 'start': key is 86dd
[14:53:06.145] [bmv2] [T] [thread 23634] [9.0] [cxt 0] Bytes parsed: 14
[14:53:06.145] [bmv2] [D] [thread 23634] [9.0] [cxt 0] Parser 'parser': end
[14:53:06.145] [bmv2] [D] [thread 23634] [9.0] [cxt 0] Pipeline 'ingress': start
[14:53:06.145] [bmv2] [T] [thread 23634] [9.0] [cxt 0] basic.p4(139) Condition "hdr.ipv4.isValid()" (node_2) is false
[14:53:06.146] [bmv2] [D] [thread 23634] [9.0] [cxt 0] Pipeline 'ingress': end
[14:53:06.146] [bmv2] [D] [thread 23634] [9.0] [cxt 0] Egress port is 0
[14:53:06.146] [bmv2] [D] [thread 23635] [9.0] [cxt 0] Pipeline 'egress': start
[14:53:06.146] [bmv2] [T] [thread 23635] [9.0] [cxt 0] Applying table 'tbl_act'
[14:53:06.146] [bmv2] [D] [thread 23635] [9.0] [cxt 0] Looking up key:

[14:53:06.146] [bmv2] [D] [thread 23635] [9.0] [cxt 0] Table 'tbl_act': miss
[14:53:06.146] [bmv2] [D] [thread 23635] [9.0] [cxt 0] Action entry is act - 
[14:53:06.146] [bmv2] [T] [thread 23635] [9.0] [cxt 0] Action act
[14:53:06.146] [bmv2] [T] [thread 23635] [9.0] [cxt 0] Primitive (no source info)
[14:53:06.146] [bmv2] [T] [thread 23635] [9.0] [cxt 0] basic.p4(193) Condition "hdr.ppvr.isValid()" (node_7) is false
[14:53:06.146] [bmv2] [D] [thread 23635] [9.0] [cxt 0] Pipeline 'egress': end
[14:53:06.146] [bmv2] [D] [thread 23635] [9.0] [cxt 0] Deparser 'deparser': start
[14:53:06.146] [bmv2] [T] [thread 23635] [9.0] [cxt 0] Skipping checksum 'cksum' update because condition not met
[14:53:06.146] [bmv2] [D] [thread 23635] [9.0] [cxt 0] Deparsing header 'ethernet'
[14:53:06.146] [bmv2] [D] [thread 23635] [9.0] [cxt 0] Deparser 'deparser': end
[14:53:06.146] [bmv2] [D] [thread 23639] [9.0] [cxt 0] Transmitting packet of size 70 out of port 0
[14:53:06.402] [bmv2] [D] [thread 23634] [10.0] [cxt 0] Processing packet received on port 1
[14:53:06.402] [bmv2] [D] [thread 23634] [10.0] [cxt 0] Parser 'parser': start
[14:53:06.402] [bmv2] [D] [thread 23634] [10.0] [cxt 0] Parser 'parser' entering state 'start'
[14:53:06.402] [bmv2] [D] [thread 23634] [10.0] [cxt 0] Extracting header 'ethernet'
[14:53:06.402] [bmv2] [D] [thread 23634] [10.0] [cxt 0] Parser state 'start': key is 86dd
[14:53:06.402] [bmv2] [T] [thread 23634] [10.0] [cxt 0] Bytes parsed: 14
[14:53:06.402] [bmv2] [D] [thread 23634] [10.0] [cxt 0] Parser 'parser': end
[14:53:06.402] [bmv2] [D] [thread 23634] [10.0] [cxt 0] Pipeline 'ingress': start
[14:53:06.402] [bmv2] [T] [thread 23634] [10.0] [cxt 0] basic.p4(139) Condition "hdr.ipv4.isValid()" (node_2) is false
[14:53:06.402] [bmv2] [D] [thread 23634] [10.0] [cxt 0] Pipeline 'ingress': end
[14:53:06.403] [bmv2] [D] [thread 23634] [10.0] [cxt 0] Egress port is 0
[14:53:06.403] [bmv2] [D] [thread 23635] [10.0] [cxt 0] Pipeline 'egress': start
[14:53:06.403] [bmv2] [T] [thread 23635] [10.0] [cxt 0] Applying table 'tbl_act'
[14:53:06.403] [bmv2] [D] [thread 23635] [10.0] [cxt 0] Looking up key:

[14:53:06.403] [bmv2] [D] [thread 23635] [10.0] [cxt 0] Table 'tbl_act': miss
[14:53:06.403] [bmv2] [D] [thread 23635] [10.0] [cxt 0] Action entry is act - 
[14:53:06.403] [bmv2] [T] [thread 23635] [10.0] [cxt 0] Action act
[14:53:06.403] [bmv2] [T] [thread 23635] [10.0] [cxt 0] Primitive (no source info)
[14:53:06.403] [bmv2] [T] [thread 23635] [10.0] [cxt 0] basic.p4(193) Condition "hdr.ppvr.isValid()" (node_7) is false
[14:53:06.403] [bmv2] [D] [thread 23635] [10.0] [cxt 0] Pipeline 'egress': end
[14:53:06.403] [bmv2] [D] [thread 23635] [10.0] [cxt 0] Deparser 'deparser': start
[14:53:06.403] [bmv2] [T] [thread 23635] [10.0] [cxt 0] Skipping checksum 'cksum' update because condition not met
[14:53:06.403] [bmv2] [D] [thread 23635] [10.0] [cxt 0] Deparsing header 'ethernet'
[14:53:06.403] [bmv2] [D] [thread 23635] [10.0] [cxt 0] Deparser 'deparser': end
[14:53:06.403] [bmv2] [D] [thread 23639] [10.0] [cxt 0] Transmitting packet of size 70 out of port 0
[14:53:06.658] [bmv2] [D] [thread 23634] [11.0] [cxt 0] Processing packet received on port 2
[14:53:06.658] [bmv2] [D] [thread 23634] [11.0] [cxt 0] Parser 'parser': start
[14:53:06.658] [bmv2] [D] [thread 23634] [11.0] [cxt 0] Parser 'parser' entering state 'start'
[14:53:06.658] [bmv2] [D] [thread 23634] [11.0] [cxt 0] Extracting header 'ethernet'
[14:53:06.658] [bmv2] [D] [thread 23634] [11.0] [cxt 0] Parser state 'start': key is 86dd
[14:53:06.658] [bmv2] [T] [thread 23634] [11.0] [cxt 0] Bytes parsed: 14
[14:53:06.658] [bmv2] [D] [thread 23634] [11.0] [cxt 0] Parser 'parser': end
[14:53:06.658] [bmv2] [D] [thread 23634] [11.0] [cxt 0] Pipeline 'ingress': start
[14:53:06.658] [bmv2] [T] [thread 23634] [11.0] [cxt 0] basic.p4(139) Condition "hdr.ipv4.isValid()" (node_2) is false
[14:53:06.658] [bmv2] [D] [thread 23634] [11.0] [cxt 0] Pipeline 'ingress': end
[14:53:06.658] [bmv2] [D] [thread 23634] [11.0] [cxt 0] Egress port is 0
[14:53:06.658] [bmv2] [D] [thread 23635] [11.0] [cxt 0] Pipeline 'egress': start
[14:53:06.658] [bmv2] [T] [thread 23635] [11.0] [cxt 0] Applying table 'tbl_act'
[14:53:06.658] [bmv2] [D] [thread 23635] [11.0] [cxt 0] Looking up key:

[14:53:06.658] [bmv2] [D] [thread 23635] [11.0] [cxt 0] Table 'tbl_act': miss
[14:53:06.658] [bmv2] [D] [thread 23635] [11.0] [cxt 0] Action entry is act - 
[14:53:06.658] [bmv2] [T] [thread 23635] [11.0] [cxt 0] Action act
[14:53:06.658] [bmv2] [T] [thread 23635] [11.0] [cxt 0] Primitive (no source info)
[14:53:06.658] [bmv2] [T] [thread 23635] [11.0] [cxt 0] basic.p4(193) Condition "hdr.ppvr.isValid()" (node_7) is false
[14:53:06.658] [bmv2] [D] [thread 23635] [11.0] [cxt 0] Pipeline 'egress': end
[14:53:06.658] [bmv2] [D] [thread 23635] [11.0] [cxt 0] Deparser 'deparser': start
[14:53:06.658] [bmv2] [T] [thread 23635] [11.0] [cxt 0] Skipping checksum 'cksum' update because condition not met
[14:53:06.658] [bmv2] [D] [thread 23635] [11.0] [cxt 0] Deparsing header 'ethernet'
[14:53:06.658] [bmv2] [D] [thread 23635] [11.0] [cxt 0] Deparser 'deparser': end
[14:53:06.658] [bmv2] [D] [thread 23639] [11.0] [cxt 0] Transmitting packet of size 70 out of port 0
[14:53:19.715] [bmv2] [D] [thread 23634] [12.0] [cxt 0] Processing packet received on port 1
[14:53:19.715] [bmv2] [D] [thread 23634] [12.0] [cxt 0] Parser 'parser': start
[14:53:19.715] [bmv2] [D] [thread 23634] [12.0] [cxt 0] Parser 'parser' entering state 'start'
[14:53:19.715] [bmv2] [D] [thread 23634] [12.0] [cxt 0] Extracting header 'ethernet'
[14:53:19.715] [bmv2] [D] [thread 23634] [12.0] [cxt 0] Parser state 'start': key is 86dd
[14:53:19.715] [bmv2] [T] [thread 23634] [12.0] [cxt 0] Bytes parsed: 14
[14:53:19.715] [bmv2] [D] [thread 23634] [12.0] [cxt 0] Parser 'parser': end
[14:53:19.715] [bmv2] [D] [thread 23634] [12.0] [cxt 0] Pipeline 'ingress': start
[14:53:19.715] [bmv2] [T] [thread 23634] [12.0] [cxt 0] basic.p4(139) Condition "hdr.ipv4.isValid()" (node_2) is false
[14:53:19.715] [bmv2] [D] [thread 23634] [12.0] [cxt 0] Pipeline 'ingress': end
[14:53:19.715] [bmv2] [D] [thread 23634] [12.0] [cxt 0] Egress port is 0
[14:53:19.715] [bmv2] [D] [thread 23635] [12.0] [cxt 0] Pipeline 'egress': start
[14:53:19.715] [bmv2] [T] [thread 23635] [12.0] [cxt 0] Applying table 'tbl_act'
[14:53:19.715] [bmv2] [D] [thread 23635] [12.0] [cxt 0] Looking up key:

[14:53:19.715] [bmv2] [D] [thread 23635] [12.0] [cxt 0] Table 'tbl_act': miss
[14:53:19.715] [bmv2] [D] [thread 23635] [12.0] [cxt 0] Action entry is act - 
[14:53:19.715] [bmv2] [T] [thread 23635] [12.0] [cxt 0] Action act
[14:53:19.715] [bmv2] [T] [thread 23635] [12.0] [cxt 0] Primitive (no source info)
[14:53:19.715] [bmv2] [T] [thread 23635] [12.0] [cxt 0] basic.p4(193) Condition "hdr.ppvr.isValid()" (node_7) is false
[14:53:19.715] [bmv2] [D] [thread 23635] [12.0] [cxt 0] Pipeline 'egress': end
[14:53:19.715] [bmv2] [D] [thread 23635] [12.0] [cxt 0] Deparser 'deparser': start
[14:53:19.715] [bmv2] [T] [thread 23635] [12.0] [cxt 0] Skipping checksum 'cksum' update because condition not met
[14:53:19.715] [bmv2] [D] [thread 23635] [12.0] [cxt 0] Deparsing header 'ethernet'
[14:53:19.715] [bmv2] [D] [thread 23635] [12.0] [cxt 0] Deparser 'deparser': end
[14:53:19.715] [bmv2] [D] [thread 23639] [12.0] [cxt 0] Transmitting packet of size 70 out of port 0
[14:53:22.792] [bmv2] [D] [thread 23634] [13.0] [cxt 0] Processing packet received on port 2
[14:53:22.792] [bmv2] [D] [thread 23634] [13.0] [cxt 0] Parser 'parser': start
[14:53:22.792] [bmv2] [D] [thread 23634] [13.0] [cxt 0] Parser 'parser' entering state 'start'
[14:53:22.792] [bmv2] [D] [thread 23634] [13.0] [cxt 0] Extracting header 'ethernet'
[14:53:22.792] [bmv2] [D] [thread 23634] [13.0] [cxt 0] Parser state 'start': key is 86dd
[14:53:22.792] [bmv2] [T] [thread 23634] [13.0] [cxt 0] Bytes parsed: 14
[14:53:22.792] [bmv2] [D] [thread 23634] [13.0] [cxt 0] Parser 'parser': end
[14:53:22.792] [bmv2] [D] [thread 23634] [13.0] [cxt 0] Pipeline 'ingress': start
[14:53:22.792] [bmv2] [T] [thread 23634] [13.0] [cxt 0] basic.p4(139) Condition "hdr.ipv4.isValid()" (node_2) is false
[14:53:22.792] [bmv2] [D] [thread 23634] [13.0] [cxt 0] Pipeline 'ingress': end
[14:53:22.792] [bmv2] [D] [thread 23634] [13.0] [cxt 0] Egress port is 0
[14:53:22.792] [bmv2] [D] [thread 23635] [13.0] [cxt 0] Pipeline 'egress': start
[14:53:22.792] [bmv2] [T] [thread 23635] [13.0] [cxt 0] Applying table 'tbl_act'
[14:53:22.792] [bmv2] [D] [thread 23635] [13.0] [cxt 0] Looking up key:

[14:53:22.792] [bmv2] [D] [thread 23635] [13.0] [cxt 0] Table 'tbl_act': miss
[14:53:22.792] [bmv2] [D] [thread 23635] [13.0] [cxt 0] Action entry is act - 
[14:53:22.792] [bmv2] [T] [thread 23635] [13.0] [cxt 0] Action act
[14:53:22.792] [bmv2] [T] [thread 23635] [13.0] [cxt 0] Primitive (no source info)
[14:53:22.792] [bmv2] [T] [thread 23635] [13.0] [cxt 0] basic.p4(193) Condition "hdr.ppvr.isValid()" (node_7) is false
[14:53:22.792] [bmv2] [D] [thread 23635] [13.0] [cxt 0] Pipeline 'egress': end
[14:53:22.792] [bmv2] [D] [thread 23635] [13.0] [cxt 0] Deparser 'deparser': start
[14:53:22.792] [bmv2] [T] [thread 23635] [13.0] [cxt 0] Skipping checksum 'cksum' update because condition not met
[14:53:22.792] [bmv2] [D] [thread 23635] [13.0] [cxt 0] Deparsing header 'ethernet'
[14:53:22.792] [bmv2] [D] [thread 23635] [13.0] [cxt 0] Deparser 'deparser': end
[14:53:22.792] [bmv2] [D] [thread 23639] [13.0] [cxt 0] Transmitting packet of size 70 out of port 0
[14:53:24.069] [bmv2] [D] [thread 23634] [14.0] [cxt 0] Processing packet received on port 2
[14:53:24.069] [bmv2] [D] [thread 23634] [14.0] [cxt 0] Parser 'parser': start
[14:53:24.070] [bmv2] [D] [thread 23634] [14.0] [cxt 0] Parser 'parser' entering state 'start'
[14:53:24.070] [bmv2] [D] [thread 23634] [14.0] [cxt 0] Extracting header 'ethernet'
[14:53:24.070] [bmv2] [D] [thread 23634] [14.0] [cxt 0] Parser state 'start': key is 86dd
[14:53:24.070] [bmv2] [T] [thread 23634] [14.0] [cxt 0] Bytes parsed: 14
[14:53:24.070] [bmv2] [D] [thread 23634] [14.0] [cxt 0] Parser 'parser': end
[14:53:24.070] [bmv2] [D] [thread 23634] [14.0] [cxt 0] Pipeline 'ingress': start
[14:53:24.070] [bmv2] [T] [thread 23634] [14.0] [cxt 0] basic.p4(139) Condition "hdr.ipv4.isValid()" (node_2) is false
[14:53:24.070] [bmv2] [D] [thread 23634] [14.0] [cxt 0] Pipeline 'ingress': end
[14:53:24.070] [bmv2] [D] [thread 23634] [14.0] [cxt 0] Egress port is 0
[14:53:24.070] [bmv2] [D] [thread 23635] [14.0] [cxt 0] Pipeline 'egress': start
[14:53:24.070] [bmv2] [T] [thread 23635] [14.0] [cxt 0] Applying table 'tbl_act'
[14:53:24.070] [bmv2] [D] [thread 23635] [14.0] [cxt 0] Looking up key:

[14:53:24.070] [bmv2] [D] [thread 23635] [14.0] [cxt 0] Table 'tbl_act': miss
[14:53:24.070] [bmv2] [D] [thread 23635] [14.0] [cxt 0] Action entry is act - 
[14:53:24.070] [bmv2] [T] [thread 23635] [14.0] [cxt 0] Action act
[14:53:24.070] [bmv2] [T] [thread 23635] [14.0] [cxt 0] Primitive (no source info)
[14:53:24.070] [bmv2] [T] [thread 23635] [14.0] [cxt 0] basic.p4(193) Condition "hdr.ppvr.isValid()" (node_7) is false
[14:53:24.070] [bmv2] [D] [thread 23635] [14.0] [cxt 0] Pipeline 'egress': end
[14:53:24.070] [bmv2] [D] [thread 23635] [14.0] [cxt 0] Deparser 'deparser': start
[14:53:24.070] [bmv2] [T] [thread 23635] [14.0] [cxt 0] Skipping checksum 'cksum' update because condition not met
[14:53:24.070] [bmv2] [D] [thread 23635] [14.0] [cxt 0] Deparsing header 'ethernet'
[14:53:24.070] [bmv2] [D] [thread 23635] [14.0] [cxt 0] Deparser 'deparser': end
[14:53:24.070] [bmv2] [D] [thread 23639] [14.0] [cxt 0] Transmitting packet of size 70 out of port 0
[14:53:24.071] [bmv2] [D] [thread 23634] [15.0] [cxt 0] Processing packet received on port 1
[14:53:24.071] [bmv2] [D] [thread 23634] [15.0] [cxt 0] Parser 'parser': start
[14:53:24.071] [bmv2] [D] [thread 23634] [15.0] [cxt 0] Parser 'parser' entering state 'start'
[14:53:24.071] [bmv2] [D] [thread 23634] [15.0] [cxt 0] Extracting header 'ethernet'
[14:53:24.071] [bmv2] [D] [thread 23634] [15.0] [cxt 0] Parser state 'start': key is 86dd
[14:53:24.071] [bmv2] [T] [thread 23634] [15.0] [cxt 0] Bytes parsed: 14
[14:53:24.071] [bmv2] [D] [thread 23634] [15.0] [cxt 0] Parser 'parser': end
[14:53:24.071] [bmv2] [D] [thread 23634] [15.0] [cxt 0] Pipeline 'ingress': start
[14:53:24.071] [bmv2] [T] [thread 23634] [15.0] [cxt 0] basic.p4(139) Condition "hdr.ipv4.isValid()" (node_2) is false
[14:53:24.071] [bmv2] [D] [thread 23634] [15.0] [cxt 0] Pipeline 'ingress': end
[14:53:24.071] [bmv2] [D] [thread 23634] [15.0] [cxt 0] Egress port is 0
[14:53:24.071] [bmv2] [D] [thread 23635] [15.0] [cxt 0] Pipeline 'egress': start
[14:53:24.071] [bmv2] [T] [thread 23635] [15.0] [cxt 0] Applying table 'tbl_act'
[14:53:24.071] [bmv2] [D] [thread 23635] [15.0] [cxt 0] Looking up key:

[14:53:24.071] [bmv2] [D] [thread 23635] [15.0] [cxt 0] Table 'tbl_act': miss
[14:53:24.071] [bmv2] [D] [thread 23635] [15.0] [cxt 0] Action entry is act - 
[14:53:24.071] [bmv2] [T] [thread 23635] [15.0] [cxt 0] Action act
[14:53:24.071] [bmv2] [T] [thread 23635] [15.0] [cxt 0] Primitive (no source info)
[14:53:24.071] [bmv2] [T] [thread 23635] [15.0] [cxt 0] basic.p4(193) Condition "hdr.ppvr.isValid()" (node_7) is false
[14:53:24.071] [bmv2] [D] [thread 23635] [15.0] [cxt 0] Pipeline 'egress': end
[14:53:24.071] [bmv2] [D] [thread 23635] [15.0] [cxt 0] Deparser 'deparser': start
[14:53:24.071] [bmv2] [T] [thread 23635] [15.0] [cxt 0] Skipping checksum 'cksum' update because condition not met
[14:53:24.071] [bmv2] [D] [thread 23635] [15.0] [cxt 0] Deparsing header 'ethernet'
[14:53:24.071] [bmv2] [D] [thread 23635] [15.0] [cxt 0] Deparser 'deparser': end
[14:53:24.071] [bmv2] [D] [thread 23639] [15.0] [cxt 0] Transmitting packet of size 70 out of port 0
[14:53:50.690] [bmv2] [D] [thread 23634] [16.0] [cxt 0] Processing packet received on port 1
[14:53:50.690] [bmv2] [D] [thread 23634] [16.0] [cxt 0] Parser 'parser': start
[14:53:50.690] [bmv2] [D] [thread 23634] [16.0] [cxt 0] Parser 'parser' entering state 'start'
[14:53:50.690] [bmv2] [D] [thread 23634] [16.0] [cxt 0] Extracting header 'ethernet'
[14:53:50.690] [bmv2] [D] [thread 23634] [16.0] [cxt 0] Parser state 'start': key is 86dd
[14:53:50.690] [bmv2] [T] [thread 23634] [16.0] [cxt 0] Bytes parsed: 14
[14:53:50.690] [bmv2] [D] [thread 23634] [16.0] [cxt 0] Parser 'parser': end
[14:53:50.690] [bmv2] [D] [thread 23634] [16.0] [cxt 0] Pipeline 'ingress': start
[14:53:50.690] [bmv2] [T] [thread 23634] [16.0] [cxt 0] basic.p4(139) Condition "hdr.ipv4.isValid()" (node_2) is false
[14:53:50.690] [bmv2] [D] [thread 23634] [16.0] [cxt 0] Pipeline 'ingress': end
[14:53:50.690] [bmv2] [D] [thread 23634] [16.0] [cxt 0] Egress port is 0
[14:53:50.690] [bmv2] [D] [thread 23635] [16.0] [cxt 0] Pipeline 'egress': start
[14:53:50.690] [bmv2] [T] [thread 23635] [16.0] [cxt 0] Applying table 'tbl_act'
[14:53:50.690] [bmv2] [D] [thread 23635] [16.0] [cxt 0] Looking up key:

[14:53:50.691] [bmv2] [D] [thread 23635] [16.0] [cxt 0] Table 'tbl_act': miss
[14:53:50.691] [bmv2] [D] [thread 23635] [16.0] [cxt 0] Action entry is act - 
[14:53:50.691] [bmv2] [T] [thread 23635] [16.0] [cxt 0] Action act
[14:53:50.691] [bmv2] [T] [thread 23635] [16.0] [cxt 0] Primitive (no source info)
[14:53:50.691] [bmv2] [T] [thread 23635] [16.0] [cxt 0] basic.p4(193) Condition "hdr.ppvr.isValid()" (node_7) is false
[14:53:50.691] [bmv2] [D] [thread 23635] [16.0] [cxt 0] Pipeline 'egress': end
[14:53:50.691] [bmv2] [D] [thread 23635] [16.0] [cxt 0] Deparser 'deparser': start
[14:53:50.691] [bmv2] [T] [thread 23635] [16.0] [cxt 0] Skipping checksum 'cksum' update because condition not met
[14:53:50.691] [bmv2] [D] [thread 23635] [16.0] [cxt 0] Deparsing header 'ethernet'
[14:53:50.691] [bmv2] [D] [thread 23635] [16.0] [cxt 0] Deparser 'deparser': end
[14:53:50.691] [bmv2] [D] [thread 23639] [16.0] [cxt 0] Transmitting packet of size 70 out of port 0
[14:53:54.794] [bmv2] [D] [thread 23634] [17.0] [cxt 0] Processing packet received on port 2
[14:53:54.794] [bmv2] [D] [thread 23634] [17.0] [cxt 0] Parser 'parser': start
[14:53:54.794] [bmv2] [D] [thread 23634] [17.0] [cxt 0] Parser 'parser' entering state 'start'
[14:53:54.794] [bmv2] [D] [thread 23634] [17.0] [cxt 0] Extracting header 'ethernet'
[14:53:54.794] [bmv2] [D] [thread 23634] [17.0] [cxt 0] Parser state 'start': key is 86dd
[14:53:54.794] [bmv2] [T] [thread 23634] [17.0] [cxt 0] Bytes parsed: 14
[14:53:54.794] [bmv2] [D] [thread 23634] [17.0] [cxt 0] Parser 'parser': end
[14:53:54.794] [bmv2] [D] [thread 23634] [17.0] [cxt 0] Pipeline 'ingress': start
[14:53:54.794] [bmv2] [T] [thread 23634] [17.0] [cxt 0] basic.p4(139) Condition "hdr.ipv4.isValid()" (node_2) is false
[14:53:54.794] [bmv2] [D] [thread 23634] [17.0] [cxt 0] Pipeline 'ingress': end
[14:53:54.794] [bmv2] [D] [thread 23634] [17.0] [cxt 0] Egress port is 0
[14:53:54.794] [bmv2] [D] [thread 23635] [17.0] [cxt 0] Pipeline 'egress': start
[14:53:54.794] [bmv2] [T] [thread 23635] [17.0] [cxt 0] Applying table 'tbl_act'
[14:53:54.794] [bmv2] [D] [thread 23635] [17.0] [cxt 0] Looking up key:

[14:53:54.794] [bmv2] [D] [thread 23635] [17.0] [cxt 0] Table 'tbl_act': miss
[14:53:54.794] [bmv2] [D] [thread 23635] [17.0] [cxt 0] Action entry is act - 
[14:53:54.794] [bmv2] [T] [thread 23635] [17.0] [cxt 0] Action act
[14:53:54.794] [bmv2] [T] [thread 23635] [17.0] [cxt 0] Primitive (no source info)
[14:53:54.794] [bmv2] [T] [thread 23635] [17.0] [cxt 0] basic.p4(193) Condition "hdr.ppvr.isValid()" (node_7) is false
[14:53:54.794] [bmv2] [D] [thread 23635] [17.0] [cxt 0] Pipeline 'egress': end
[14:53:54.794] [bmv2] [D] [thread 23635] [17.0] [cxt 0] Deparser 'deparser': start
[14:53:54.794] [bmv2] [T] [thread 23635] [17.0] [cxt 0] Skipping checksum 'cksum' update because condition not met
[14:53:54.794] [bmv2] [D] [thread 23635] [17.0] [cxt 0] Deparsing header 'ethernet'
[14:53:54.794] [bmv2] [D] [thread 23635] [17.0] [cxt 0] Deparser 'deparser': end
[14:53:54.794] [bmv2] [D] [thread 23639] [17.0] [cxt 0] Transmitting packet of size 70 out of port 0
[14:53:56.834] [bmv2] [D] [thread 23634] [18.0] [cxt 0] Processing packet received on port 2
[14:53:56.834] [bmv2] [D] [thread 23634] [18.0] [cxt 0] Parser 'parser': start
[14:53:56.834] [bmv2] [D] [thread 23634] [18.0] [cxt 0] Parser 'parser' entering state 'start'
[14:53:56.834] [bmv2] [D] [thread 23634] [18.0] [cxt 0] Extracting header 'ethernet'
[14:53:56.834] [bmv2] [D] [thread 23634] [18.0] [cxt 0] Parser state 'start': key is 86dd
[14:53:56.834] [bmv2] [T] [thread 23634] [18.0] [cxt 0] Bytes parsed: 14
[14:53:56.834] [bmv2] [D] [thread 23634] [18.0] [cxt 0] Parser 'parser': end
[14:53:56.834] [bmv2] [D] [thread 23634] [18.0] [cxt 0] Pipeline 'ingress': start
[14:53:56.834] [bmv2] [T] [thread 23634] [18.0] [cxt 0] basic.p4(139) Condition "hdr.ipv4.isValid()" (node_2) is false
[14:53:56.834] [bmv2] [D] [thread 23634] [18.0] [cxt 0] Pipeline 'ingress': end
[14:53:56.834] [bmv2] [D] [thread 23634] [18.0] [cxt 0] Egress port is 0
[14:53:56.835] [bmv2] [D] [thread 23635] [18.0] [cxt 0] Pipeline 'egress': start
[14:53:56.835] [bmv2] [T] [thread 23635] [18.0] [cxt 0] Applying table 'tbl_act'
[14:53:56.835] [bmv2] [D] [thread 23635] [18.0] [cxt 0] Looking up key:

[14:53:56.835] [bmv2] [D] [thread 23635] [18.0] [cxt 0] Table 'tbl_act': miss
[14:53:56.835] [bmv2] [D] [thread 23635] [18.0] [cxt 0] Action entry is act - 
[14:53:56.835] [bmv2] [T] [thread 23635] [18.0] [cxt 0] Action act
[14:53:56.835] [bmv2] [T] [thread 23635] [18.0] [cxt 0] Primitive (no source info)
[14:53:56.835] [bmv2] [T] [thread 23635] [18.0] [cxt 0] basic.p4(193) Condition "hdr.ppvr.isValid()" (node_7) is false
[14:53:56.835] [bmv2] [D] [thread 23635] [18.0] [cxt 0] Pipeline 'egress': end
[14:53:56.835] [bmv2] [D] [thread 23635] [18.0] [cxt 0] Deparser 'deparser': start
[14:53:56.835] [bmv2] [T] [thread 23635] [18.0] [cxt 0] Skipping checksum 'cksum' update because condition not met
[14:53:56.835] [bmv2] [D] [thread 23635] [18.0] [cxt 0] Deparsing header 'ethernet'
[14:53:56.835] [bmv2] [D] [thread 23635] [18.0] [cxt 0] Deparser 'deparser': end
[14:53:56.835] [bmv2] [D] [thread 23639] [18.0] [cxt 0] Transmitting packet of size 70 out of port 0
[14:53:56.838] [bmv2] [D] [thread 23634] [19.0] [cxt 0] Processing packet received on port 1
[14:53:56.839] [bmv2] [D] [thread 23634] [19.0] [cxt 0] Parser 'parser': start
[14:53:56.839] [bmv2] [D] [thread 23634] [19.0] [cxt 0] Parser 'parser' entering state 'start'
[14:53:56.839] [bmv2] [D] [thread 23634] [19.0] [cxt 0] Extracting header 'ethernet'
[14:53:56.839] [bmv2] [D] [thread 23634] [19.0] [cxt 0] Parser state 'start': key is 86dd
[14:53:56.839] [bmv2] [T] [thread 23634] [19.0] [cxt 0] Bytes parsed: 14
[14:53:56.839] [bmv2] [D] [thread 23634] [19.0] [cxt 0] Parser 'parser': end
[14:53:56.839] [bmv2] [D] [thread 23634] [19.0] [cxt 0] Pipeline 'ingress': start
[14:53:56.839] [bmv2] [T] [thread 23634] [19.0] [cxt 0] basic.p4(139) Condition "hdr.ipv4.isValid()" (node_2) is false
[14:53:56.839] [bmv2] [D] [thread 23634] [19.0] [cxt 0] Pipeline 'ingress': end
[14:53:56.839] [bmv2] [D] [thread 23634] [19.0] [cxt 0] Egress port is 0
[14:53:56.839] [bmv2] [D] [thread 23635] [19.0] [cxt 0] Pipeline 'egress': start
[14:53:56.839] [bmv2] [T] [thread 23635] [19.0] [cxt 0] Applying table 'tbl_act'
[14:53:56.839] [bmv2] [D] [thread 23635] [19.0] [cxt 0] Looking up key:

[14:53:56.839] [bmv2] [D] [thread 23635] [19.0] [cxt 0] Table 'tbl_act': miss
[14:53:56.839] [bmv2] [D] [thread 23635] [19.0] [cxt 0] Action entry is act - 
[14:53:56.839] [bmv2] [T] [thread 23635] [19.0] [cxt 0] Action act
[14:53:56.839] [bmv2] [T] [thread 23635] [19.0] [cxt 0] Primitive (no source info)
[14:53:56.839] [bmv2] [T] [thread 23635] [19.0] [cxt 0] basic.p4(193) Condition "hdr.ppvr.isValid()" (node_7) is false
[14:53:56.839] [bmv2] [D] [thread 23635] [19.0] [cxt 0] Pipeline 'egress': end
[14:53:56.839] [bmv2] [D] [thread 23635] [19.0] [cxt 0] Deparser 'deparser': start
[14:53:56.839] [bmv2] [T] [thread 23635] [19.0] [cxt 0] Skipping checksum 'cksum' update because condition not met
[14:53:56.839] [bmv2] [D] [thread 23635] [19.0] [cxt 0] Deparsing header 'ethernet'
[14:53:56.839] [bmv2] [D] [thread 23635] [19.0] [cxt 0] Deparser 'deparser': end
[14:53:56.839] [bmv2] [D] [thread 23639] [19.0] [cxt 0] Transmitting packet of size 70 out of port 0
open: No such file or directory
open: No such file or directory
open: No such file or directory
open: No such file or directory
open: No such file or directory
